[1;35mLoading service daemon configuration from /Users/Sofa/Desktop/Innopolis/MLOps/ApartmentPrice/services/zenml/zen_server/local/service.json[0m
[1;35mStarting ZenML Server as blocking process... press CTRL+C once to stop it.[0m
INFO:     Started server process [28587]
INFO:     Waiting for application startup.
INFO:     Application startup complete.
INFO:     Uvicorn running on http://127.0.0.1:8237 (Press CTRL+C to quit)
INFO:     127.0.0.1:55606 - "HEAD /health HTTP/1.1" 200 OK
INFO:     127.0.0.1:55607 - "HEAD /health HTTP/1.1" 200 OK
INFO:     127.0.0.1:55608 - "HEAD /health HTTP/1.1" 200 OK
INFO:     127.0.0.1:55609 - "HEAD /health HTTP/1.1" 200 OK
INFO:     127.0.0.1:55610 - "HEAD /health HTTP/1.1" 200 OK
INFO:     127.0.0.1:55611 - "HEAD /health HTTP/1.1" 200 OK
INFO:     127.0.0.1:55612 - "POST /api/v1/login HTTP/1.1" 200 OK
INFO:     127.0.0.1:55613 - "GET /api/v1/info HTTP/1.1" 200 OK
INFO:     127.0.0.1:55613 - "GET /api/v1/workspaces/default?hydrate=True HTTP/1.1" 200 OK
INFO:     127.0.0.1:55613 - "GET /api/v1/stacks/9be8546d-b4d6-4b4a-9510-c0a6c9727025?hydrate=True HTTP/1.1" 200 OK
INFO:     127.0.0.1:55613 - "GET /api/v1/info HTTP/1.1" 200 OK
INFO:     127.0.0.1:55613 - "GET /api/v1/current-user?hydrate=True HTTP/1.1" 200 OK
INFO:     127.0.0.1:55613 - "GET /api/v1/info HTTP/1.1" 200 OK
INFO:     127.0.0.1:55615 - "GET /login?username=default HTTP/1.1" 200 OK
INFO:     127.0.0.1:55615 - "GET /api/v1/info HTTP/1.1" 200 OK
INFO:     127.0.0.1:55618 - "GET /api/v1/info HTTP/1.1" 200 OK
INFO:     127.0.0.1:55618 - "GET /api/v1/workspaces/default?hydrate=True HTTP/1.1" 200 OK
INFO:     127.0.0.1:55618 - "GET /api/v1/stacks/9be8546d-b4d6-4b4a-9510-c0a6c9727025?hydrate=True HTTP/1.1" 200 OK
INFO:     127.0.0.1:55618 - "GET /api/v1/stacks/9be8546d-b4d6-4b4a-9510-c0a6c9727025?hydrate=True HTTP/1.1" 200 OK
INFO:     127.0.0.1:55618 - "GET /api/v1/flavors?hydrate=False&sort_by=created&logical_operator=and&page=1&size=20&scope_workspace=05b7f7ca-9aa1-4810-a73e-e935b0731b2a&name=local&type=orchestrator HTTP/1.1" 200 OK
INFO:     127.0.0.1:55618 - "GET /api/v1/flavors/913a8fba-ef8f-4af8-afc2-55f4026b3e6f?hydrate=True HTTP/1.1" 200 OK
INFO:     127.0.0.1:55618 - "GET /api/v1/components/952f0d60-cf9d-4a06-a1a2-8ba1747ba516?hydrate=True HTTP/1.1" 200 OK
INFO:     127.0.0.1:55618 - "GET /api/v1/flavors?hydrate=False&sort_by=created&logical_operator=and&page=1&size=20&scope_workspace=05b7f7ca-9aa1-4810-a73e-e935b0731b2a&name=local&type=artifact_store HTTP/1.1" 200 OK
INFO:     127.0.0.1:55618 - "GET /api/v1/flavors/56152d6c-2acd-4593-b993-aa3fa87c206c?hydrate=True HTTP/1.1" 200 OK
INFO:     127.0.0.1:55618 - "GET /api/v1/components/ed545902-2904-4723-ae5a-b0ffefd4a9c0?hydrate=True HTTP/1.1" 200 OK
INFO:     127.0.0.1:55618 - "GET /api/v1/code_repositories?hydrate=False&sort_by=created&logical_operator=and&page=1&size=20&scope_workspace=05b7f7ca-9aa1-4810-a73e-e935b0731b2a HTTP/1.1" 200 OK
INFO:     127.0.0.1:55618 - "GET /api/v1/code_repositories?hydrate=False&sort_by=created&logical_operator=and&page=1&size=20&scope_workspace=05b7f7ca-9aa1-4810-a73e-e935b0731b2a HTTP/1.1" 200 OK
INFO:     127.0.0.1:55618 - "GET /api/v1/code_repositories?hydrate=False&sort_by=created&logical_operator=and&page=1&size=20&scope_workspace=05b7f7ca-9aa1-4810-a73e-e935b0731b2a HTTP/1.1" 200 OK
INFO:     127.0.0.1:55618 - "GET /api/v1/code_repositories?hydrate=False&sort_by=created&logical_operator=and&page=1&size=20&scope_workspace=05b7f7ca-9aa1-4810-a73e-e935b0731b2a HTTP/1.1" 200 OK
INFO:     127.0.0.1:55618 - "GET /api/v1/info HTTP/1.1" 200 OK
INFO:     127.0.0.1:55618 - "GET /api/v1/code_repositories?hydrate=False&sort_by=created&logical_operator=and&page=1&size=20&scope_workspace=05b7f7ca-9aa1-4810-a73e-e935b0731b2a HTTP/1.1" 200 OK
INFO:     127.0.0.1:55618 - "GET /api/v1/pipelines?hydrate=False&sort_by=desc%3Acreated&logical_operator=and&page=1&size=1&scope_workspace=05b7f7ca-9aa1-4810-a73e-e935b0731b2a&name=prepare_data_pipeline&version_hash=ba5b6c84dbbaff9de3a7a8cedde7b1e0 HTTP/1.1" 200 OK
INFO:     127.0.0.1:55618 - "GET /api/v1/stacks/9be8546d-b4d6-4b4a-9510-c0a6c9727025?hydrate=True HTTP/1.1" 200 OK
INFO:     127.0.0.1:55618 - "GET /api/v1/flavors?hydrate=False&sort_by=created&logical_operator=and&page=1&size=20&scope_workspace=05b7f7ca-9aa1-4810-a73e-e935b0731b2a&name=local&type=orchestrator HTTP/1.1" 200 OK
INFO:     127.0.0.1:55618 - "GET /api/v1/flavors/913a8fba-ef8f-4af8-afc2-55f4026b3e6f?hydrate=True HTTP/1.1" 200 OK
INFO:     127.0.0.1:55618 - "GET /api/v1/components/952f0d60-cf9d-4a06-a1a2-8ba1747ba516?hydrate=True HTTP/1.1" 200 OK
INFO:     127.0.0.1:55618 - "GET /api/v1/flavors?hydrate=False&sort_by=created&logical_operator=and&page=1&size=20&scope_workspace=05b7f7ca-9aa1-4810-a73e-e935b0731b2a&name=local&type=artifact_store HTTP/1.1" 200 OK
INFO:     127.0.0.1:55618 - "GET /api/v1/flavors/56152d6c-2acd-4593-b993-aa3fa87c206c?hydrate=True HTTP/1.1" 200 OK
INFO:     127.0.0.1:55618 - "GET /api/v1/components/ed545902-2904-4723-ae5a-b0ffefd4a9c0?hydrate=True HTTP/1.1" 200 OK
INFO:     127.0.0.1:55618 - "GET /api/v1/code_repositories?hydrate=False&sort_by=created&logical_operator=and&page=1&size=20&scope_workspace=05b7f7ca-9aa1-4810-a73e-e935b0731b2a HTTP/1.1" 200 OK
INFO:     127.0.0.1:55618 - "GET /api/v1/stacks/9be8546d-b4d6-4b4a-9510-c0a6c9727025?hydrate=True HTTP/1.1" 200 OK
INFO:     127.0.0.1:55618 - "GET /api/v1/flavors?hydrate=False&sort_by=created&logical_operator=and&page=1&size=20&scope_workspace=05b7f7ca-9aa1-4810-a73e-e935b0731b2a&name=local&type=orchestrator HTTP/1.1" 200 OK
INFO:     127.0.0.1:55618 - "GET /api/v1/flavors/913a8fba-ef8f-4af8-afc2-55f4026b3e6f?hydrate=True HTTP/1.1" 200 OK
INFO:     127.0.0.1:55618 - "GET /api/v1/components/952f0d60-cf9d-4a06-a1a2-8ba1747ba516?hydrate=True HTTP/1.1" 200 OK
INFO:     127.0.0.1:55618 - "GET /api/v1/flavors?hydrate=False&sort_by=created&logical_operator=and&page=1&size=20&scope_workspace=05b7f7ca-9aa1-4810-a73e-e935b0731b2a&name=local&type=artifact_store HTTP/1.1" 200 OK
INFO:     127.0.0.1:55618 - "GET /api/v1/flavors/56152d6c-2acd-4593-b993-aa3fa87c206c?hydrate=True HTTP/1.1" 200 OK
INFO:     127.0.0.1:55618 - "GET /api/v1/components/ed545902-2904-4723-ae5a-b0ffefd4a9c0?hydrate=True HTTP/1.1" 200 OK
INFO:     127.0.0.1:55618 - "GET /api/v1/current-user?hydrate=True HTTP/1.1" 200 OK
INFO:     127.0.0.1:55618 - "POST /api/v1/workspaces/05b7f7ca-9aa1-4810-a73e-e935b0731b2a/pipeline_deployments HTTP/1.1" 200 OK
INFO:     127.0.0.1:55618 - "GET /api/v1/stacks/9be8546d-b4d6-4b4a-9510-c0a6c9727025?hydrate=True HTTP/1.1" 200 OK
INFO:     127.0.0.1:55618 - "GET /api/v1/stacks/9be8546d-b4d6-4b4a-9510-c0a6c9727025?hydrate=True HTTP/1.1" 200 OK
INFO:     127.0.0.1:55618 - "GET /api/v1/api_token?pipeline_id=247e17e7-7b70-4c29-ad8e-6b7a852cf137&expires_minutes=1440 HTTP/1.1" 200 OK
INFO:     127.0.0.1:55618 - "GET /api/v1/stacks/9be8546d-b4d6-4b4a-9510-c0a6c9727025?hydrate=True HTTP/1.1" 200 OK
INFO:     127.0.0.1:55618 - "GET /api/v1/flavors?hydrate=False&sort_by=created&logical_operator=and&page=1&size=20&scope_workspace=05b7f7ca-9aa1-4810-a73e-e935b0731b2a&name=local&type=orchestrator HTTP/1.1" 200 OK
INFO:     127.0.0.1:55618 - "GET /api/v1/flavors/913a8fba-ef8f-4af8-afc2-55f4026b3e6f?hydrate=True HTTP/1.1" 200 OK
INFO:     127.0.0.1:55618 - "GET /api/v1/components/952f0d60-cf9d-4a06-a1a2-8ba1747ba516?hydrate=True HTTP/1.1" 200 OK
INFO:     127.0.0.1:55618 - "GET /api/v1/flavors?hydrate=False&sort_by=created&logical_operator=and&page=1&size=20&scope_workspace=05b7f7ca-9aa1-4810-a73e-e935b0731b2a&name=local&type=artifact_store HTTP/1.1" 200 OK
INFO:     127.0.0.1:55618 - "GET /api/v1/flavors/56152d6c-2acd-4593-b993-aa3fa87c206c?hydrate=True HTTP/1.1" 200 OK
INFO:     127.0.0.1:55618 - "GET /api/v1/components/ed545902-2904-4723-ae5a-b0ffefd4a9c0?hydrate=True HTTP/1.1" 200 OK
INFO:     127.0.0.1:55618 - "POST /api/v1/workspaces/05b7f7ca-9aa1-4810-a73e-e935b0731b2a/runs/get-or-create HTTP/1.1" 200 OK
INFO:     127.0.0.1:55618 - "GET /api/v1/steps?hydrate=False&sort_by=created&logical_operator=and&page=1&size=20&scope_workspace=05b7f7ca-9aa1-4810-a73e-e935b0731b2a&pipeline_run_id=a2ea3a9c-691f-4c29-a050-cf42d9a22522 HTTP/1.1" 200 OK
INFO:     127.0.0.1:55618 - "POST /api/v1/steps HTTP/1.1" 200 OK
INFO:     127.0.0.1:55618 - "GET /api/v1/stacks/9be8546d-b4d6-4b4a-9510-c0a6c9727025?hydrate=True HTTP/1.1" 200 OK
INFO:     127.0.0.1:55618 - "GET /api/v1/flavors?hydrate=False&sort_by=created&logical_operator=and&page=1&size=20&scope_workspace=05b7f7ca-9aa1-4810-a73e-e935b0731b2a&name=local&type=orchestrator HTTP/1.1" 200 OK
INFO:     127.0.0.1:55618 - "GET /api/v1/flavors/913a8fba-ef8f-4af8-afc2-55f4026b3e6f?hydrate=True HTTP/1.1" 200 OK
INFO:     127.0.0.1:55618 - "GET /api/v1/components/952f0d60-cf9d-4a06-a1a2-8ba1747ba516?hydrate=True HTTP/1.1" 200 OK
INFO:     127.0.0.1:55618 - "GET /api/v1/flavors?hydrate=False&sort_by=created&logical_operator=and&page=1&size=20&scope_workspace=05b7f7ca-9aa1-4810-a73e-e935b0731b2a&name=local&type=artifact_store HTTP/1.1" 200 OK
INFO:     127.0.0.1:55618 - "GET /api/v1/flavors/56152d6c-2acd-4593-b993-aa3fa87c206c?hydrate=True HTTP/1.1" 200 OK
INFO:     127.0.0.1:55618 - "GET /api/v1/components/ed545902-2904-4723-ae5a-b0ffefd4a9c0?hydrate=True HTTP/1.1" 200 OK
INFO:     127.0.0.1:55618 - "GET /api/v1/artifacts?hydrate=False&sort_by=desc%3Aversion_number&logical_operator=and&page=1&size=1&scope_workspace=05b7f7ca-9aa1-4810-a73e-e935b0731b2a&name=extracted_data&only_unused=False HTTP/1.1" 200 OK
INFO:     127.0.0.1:55618 - "GET /api/v1/stacks/9be8546d-b4d6-4b4a-9510-c0a6c9727025?hydrate=True HTTP/1.1" 200 OK
INFO:     127.0.0.1:55618 - "GET /api/v1/flavors?hydrate=False&sort_by=created&logical_operator=and&page=1&size=20&scope_workspace=05b7f7ca-9aa1-4810-a73e-e935b0731b2a&name=local&type=orchestrator HTTP/1.1" 200 OK
INFO:     127.0.0.1:55618 - "GET /api/v1/flavors/913a8fba-ef8f-4af8-afc2-55f4026b3e6f?hydrate=True HTTP/1.1" 200 OK
INFO:     127.0.0.1:55618 - "GET /api/v1/components/952f0d60-cf9d-4a06-a1a2-8ba1747ba516?hydrate=True HTTP/1.1" 200 OK
INFO:     127.0.0.1:55618 - "GET /api/v1/flavors?hydrate=False&sort_by=created&logical_operator=and&page=1&size=20&scope_workspace=05b7f7ca-9aa1-4810-a73e-e935b0731b2a&name=local&type=artifact_store HTTP/1.1" 200 OK
INFO:     127.0.0.1:55618 - "GET /api/v1/flavors/56152d6c-2acd-4593-b993-aa3fa87c206c?hydrate=True HTTP/1.1" 200 OK
INFO:     127.0.0.1:55618 - "GET /api/v1/components/ed545902-2904-4723-ae5a-b0ffefd4a9c0?hydrate=True HTTP/1.1" 200 OK
INFO:     127.0.0.1:55618 - "GET /api/v1/artifacts?hydrate=False&sort_by=created&logical_operator=and&page=1&size=1&scope_workspace=05b7f7ca-9aa1-4810-a73e-e935b0731b2a&uri=%2FUsers%2FSofa%2FDesktop%2FInnopolis%2FMLOps%2FApartmentPrice%2Fservices%2Fzenml%2Flocal_stores%2Fed545902-2904-4723-ae5a-b0ffefd4a9c0%2Fextract%2Fextracted_data%2F4ccd6469-93f8-4aae-904e-7adce142abc4&only_unused=False HTTP/1.1" 200 OK
INFO:     127.0.0.1:55618 - "POST /api/v1/artifacts HTTP/1.1" 200 OK
INFO:     127.0.0.1:55618 - "POST /api/v1/workspaces/05b7f7ca-9aa1-4810-a73e-e935b0731b2a/run-metadata HTTP/1.1" 200 OK
INFO:     127.0.0.1:55618 - "GET /api/v1/artifacts?hydrate=False&sort_by=desc%3Aversion_number&logical_operator=and&page=1&size=1&scope_workspace=05b7f7ca-9aa1-4810-a73e-e935b0731b2a&name=data_version&only_unused=False HTTP/1.1" 200 OK
INFO:     127.0.0.1:55618 - "GET /api/v1/stacks/9be8546d-b4d6-4b4a-9510-c0a6c9727025?hydrate=True HTTP/1.1" 200 OK
INFO:     127.0.0.1:55618 - "GET /api/v1/flavors?hydrate=False&sort_by=created&logical_operator=and&page=1&size=20&scope_workspace=05b7f7ca-9aa1-4810-a73e-e935b0731b2a&name=local&type=orchestrator HTTP/1.1" 200 OK
INFO:     127.0.0.1:55618 - "GET /api/v1/flavors/913a8fba-ef8f-4af8-afc2-55f4026b3e6f?hydrate=True HTTP/1.1" 200 OK
INFO:     127.0.0.1:55618 - "GET /api/v1/components/952f0d60-cf9d-4a06-a1a2-8ba1747ba516?hydrate=True HTTP/1.1" 200 OK
INFO:     127.0.0.1:55618 - "GET /api/v1/flavors?hydrate=False&sort_by=created&logical_operator=and&page=1&size=20&scope_workspace=05b7f7ca-9aa1-4810-a73e-e935b0731b2a&name=local&type=artifact_store HTTP/1.1" 200 OK
INFO:     127.0.0.1:55618 - "GET /api/v1/flavors/56152d6c-2acd-4593-b993-aa3fa87c206c?hydrate=True HTTP/1.1" 200 OK
INFO:     127.0.0.1:55618 - "GET /api/v1/components/ed545902-2904-4723-ae5a-b0ffefd4a9c0?hydrate=True HTTP/1.1" 200 OK
INFO:     127.0.0.1:55618 - "GET /api/v1/artifacts?hydrate=False&sort_by=created&logical_operator=and&page=1&size=1&scope_workspace=05b7f7ca-9aa1-4810-a73e-e935b0731b2a&uri=%2FUsers%2FSofa%2FDesktop%2FInnopolis%2FMLOps%2FApartmentPrice%2Fservices%2Fzenml%2Flocal_stores%2Fed545902-2904-4723-ae5a-b0ffefd4a9c0%2Fextract%2Fdata_version%2F4ccd6469-93f8-4aae-904e-7adce142abc4&only_unused=False HTTP/1.1" 200 OK
INFO:     127.0.0.1:55618 - "POST /api/v1/artifacts HTTP/1.1" 200 OK
INFO:     127.0.0.1:55618 - "POST /api/v1/workspaces/05b7f7ca-9aa1-4810-a73e-e935b0731b2a/run-metadata HTTP/1.1" 200 OK
INFO:     127.0.0.1:55618 - "PUT /api/v1/steps/4ccd6469-93f8-4aae-904e-7adce142abc4 HTTP/1.1" 200 OK
INFO:     127.0.0.1:55618 - "GET /api/v1/steps?hydrate=False&sort_by=created&logical_operator=and&page=1&size=20&scope_workspace=05b7f7ca-9aa1-4810-a73e-e935b0731b2a&pipeline_run_id=a2ea3a9c-691f-4c29-a050-cf42d9a22522 HTTP/1.1" 200 OK
INFO:     127.0.0.1:55618 - "GET /api/v1/flavors?hydrate=False&sort_by=created&logical_operator=and&page=1&size=20&scope_workspace=05b7f7ca-9aa1-4810-a73e-e935b0731b2a&name=local&type=orchestrator HTTP/1.1" 200 OK
INFO:     127.0.0.1:55618 - "GET /api/v1/flavors/913a8fba-ef8f-4af8-afc2-55f4026b3e6f?hydrate=True HTTP/1.1" 200 OK
INFO:     127.0.0.1:55618 - "GET /api/v1/flavors?hydrate=False&sort_by=created&logical_operator=and&page=1&size=20&scope_workspace=05b7f7ca-9aa1-4810-a73e-e935b0731b2a&name=local&type=artifact_store HTTP/1.1" 200 OK
INFO:     127.0.0.1:55618 - "GET /api/v1/flavors/56152d6c-2acd-4593-b993-aa3fa87c206c?hydrate=True HTTP/1.1" 200 OK
INFO:     127.0.0.1:55618 - "POST /api/v1/workspaces/05b7f7ca-9aa1-4810-a73e-e935b0731b2a/runs/get-or-create HTTP/1.1" 200 OK
INFO:     127.0.0.1:55618 - "GET /api/v1/steps?hydrate=False&sort_by=created&logical_operator=and&page=1&size=20&scope_workspace=05b7f7ca-9aa1-4810-a73e-e935b0731b2a&pipeline_run_id=a2ea3a9c-691f-4c29-a050-cf42d9a22522 HTTP/1.1" 200 OK
INFO:     127.0.0.1:55618 - "POST /api/v1/steps HTTP/1.1" 200 OK
INFO:     127.0.0.1:55618 - "GET /api/v1/stacks/9be8546d-b4d6-4b4a-9510-c0a6c9727025?hydrate=True HTTP/1.1" 200 OK
INFO:     127.0.0.1:55618 - "GET /api/v1/flavors?hydrate=False&sort_by=created&logical_operator=and&page=1&size=20&scope_workspace=05b7f7ca-9aa1-4810-a73e-e935b0731b2a&name=local&type=orchestrator HTTP/1.1" 200 OK
INFO:     127.0.0.1:55618 - "GET /api/v1/flavors/913a8fba-ef8f-4af8-afc2-55f4026b3e6f?hydrate=True HTTP/1.1" 200 OK
INFO:     127.0.0.1:55618 - "GET /api/v1/components/952f0d60-cf9d-4a06-a1a2-8ba1747ba516?hydrate=True HTTP/1.1" 200 OK
INFO:     127.0.0.1:55618 - "GET /api/v1/flavors?hydrate=False&sort_by=created&logical_operator=and&page=1&size=20&scope_workspace=05b7f7ca-9aa1-4810-a73e-e935b0731b2a&name=local&type=artifact_store HTTP/1.1" 200 OK
INFO:     127.0.0.1:55618 - "GET /api/v1/flavors/56152d6c-2acd-4593-b993-aa3fa87c206c?hydrate=True HTTP/1.1" 200 OK
INFO:     127.0.0.1:55618 - "GET /api/v1/components/ed545902-2904-4723-ae5a-b0ffefd4a9c0?hydrate=True HTTP/1.1" 200 OK
INFO:     127.0.0.1:55618 - "GET /api/v1/artifacts/cb86e922-a160-4b76-b352-befc5536b549?hydrate=True HTTP/1.1" 200 OK
INFO:     127.0.0.1:55618 - "GET /api/v1/artifacts?hydrate=False&sort_by=desc%3Aversion_number&logical_operator=and&page=1&size=1&scope_workspace=05b7f7ca-9aa1-4810-a73e-e935b0731b2a&name=input_features&only_unused=False HTTP/1.1" 200 OK
INFO:     127.0.0.1:55618 - "GET /api/v1/stacks/9be8546d-b4d6-4b4a-9510-c0a6c9727025?hydrate=True HTTP/1.1" 200 OK
INFO:     127.0.0.1:55618 - "GET /api/v1/flavors?hydrate=False&sort_by=created&logical_operator=and&page=1&size=20&scope_workspace=05b7f7ca-9aa1-4810-a73e-e935b0731b2a&name=local&type=orchestrator HTTP/1.1" 200 OK
INFO:     127.0.0.1:55618 - "GET /api/v1/flavors/913a8fba-ef8f-4af8-afc2-55f4026b3e6f?hydrate=True HTTP/1.1" 200 OK
INFO:     127.0.0.1:55618 - "GET /api/v1/components/952f0d60-cf9d-4a06-a1a2-8ba1747ba516?hydrate=True HTTP/1.1" 200 OK
INFO:     127.0.0.1:55618 - "GET /api/v1/flavors?hydrate=False&sort_by=created&logical_operator=and&page=1&size=20&scope_workspace=05b7f7ca-9aa1-4810-a73e-e935b0731b2a&name=local&type=artifact_store HTTP/1.1" 200 OK
INFO:     127.0.0.1:55618 - "GET /api/v1/flavors/56152d6c-2acd-4593-b993-aa3fa87c206c?hydrate=True HTTP/1.1" 200 OK
INFO:     127.0.0.1:55618 - "GET /api/v1/components/ed545902-2904-4723-ae5a-b0ffefd4a9c0?hydrate=True HTTP/1.1" 200 OK
INFO:     127.0.0.1:55618 - "GET /api/v1/artifacts?hydrate=False&sort_by=created&logical_operator=and&page=1&size=1&scope_workspace=05b7f7ca-9aa1-4810-a73e-e935b0731b2a&uri=%2FUsers%2FSofa%2FDesktop%2FInnopolis%2FMLOps%2FApartmentPrice%2Fservices%2Fzenml%2Flocal_stores%2Fed545902-2904-4723-ae5a-b0ffefd4a9c0%2Ftransform%2Finput_features%2F31d168f2-8e53-48e2-9114-77b9ce356f01&only_unused=False HTTP/1.1" 200 OK
INFO:     127.0.0.1:55618 - "POST /api/v1/artifacts HTTP/1.1" 200 OK
INFO:     127.0.0.1:55618 - "POST /api/v1/workspaces/05b7f7ca-9aa1-4810-a73e-e935b0731b2a/run-metadata HTTP/1.1" 200 OK
INFO:     127.0.0.1:55618 - "GET /api/v1/artifacts?hydrate=False&sort_by=desc%3Aversion_number&logical_operator=and&page=1&size=1&scope_workspace=05b7f7ca-9aa1-4810-a73e-e935b0731b2a&name=input_target&only_unused=False HTTP/1.1" 200 OK
INFO:     127.0.0.1:55618 - "GET /api/v1/stacks/9be8546d-b4d6-4b4a-9510-c0a6c9727025?hydrate=True HTTP/1.1" 200 OK
INFO:     127.0.0.1:55618 - "GET /api/v1/flavors?hydrate=False&sort_by=created&logical_operator=and&page=1&size=20&scope_workspace=05b7f7ca-9aa1-4810-a73e-e935b0731b2a&name=local&type=orchestrator HTTP/1.1" 200 OK
INFO:     127.0.0.1:55618 - "GET /api/v1/flavors/913a8fba-ef8f-4af8-afc2-55f4026b3e6f?hydrate=True HTTP/1.1" 200 OK
INFO:     127.0.0.1:55618 - "GET /api/v1/components/952f0d60-cf9d-4a06-a1a2-8ba1747ba516?hydrate=True HTTP/1.1" 200 OK
INFO:     127.0.0.1:55618 - "GET /api/v1/flavors?hydrate=False&sort_by=created&logical_operator=and&page=1&size=20&scope_workspace=05b7f7ca-9aa1-4810-a73e-e935b0731b2a&name=local&type=artifact_store HTTP/1.1" 200 OK
INFO:     127.0.0.1:55618 - "GET /api/v1/flavors/56152d6c-2acd-4593-b993-aa3fa87c206c?hydrate=True HTTP/1.1" 200 OK
INFO:     127.0.0.1:55618 - "GET /api/v1/components/ed545902-2904-4723-ae5a-b0ffefd4a9c0?hydrate=True HTTP/1.1" 200 OK
INFO:     127.0.0.1:55618 - "GET /api/v1/artifacts?hydrate=False&sort_by=created&logical_operator=and&page=1&size=1&scope_workspace=05b7f7ca-9aa1-4810-a73e-e935b0731b2a&uri=%2FUsers%2FSofa%2FDesktop%2FInnopolis%2FMLOps%2FApartmentPrice%2Fservices%2Fzenml%2Flocal_stores%2Fed545902-2904-4723-ae5a-b0ffefd4a9c0%2Ftransform%2Finput_target%2F31d168f2-8e53-48e2-9114-77b9ce356f01&only_unused=False HTTP/1.1" 200 OK
INFO:     127.0.0.1:55618 - "POST /api/v1/artifacts HTTP/1.1" 200 OK
INFO:     127.0.0.1:55618 - "POST /api/v1/workspaces/05b7f7ca-9aa1-4810-a73e-e935b0731b2a/run-metadata HTTP/1.1" 200 OK
INFO:     127.0.0.1:55618 - "PUT /api/v1/steps/31d168f2-8e53-48e2-9114-77b9ce356f01 HTTP/1.1" 200 OK
INFO:     127.0.0.1:55618 - "GET /api/v1/steps?hydrate=False&sort_by=created&logical_operator=and&page=1&size=20&scope_workspace=05b7f7ca-9aa1-4810-a73e-e935b0731b2a&pipeline_run_id=a2ea3a9c-691f-4c29-a050-cf42d9a22522 HTTP/1.1" 200 OK
INFO:     127.0.0.1:55618 - "GET /api/v1/flavors?hydrate=False&sort_by=created&logical_operator=and&page=1&size=20&scope_workspace=05b7f7ca-9aa1-4810-a73e-e935b0731b2a&name=local&type=orchestrator HTTP/1.1" 200 OK
INFO:     127.0.0.1:55618 - "GET /api/v1/flavors/913a8fba-ef8f-4af8-afc2-55f4026b3e6f?hydrate=True HTTP/1.1" 200 OK
INFO:     127.0.0.1:55618 - "GET /api/v1/flavors?hydrate=False&sort_by=created&logical_operator=and&page=1&size=20&scope_workspace=05b7f7ca-9aa1-4810-a73e-e935b0731b2a&name=local&type=artifact_store HTTP/1.1" 200 OK
INFO:     127.0.0.1:55618 - "GET /api/v1/flavors/56152d6c-2acd-4593-b993-aa3fa87c206c?hydrate=True HTTP/1.1" 200 OK
INFO:     127.0.0.1:55618 - "POST /api/v1/workspaces/05b7f7ca-9aa1-4810-a73e-e935b0731b2a/runs/get-or-create HTTP/1.1" 200 OK
INFO:     127.0.0.1:55618 - "GET /api/v1/steps?hydrate=False&sort_by=created&logical_operator=and&page=1&size=20&scope_workspace=05b7f7ca-9aa1-4810-a73e-e935b0731b2a&pipeline_run_id=a2ea3a9c-691f-4c29-a050-cf42d9a22522 HTTP/1.1" 200 OK
INFO:     127.0.0.1:55618 - "POST /api/v1/steps HTTP/1.1" 200 OK
INFO:     127.0.0.1:55618 - "GET /api/v1/stacks/9be8546d-b4d6-4b4a-9510-c0a6c9727025?hydrate=True HTTP/1.1" 200 OK
INFO:     127.0.0.1:55618 - "GET /api/v1/flavors?hydrate=False&sort_by=created&logical_operator=and&page=1&size=20&scope_workspace=05b7f7ca-9aa1-4810-a73e-e935b0731b2a&name=local&type=orchestrator HTTP/1.1" 200 OK
INFO:     127.0.0.1:55618 - "GET /api/v1/flavors/913a8fba-ef8f-4af8-afc2-55f4026b3e6f?hydrate=True HTTP/1.1" 200 OK
INFO:     127.0.0.1:55618 - "GET /api/v1/components/952f0d60-cf9d-4a06-a1a2-8ba1747ba516?hydrate=True HTTP/1.1" 200 OK
INFO:     127.0.0.1:55618 - "GET /api/v1/flavors?hydrate=False&sort_by=created&logical_operator=and&page=1&size=20&scope_workspace=05b7f7ca-9aa1-4810-a73e-e935b0731b2a&name=local&type=artifact_store HTTP/1.1" 200 OK
INFO:     127.0.0.1:55618 - "GET /api/v1/flavors/56152d6c-2acd-4593-b993-aa3fa87c206c?hydrate=True HTTP/1.1" 200 OK
INFO:     127.0.0.1:55618 - "GET /api/v1/components/ed545902-2904-4723-ae5a-b0ffefd4a9c0?hydrate=True HTTP/1.1" 200 OK
INFO:     127.0.0.1:55618 - "GET /api/v1/artifacts/ab223683-27a7-4667-b980-734d6e0d7752?hydrate=True HTTP/1.1" 200 OK
INFO:     127.0.0.1:55618 - "GET /api/v1/artifacts/73b49c79-4486-45b9-8a42-deb58716b0e7?hydrate=True HTTP/1.1" 200 OK
INFO:     127.0.0.1:55618 - "GET /api/v1/artifacts?hydrate=False&sort_by=desc%3Aversion_number&logical_operator=and&page=1&size=1&scope_workspace=05b7f7ca-9aa1-4810-a73e-e935b0731b2a&name=valid_input_features&only_unused=False HTTP/1.1" 200 OK
INFO:     127.0.0.1:55618 - "GET /api/v1/stacks/9be8546d-b4d6-4b4a-9510-c0a6c9727025?hydrate=True HTTP/1.1" 200 OK
INFO:     127.0.0.1:55618 - "GET /api/v1/flavors?hydrate=False&sort_by=created&logical_operator=and&page=1&size=20&scope_workspace=05b7f7ca-9aa1-4810-a73e-e935b0731b2a&name=local&type=orchestrator HTTP/1.1" 200 OK
INFO:     127.0.0.1:55618 - "GET /api/v1/flavors/913a8fba-ef8f-4af8-afc2-55f4026b3e6f?hydrate=True HTTP/1.1" 200 OK
INFO:     127.0.0.1:55618 - "GET /api/v1/components/952f0d60-cf9d-4a06-a1a2-8ba1747ba516?hydrate=True HTTP/1.1" 200 OK
INFO:     127.0.0.1:55618 - "GET /api/v1/flavors?hydrate=False&sort_by=created&logical_operator=and&page=1&size=20&scope_workspace=05b7f7ca-9aa1-4810-a73e-e935b0731b2a&name=local&type=artifact_store HTTP/1.1" 200 OK
INFO:     127.0.0.1:55618 - "GET /api/v1/flavors/56152d6c-2acd-4593-b993-aa3fa87c206c?hydrate=True HTTP/1.1" 200 OK
INFO:     127.0.0.1:55618 - "GET /api/v1/components/ed545902-2904-4723-ae5a-b0ffefd4a9c0?hydrate=True HTTP/1.1" 200 OK
INFO:     127.0.0.1:55618 - "GET /api/v1/artifacts?hydrate=False&sort_by=created&logical_operator=and&page=1&size=1&scope_workspace=05b7f7ca-9aa1-4810-a73e-e935b0731b2a&uri=%2FUsers%2FSofa%2FDesktop%2FInnopolis%2FMLOps%2FApartmentPrice%2Fservices%2Fzenml%2Flocal_stores%2Fed545902-2904-4723-ae5a-b0ffefd4a9c0%2Fvalidate%2Fvalid_input_features%2F7c5887b5-78c9-4985-ae5f-c0453b79acc4&only_unused=False HTTP/1.1" 200 OK
INFO:     127.0.0.1:55618 - "POST /api/v1/artifacts HTTP/1.1" 200 OK
INFO:     127.0.0.1:55618 - "POST /api/v1/workspaces/05b7f7ca-9aa1-4810-a73e-e935b0731b2a/run-metadata HTTP/1.1" 200 OK
INFO:     127.0.0.1:55618 - "GET /api/v1/artifacts?hydrate=False&sort_by=desc%3Aversion_number&logical_operator=and&page=1&size=1&scope_workspace=05b7f7ca-9aa1-4810-a73e-e935b0731b2a&name=valid_target&only_unused=False HTTP/1.1" 200 OK
INFO:     127.0.0.1:55618 - "GET /api/v1/stacks/9be8546d-b4d6-4b4a-9510-c0a6c9727025?hydrate=True HTTP/1.1" 200 OK
INFO:     127.0.0.1:55618 - "GET /api/v1/flavors?hydrate=False&sort_by=created&logical_operator=and&page=1&size=20&scope_workspace=05b7f7ca-9aa1-4810-a73e-e935b0731b2a&name=local&type=orchestrator HTTP/1.1" 200 OK
INFO:     127.0.0.1:55618 - "GET /api/v1/flavors/913a8fba-ef8f-4af8-afc2-55f4026b3e6f?hydrate=True HTTP/1.1" 200 OK
INFO:     127.0.0.1:55618 - "GET /api/v1/components/952f0d60-cf9d-4a06-a1a2-8ba1747ba516?hydrate=True HTTP/1.1" 200 OK
INFO:     127.0.0.1:55618 - "GET /api/v1/flavors?hydrate=False&sort_by=created&logical_operator=and&page=1&size=20&scope_workspace=05b7f7ca-9aa1-4810-a73e-e935b0731b2a&name=local&type=artifact_store HTTP/1.1" 200 OK
INFO:     127.0.0.1:55618 - "GET /api/v1/flavors/56152d6c-2acd-4593-b993-aa3fa87c206c?hydrate=True HTTP/1.1" 200 OK
INFO:     127.0.0.1:55618 - "GET /api/v1/components/ed545902-2904-4723-ae5a-b0ffefd4a9c0?hydrate=True HTTP/1.1" 200 OK
INFO:     127.0.0.1:55618 - "GET /api/v1/artifacts?hydrate=False&sort_by=created&logical_operator=and&page=1&size=1&scope_workspace=05b7f7ca-9aa1-4810-a73e-e935b0731b2a&uri=%2FUsers%2FSofa%2FDesktop%2FInnopolis%2FMLOps%2FApartmentPrice%2Fservices%2Fzenml%2Flocal_stores%2Fed545902-2904-4723-ae5a-b0ffefd4a9c0%2Fvalidate%2Fvalid_target%2F7c5887b5-78c9-4985-ae5f-c0453b79acc4&only_unused=False HTTP/1.1" 200 OK
INFO:     127.0.0.1:55618 - "POST /api/v1/artifacts HTTP/1.1" 200 OK
INFO:     127.0.0.1:55618 - "POST /api/v1/workspaces/05b7f7ca-9aa1-4810-a73e-e935b0731b2a/run-metadata HTTP/1.1" 200 OK
INFO:     127.0.0.1:55618 - "PUT /api/v1/steps/7c5887b5-78c9-4985-ae5f-c0453b79acc4 HTTP/1.1" 200 OK
INFO:     127.0.0.1:55618 - "GET /api/v1/steps?hydrate=False&sort_by=created&logical_operator=and&page=1&size=20&scope_workspace=05b7f7ca-9aa1-4810-a73e-e935b0731b2a&pipeline_run_id=a2ea3a9c-691f-4c29-a050-cf42d9a22522 HTTP/1.1" 200 OK
INFO:     127.0.0.1:55618 - "GET /api/v1/flavors?hydrate=False&sort_by=created&logical_operator=and&page=1&size=20&scope_workspace=05b7f7ca-9aa1-4810-a73e-e935b0731b2a&name=local&type=orchestrator HTTP/1.1" 200 OK
INFO:     127.0.0.1:55618 - "GET /api/v1/flavors/913a8fba-ef8f-4af8-afc2-55f4026b3e6f?hydrate=True HTTP/1.1" 200 OK
INFO:     127.0.0.1:55618 - "GET /api/v1/flavors?hydrate=False&sort_by=created&logical_operator=and&page=1&size=20&scope_workspace=05b7f7ca-9aa1-4810-a73e-e935b0731b2a&name=local&type=artifact_store HTTP/1.1" 200 OK
INFO:     127.0.0.1:55618 - "GET /api/v1/flavors/56152d6c-2acd-4593-b993-aa3fa87c206c?hydrate=True HTTP/1.1" 200 OK
INFO:     127.0.0.1:55618 - "POST /api/v1/workspaces/05b7f7ca-9aa1-4810-a73e-e935b0731b2a/runs/get-or-create HTTP/1.1" 200 OK
INFO:     127.0.0.1:55618 - "GET /api/v1/steps?hydrate=False&sort_by=created&logical_operator=and&page=1&size=20&scope_workspace=05b7f7ca-9aa1-4810-a73e-e935b0731b2a&pipeline_run_id=a2ea3a9c-691f-4c29-a050-cf42d9a22522 HTTP/1.1" 200 OK
INFO:     127.0.0.1:55618 - "POST /api/v1/steps HTTP/1.1" 200 OK
INFO:     127.0.0.1:55618 - "GET /api/v1/stacks/9be8546d-b4d6-4b4a-9510-c0a6c9727025?hydrate=True HTTP/1.1" 200 OK
INFO:     127.0.0.1:55618 - "GET /api/v1/flavors?hydrate=False&sort_by=created&logical_operator=and&page=1&size=20&scope_workspace=05b7f7ca-9aa1-4810-a73e-e935b0731b2a&name=local&type=orchestrator HTTP/1.1" 200 OK
INFO:     127.0.0.1:55618 - "GET /api/v1/flavors/913a8fba-ef8f-4af8-afc2-55f4026b3e6f?hydrate=True HTTP/1.1" 200 OK
INFO:     127.0.0.1:55618 - "GET /api/v1/components/952f0d60-cf9d-4a06-a1a2-8ba1747ba516?hydrate=True HTTP/1.1" 200 OK
INFO:     127.0.0.1:55618 - "GET /api/v1/flavors?hydrate=False&sort_by=created&logical_operator=and&page=1&size=20&scope_workspace=05b7f7ca-9aa1-4810-a73e-e935b0731b2a&name=local&type=artifact_store HTTP/1.1" 200 OK
INFO:     127.0.0.1:55618 - "GET /api/v1/flavors/56152d6c-2acd-4593-b993-aa3fa87c206c?hydrate=True HTTP/1.1" 200 OK
INFO:     127.0.0.1:55618 - "GET /api/v1/components/ed545902-2904-4723-ae5a-b0ffefd4a9c0?hydrate=True HTTP/1.1" 200 OK
INFO:     127.0.0.1:55618 - "GET /api/v1/artifacts/0cfaa8ea-c7eb-4bc0-80e1-11f2e4cd73f2?hydrate=True HTTP/1.1" 200 OK
INFO:     127.0.0.1:55618 - "GET /api/v1/artifacts/104da5c9-1e05-448f-a535-879bfaaa4154?hydrate=True HTTP/1.1" 200 OK
INFO:     127.0.0.1:55618 - "GET /api/v1/artifacts/b7614f0e-c999-49b4-8cb6-428e968912c2?hydrate=True HTTP/1.1" 200 OK
INFO:     127.0.0.1:55618 - "GET /api/v1/artifacts?hydrate=False&sort_by=desc%3Aversion_number&logical_operator=and&page=1&size=1&scope_workspace=05b7f7ca-9aa1-4810-a73e-e935b0731b2a&name=features_target&only_unused=False HTTP/1.1" 200 OK
INFO:     127.0.0.1:55618 - "GET /api/v1/stacks/9be8546d-b4d6-4b4a-9510-c0a6c9727025?hydrate=True HTTP/1.1" 200 OK
INFO:     127.0.0.1:55618 - "GET /api/v1/flavors?hydrate=False&sort_by=created&logical_operator=and&page=1&size=20&scope_workspace=05b7f7ca-9aa1-4810-a73e-e935b0731b2a&name=local&type=orchestrator HTTP/1.1" 200 OK
INFO:     127.0.0.1:55618 - "GET /api/v1/flavors/913a8fba-ef8f-4af8-afc2-55f4026b3e6f?hydrate=True HTTP/1.1" 200 OK
INFO:     127.0.0.1:55618 - "GET /api/v1/components/952f0d60-cf9d-4a06-a1a2-8ba1747ba516?hydrate=True HTTP/1.1" 200 OK
INFO:     127.0.0.1:55618 - "GET /api/v1/flavors?hydrate=False&sort_by=created&logical_operator=and&page=1&size=20&scope_workspace=05b7f7ca-9aa1-4810-a73e-e935b0731b2a&name=local&type=artifact_store HTTP/1.1" 200 OK
INFO:     127.0.0.1:55618 - "GET /api/v1/flavors/56152d6c-2acd-4593-b993-aa3fa87c206c?hydrate=True HTTP/1.1" 200 OK
INFO:     127.0.0.1:55618 - "GET /api/v1/components/ed545902-2904-4723-ae5a-b0ffefd4a9c0?hydrate=True HTTP/1.1" 200 OK
INFO:     127.0.0.1:55618 - "POST /api/v1/artifacts HTTP/1.1" 200 OK
INFO:     127.0.0.1:55618 - "POST /api/v1/workspaces/05b7f7ca-9aa1-4810-a73e-e935b0731b2a/run-metadata HTTP/1.1" 200 OK
INFO:     127.0.0.1:55618 - "PUT /api/v1/steps/9ba1f391-a365-4cc4-b0db-f7b706d5b957 HTTP/1.1" 200 OK
INFO:     127.0.0.1:55618 - "GET /api/v1/artifacts?hydrate=False&sort_by=version&logical_operator=and&page=1&size=20&scope_workspace=05b7f7ca-9aa1-4810-a73e-e935b0731b2a&name=features_target&only_unused=False HTTP/1.1" 200 OK
INFO:     127.0.0.1:55618 - "GET /api/v1/artifacts/c6af32b7-7ac2-4422-bb5a-2156e3ff4c01?hydrate=True HTTP/1.1" 200 OK
INFO:     127.0.0.1:55618 - "GET /api/v1/components/ed545902-2904-4723-ae5a-b0ffefd4a9c0?hydrate=True HTTP/1.1" 200 OK
INFO:     127.0.0.1:55618 - "GET /api/v1/flavors?hydrate=False&sort_by=created&logical_operator=and&page=1&size=20&scope_workspace=05b7f7ca-9aa1-4810-a73e-e935b0731b2a&name=local&type=artifact_store HTTP/1.1" 200 OK
INFO:     127.0.0.1:55618 - "GET /api/v1/flavors/56152d6c-2acd-4593-b993-aa3fa87c206c?hydrate=True HTTP/1.1" 200 OK
INFO:     127.0.0.1:55618 - "GET /api/v1/artifacts?hydrate=False&sort_by=desc%3Aversion_number&logical_operator=and&page=1&size=1&scope_workspace=05b7f7ca-9aa1-4810-a73e-e935b0731b2a&name=features&only_unused=False HTTP/1.1" 200 OK
INFO:     127.0.0.1:55618 - "GET /api/v1/stacks/9be8546d-b4d6-4b4a-9510-c0a6c9727025?hydrate=True HTTP/1.1" 200 OK
INFO:     127.0.0.1:55618 - "GET /api/v1/flavors?hydrate=False&sort_by=created&logical_operator=and&page=1&size=20&scope_workspace=05b7f7ca-9aa1-4810-a73e-e935b0731b2a&name=local&type=orchestrator HTTP/1.1" 200 OK
INFO:     127.0.0.1:55618 - "GET /api/v1/flavors/913a8fba-ef8f-4af8-afc2-55f4026b3e6f?hydrate=True HTTP/1.1" 200 OK
INFO:     127.0.0.1:55618 - "GET /api/v1/components/952f0d60-cf9d-4a06-a1a2-8ba1747ba516?hydrate=True HTTP/1.1" 200 OK
INFO:     127.0.0.1:55618 - "GET /api/v1/flavors?hydrate=False&sort_by=created&logical_operator=and&page=1&size=20&scope_workspace=05b7f7ca-9aa1-4810-a73e-e935b0731b2a&name=local&type=artifact_store HTTP/1.1" 200 OK
INFO:     127.0.0.1:55618 - "GET /api/v1/flavors/56152d6c-2acd-4593-b993-aa3fa87c206c?hydrate=True HTTP/1.1" 200 OK
INFO:     127.0.0.1:55618 - "GET /api/v1/components/ed545902-2904-4723-ae5a-b0ffefd4a9c0?hydrate=True HTTP/1.1" 200 OK
INFO:     127.0.0.1:55618 - "GET /api/v1/artifacts?hydrate=False&sort_by=created&logical_operator=and&page=1&size=1&scope_workspace=05b7f7ca-9aa1-4810-a73e-e935b0731b2a&uri=%2FUsers%2FSofa%2FDesktop%2FInnopolis%2FMLOps%2FApartmentPrice%2Fservices%2Fzenml%2Flocal_stores%2Fed545902-2904-4723-ae5a-b0ffefd4a9c0%2Fload%2Ffeatures%2F9ba1f391-a365-4cc4-b0db-f7b706d5b957&only_unused=False HTTP/1.1" 200 OK
INFO:     127.0.0.1:55618 - "POST /api/v1/artifacts HTTP/1.1" 200 OK
INFO:     127.0.0.1:55618 - "POST /api/v1/workspaces/05b7f7ca-9aa1-4810-a73e-e935b0731b2a/run-metadata HTTP/1.1" 200 OK
INFO:     127.0.0.1:55618 - "GET /api/v1/artifacts?hydrate=False&sort_by=desc%3Aversion_number&logical_operator=and&page=1&size=1&scope_workspace=05b7f7ca-9aa1-4810-a73e-e935b0731b2a&name=target&only_unused=False HTTP/1.1" 200 OK
INFO:     127.0.0.1:55618 - "GET /api/v1/stacks/9be8546d-b4d6-4b4a-9510-c0a6c9727025?hydrate=True HTTP/1.1" 200 OK
INFO:     127.0.0.1:55618 - "GET /api/v1/flavors?hydrate=False&sort_by=created&logical_operator=and&page=1&size=20&scope_workspace=05b7f7ca-9aa1-4810-a73e-e935b0731b2a&name=local&type=orchestrator HTTP/1.1" 200 OK
INFO:     127.0.0.1:55618 - "GET /api/v1/flavors/913a8fba-ef8f-4af8-afc2-55f4026b3e6f?hydrate=True HTTP/1.1" 200 OK
INFO:     127.0.0.1:55618 - "GET /api/v1/components/952f0d60-cf9d-4a06-a1a2-8ba1747ba516?hydrate=True HTTP/1.1" 200 OK
INFO:     127.0.0.1:55618 - "GET /api/v1/flavors?hydrate=False&sort_by=created&logical_operator=and&page=1&size=20&scope_workspace=05b7f7ca-9aa1-4810-a73e-e935b0731b2a&name=local&type=artifact_store HTTP/1.1" 200 OK
INFO:     127.0.0.1:55618 - "GET /api/v1/flavors/56152d6c-2acd-4593-b993-aa3fa87c206c?hydrate=True HTTP/1.1" 200 OK
INFO:     127.0.0.1:55618 - "GET /api/v1/components/ed545902-2904-4723-ae5a-b0ffefd4a9c0?hydrate=True HTTP/1.1" 200 OK
INFO:     127.0.0.1:55618 - "GET /api/v1/artifacts?hydrate=False&sort_by=created&logical_operator=and&page=1&size=1&scope_workspace=05b7f7ca-9aa1-4810-a73e-e935b0731b2a&uri=%2FUsers%2FSofa%2FDesktop%2FInnopolis%2FMLOps%2FApartmentPrice%2Fservices%2Fzenml%2Flocal_stores%2Fed545902-2904-4723-ae5a-b0ffefd4a9c0%2Fload%2Ftarget%2F9ba1f391-a365-4cc4-b0db-f7b706d5b957&only_unused=False HTTP/1.1" 200 OK
INFO:     127.0.0.1:55618 - "POST /api/v1/artifacts HTTP/1.1" 200 OK
INFO:     127.0.0.1:55618 - "POST /api/v1/workspaces/05b7f7ca-9aa1-4810-a73e-e935b0731b2a/run-metadata HTTP/1.1" 200 OK
INFO:     127.0.0.1:55618 - "PUT /api/v1/steps/9ba1f391-a365-4cc4-b0db-f7b706d5b957 HTTP/1.1" 200 OK
INFO:     127.0.0.1:55618 - "GET /api/v1/steps?hydrate=False&sort_by=created&logical_operator=and&page=1&size=20&scope_workspace=05b7f7ca-9aa1-4810-a73e-e935b0731b2a&pipeline_run_id=a2ea3a9c-691f-4c29-a050-cf42d9a22522 HTTP/1.1" 200 OK
INFO:     127.0.0.1:55618 - "PUT /api/v1/runs/a2ea3a9c-691f-4c29-a050-cf42d9a22522 HTTP/1.1" 200 OK
INFO:     127.0.0.1:55618 - "GET /api/v1/runs/a2ea3a9c-691f-4c29-a050-cf42d9a22522?hydrate=True HTTP/1.1" 200 OK
INFO:     127.0.0.1:55618 - "GET /api/v1/runs?hydrate=False&sort_by=desc%3Astart_time&logical_operator=and&page=1&size=1&scope_workspace=05b7f7ca-9aa1-4810-a73e-e935b0731b2a&deployment_id=dce5f5e0-04bf-4bbb-a339-5ee6ec652a86 HTTP/1.1" 200 OK
INFO:     127.0.0.1:55618 - "GET /api/v1/current-user?hydrate=True HTTP/1.1" 200 OK
INFO:     127.0.0.1:55618 - "GET /api/v1/info HTTP/1.1" 200 OK
INFO:     127.0.0.1:55632 - "GET /api/v1/info HTTP/1.1" 200 OK
INFO:     127.0.0.1:55632 - "GET /api/v1/workspaces/default?hydrate=True HTTP/1.1" 200 OK
INFO:     127.0.0.1:55632 - "GET /api/v1/stacks/9be8546d-b4d6-4b4a-9510-c0a6c9727025?hydrate=True HTTP/1.1" 200 OK
INFO:     127.0.0.1:55632 - "GET /api/v1/workspaces/default?hydrate=True HTTP/1.1" 200 OK
INFO:     127.0.0.1:55632 - "GET /api/v1/workspaces/default?hydrate=True HTTP/1.1" 200 OK
INFO:     127.0.0.1:55632 - "GET /api/v1/stacks/9be8546d-b4d6-4b4a-9510-c0a6c9727025?hydrate=True HTTP/1.1" 200 OK
INFO:     127.0.0.1:55632 - "GET /api/v1/artifacts?hydrate=False&sort_by=created&logical_operator=and&page=1&size=20&scope_workspace=05b7f7ca-9aa1-4810-a73e-e935b0731b2a&name=features_target&version=1&only_unused=False HTTP/1.1" 200 OK
INFO:     127.0.0.1:55632 - "GET /api/v1/artifacts/c6af32b7-7ac2-4422-bb5a-2156e3ff4c01?hydrate=True HTTP/1.1" 200 OK
INFO:     127.0.0.1:55632 - "GET /api/v1/components/ed545902-2904-4723-ae5a-b0ffefd4a9c0?hydrate=True HTTP/1.1" 200 OK
INFO:     127.0.0.1:55632 - "GET /api/v1/flavors?hydrate=False&sort_by=created&logical_operator=and&page=1&size=20&scope_workspace=05b7f7ca-9aa1-4810-a73e-e935b0731b2a&name=local&type=artifact_store HTTP/1.1" 200 OK
INFO:     127.0.0.1:55632 - "GET /api/v1/flavors/56152d6c-2acd-4593-b993-aa3fa87c206c?hydrate=True HTTP/1.1" 200 OK
INFO:     127.0.0.1:55632 - "GET /api/v1/artifacts?hydrate=False&sort_by=created&logical_operator=and&page=1&size=20&scope_workspace=05b7f7ca-9aa1-4810-a73e-e935b0731b2a&name=features_target&version=1&only_unused=False HTTP/1.1" 200 OK
INFO:     127.0.0.1:55632 - "GET /api/v1/artifacts/c6af32b7-7ac2-4422-bb5a-2156e3ff4c01?hydrate=True HTTP/1.1" 200 OK
INFO:     127.0.0.1:55632 - "GET /api/v1/components/ed545902-2904-4723-ae5a-b0ffefd4a9c0?hydrate=True HTTP/1.1" 200 OK
INFO:     127.0.0.1:55632 - "GET /api/v1/flavors?hydrate=False&sort_by=created&logical_operator=and&page=1&size=20&scope_workspace=05b7f7ca-9aa1-4810-a73e-e935b0731b2a&name=local&type=artifact_store HTTP/1.1" 200 OK
INFO:     127.0.0.1:55632 - "GET /api/v1/flavors/56152d6c-2acd-4593-b993-aa3fa87c206c?hydrate=True HTTP/1.1" 200 OK
INFO:     127.0.0.1:55692 - "GET /api/v1/info HTTP/1.1" 200 OK
INFO:     127.0.0.1:55692 - "GET /api/v1/workspaces/default?hydrate=True HTTP/1.1" 200 OK
INFO:     127.0.0.1:55692 - "GET /api/v1/stacks/9be8546d-b4d6-4b4a-9510-c0a6c9727025?hydrate=True HTTP/1.1" 200 OK
INFO:     127.0.0.1:55692 - "GET /api/v1/workspaces/default?hydrate=True HTTP/1.1" 200 OK
INFO:     127.0.0.1:55692 - "GET /api/v1/workspaces/default?hydrate=True HTTP/1.1" 200 OK
INFO:     127.0.0.1:55692 - "GET /api/v1/stacks/9be8546d-b4d6-4b4a-9510-c0a6c9727025?hydrate=True HTTP/1.1" 200 OK
INFO:     127.0.0.1:55692 - "GET /api/v1/artifacts?hydrate=False&sort_by=created&logical_operator=and&page=1&size=20&scope_workspace=05b7f7ca-9aa1-4810-a73e-e935b0731b2a&name=features_target&version=1&only_unused=False HTTP/1.1" 200 OK
INFO:     127.0.0.1:55692 - "GET /api/v1/artifacts/c6af32b7-7ac2-4422-bb5a-2156e3ff4c01?hydrate=True HTTP/1.1" 200 OK
INFO:     127.0.0.1:55692 - "GET /api/v1/components/ed545902-2904-4723-ae5a-b0ffefd4a9c0?hydrate=True HTTP/1.1" 200 OK
INFO:     127.0.0.1:55692 - "GET /api/v1/flavors?hydrate=False&sort_by=created&logical_operator=and&page=1&size=20&scope_workspace=05b7f7ca-9aa1-4810-a73e-e935b0731b2a&name=local&type=artifact_store HTTP/1.1" 200 OK
INFO:     127.0.0.1:55692 - "GET /api/v1/flavors/56152d6c-2acd-4593-b993-aa3fa87c206c?hydrate=True HTTP/1.1" 200 OK
INFO:     127.0.0.1:55692 - "GET /api/v1/artifacts?hydrate=False&sort_by=created&logical_operator=and&page=1&size=20&scope_workspace=05b7f7ca-9aa1-4810-a73e-e935b0731b2a&name=features_target&version=1&only_unused=False HTTP/1.1" 200 OK
INFO:     127.0.0.1:55692 - "GET /api/v1/artifacts/c6af32b7-7ac2-4422-bb5a-2156e3ff4c01?hydrate=True HTTP/1.1" 200 OK
INFO:     127.0.0.1:55692 - "GET /api/v1/components/ed545902-2904-4723-ae5a-b0ffefd4a9c0?hydrate=True HTTP/1.1" 200 OK
INFO:     127.0.0.1:55692 - "GET /api/v1/flavors?hydrate=False&sort_by=created&logical_operator=and&page=1&size=20&scope_workspace=05b7f7ca-9aa1-4810-a73e-e935b0731b2a&name=local&type=artifact_store HTTP/1.1" 200 OK
INFO:     127.0.0.1:55692 - "GET /api/v1/flavors/56152d6c-2acd-4593-b993-aa3fa87c206c?hydrate=True HTTP/1.1" 200 OK
INFO:     127.0.0.1:55712 - "GET / HTTP/1.1" 200 OK
[1;35mGot token from cookie[0m
[31mAuthentication error: error decoding access token[0m
Traceback (most recent call last):
  File "/opt/homebrew/anaconda3/envs/mlops_9/lib/python3.11/site-packages/zenml/zen_server/jwt.py", line 79, in decode_token
    claims_data = jwt.decode(
                  ^^^^^^^^^^^
  File "/opt/homebrew/anaconda3/envs/mlops_9/lib/python3.11/site-packages/jwt/api_jwt.py", line 210, in decode
    decoded = self.decode_complete(
              ^^^^^^^^^^^^^^^^^^^^^
  File "/opt/homebrew/anaconda3/envs/mlops_9/lib/python3.11/site-packages/jwt/api_jwt.py", line 151, in decode_complete
    decoded = api_jws.decode_complete(
              ^^^^^^^^^^^^^^^^^^^^^^^^
  File "/opt/homebrew/anaconda3/envs/mlops_9/lib/python3.11/site-packages/jwt/api_jws.py", line 209, in decode_complete
    self._verify_signature(signing_input, header, signature, key, algorithms)
  File "/opt/homebrew/anaconda3/envs/mlops_9/lib/python3.11/site-packages/jwt/api_jws.py", line 310, in _verify_signature
    raise InvalidSignatureError("Signature verification failed")
jwt.exceptions.InvalidSignatureError: Signature verification failed

The above exception was the direct cause of the following exception:

Traceback (most recent call last):
  File "/opt/homebrew/anaconda3/envs/mlops_9/lib/python3.11/site-packages/zenml/zen_server/auth.py", line 238, in authenticate_credentials
    decoded_token = JWTToken.decode_token(
                    ^^^^^^^^^^^^^^^^^^^^^^
  File "/opt/homebrew/anaconda3/envs/mlops_9/lib/python3.11/site-packages/zenml/zen_server/jwt.py", line 90, in decode_token
    raise AuthorizationException(f"Invalid JWT token: {e}") from e
zenml.exceptions.AuthorizationException: Invalid JWT token: Signature verification failed
INFO:     127.0.0.1:55712 - "GET /api/v1/workspaces HTTP/1.1" 401 Unauthorized
INFO:     127.0.0.1:55714 - "GET /api/v1/info HTTP/1.1" 200 OK
INFO:     127.0.0.1:55712 - "GET /workspaces/default HTTP/1.1" 200 OK
[1;35mGot token from cookie[0m
[31mAuthentication error: error decoding access token[0m
Traceback (most recent call last):
  File "/opt/homebrew/anaconda3/envs/mlops_9/lib/python3.11/site-packages/zenml/zen_server/jwt.py", line 79, in decode_token
    claims_data = jwt.decode(
                  ^^^^^^^^^^^
  File "/opt/homebrew/anaconda3/envs/mlops_9/lib/python3.11/site-packages/jwt/api_jwt.py", line 210, in decode
    decoded = self.decode_complete(
              ^^^^^^^^^^^^^^^^^^^^^
  File "/opt/homebrew/anaconda3/envs/mlops_9/lib/python3.11/site-packages/jwt/api_jwt.py", line 151, in decode_complete
    decoded = api_jws.decode_complete(
              ^^^^^^^^^^^^^^^^^^^^^^^^
  File "/opt/homebrew/anaconda3/envs/mlops_9/lib/python3.11/site-packages/jwt/api_jws.py", line 209, in decode_complete
    self._verify_signature(signing_input, header, signature, key, algorithms)
  File "/opt/homebrew/anaconda3/envs/mlops_9/lib/python3.11/site-packages/jwt/api_jws.py", line 310, in _verify_signature
    raise InvalidSignatureError("Signature verification failed")
jwt.exceptions.InvalidSignatureError: Signature verification failed

The above exception was the direct cause of the following exception:

Traceback (most recent call last):
  File "/opt/homebrew/anaconda3/envs/mlops_9/lib/python3.11/site-packages/zenml/zen_server/auth.py", line 238, in authenticate_credentials
    decoded_token = JWTToken.decode_token(
                    ^^^^^^^^^^^^^^^^^^^^^^
  File "/opt/homebrew/anaconda3/envs/mlops_9/lib/python3.11/site-packages/zenml/zen_server/jwt.py", line 90, in decode_token
    raise AuthorizationException(f"Invalid JWT token: {e}") from e
zenml.exceptions.AuthorizationException: Invalid JWT token: Signature verification failed
INFO:     127.0.0.1:55712 - "GET /api/v1/workspaces HTTP/1.1" 401 Unauthorized
INFO:     127.0.0.1:55714 - "GET /api/v1/info HTTP/1.1" 200 OK
INFO:     127.0.0.1:55780 - "GET /api/v1/info HTTP/1.1" 200 OK
INFO:     127.0.0.1:55780 - "GET /api/v1/workspaces/default?hydrate=True HTTP/1.1" 200 OK
INFO:     127.0.0.1:55780 - "GET /api/v1/stacks/9be8546d-b4d6-4b4a-9510-c0a6c9727025?hydrate=True HTTP/1.1" 200 OK
INFO:     127.0.0.1:55780 - "GET /api/v1/workspaces/default?hydrate=True HTTP/1.1" 200 OK
INFO:     127.0.0.1:55780 - "GET /api/v1/workspaces/default?hydrate=True HTTP/1.1" 200 OK
INFO:     127.0.0.1:55780 - "GET /api/v1/stacks/9be8546d-b4d6-4b4a-9510-c0a6c9727025?hydrate=True HTTP/1.1" 200 OK
INFO:     127.0.0.1:55780 - "GET /api/v1/artifacts?hydrate=False&sort_by=created&logical_operator=and&page=1&size=20&scope_workspace=05b7f7ca-9aa1-4810-a73e-e935b0731b2a&name=features_target&version=1&only_unused=False HTTP/1.1" 200 OK
INFO:     127.0.0.1:55780 - "GET /api/v1/artifacts/c6af32b7-7ac2-4422-bb5a-2156e3ff4c01?hydrate=True HTTP/1.1" 200 OK
INFO:     127.0.0.1:55780 - "GET /api/v1/components/ed545902-2904-4723-ae5a-b0ffefd4a9c0?hydrate=True HTTP/1.1" 200 OK
INFO:     127.0.0.1:55780 - "GET /api/v1/flavors?hydrate=False&sort_by=created&logical_operator=and&page=1&size=20&scope_workspace=05b7f7ca-9aa1-4810-a73e-e935b0731b2a&name=local&type=artifact_store HTTP/1.1" 200 OK
INFO:     127.0.0.1:55780 - "GET /api/v1/flavors/56152d6c-2acd-4593-b993-aa3fa87c206c?hydrate=True HTTP/1.1" 200 OK
INFO:     127.0.0.1:55780 - "GET /api/v1/artifacts?hydrate=False&sort_by=created&logical_operator=and&page=1&size=20&scope_workspace=05b7f7ca-9aa1-4810-a73e-e935b0731b2a&name=features_target&version=1&only_unused=False HTTP/1.1" 200 OK
INFO:     127.0.0.1:55780 - "GET /api/v1/artifacts/c6af32b7-7ac2-4422-bb5a-2156e3ff4c01?hydrate=True HTTP/1.1" 200 OK
INFO:     127.0.0.1:55780 - "GET /api/v1/components/ed545902-2904-4723-ae5a-b0ffefd4a9c0?hydrate=True HTTP/1.1" 200 OK
INFO:     127.0.0.1:55780 - "GET /api/v1/flavors?hydrate=False&sort_by=created&logical_operator=and&page=1&size=20&scope_workspace=05b7f7ca-9aa1-4810-a73e-e935b0731b2a&name=local&type=artifact_store HTTP/1.1" 200 OK
INFO:     127.0.0.1:55780 - "GET /api/v1/flavors/56152d6c-2acd-4593-b993-aa3fa87c206c?hydrate=True HTTP/1.1" 200 OK
INFO:     Shutting down
INFO:     Waiting for application shutdown.
INFO:     Application shutdown complete.
INFO:     Finished server process [28587]
Handling signal 15...
Cleanup: terminating children processes...
Cleanup: removing PID file /Users/Sofa/Desktop/Innopolis/MLOps/ApartmentPrice/services/zenml/zen_server/local/service.pid...
Cleanup: terminating children processes...
