[1;35mLoading service daemon configuration from /home/kama/Documents/MLOps/ApartmentPrice/services/zenml/zen_server/local/service.json[0m
[1;35mStarting ZenML Server as blocking process... press CTRL+C once to stop it.[0m
INFO:     Started server process [48767]
INFO:     Waiting for application startup.
INFO:     Application startup complete.
INFO:     Uvicorn running on http://127.0.0.1:8237 (Press CTRL+C to quit)
INFO:     127.0.0.1:39278 - "HEAD /health HTTP/1.1" 200 OK
INFO:     127.0.0.1:39280 - "HEAD /health HTTP/1.1" 200 OK
INFO:     127.0.0.1:39284 - "HEAD /health HTTP/1.1" 200 OK
INFO:     127.0.0.1:39292 - "HEAD /health HTTP/1.1" 200 OK
INFO:     127.0.0.1:39304 - "HEAD /health HTTP/1.1" 200 OK
INFO:     127.0.0.1:39308 - "HEAD /health HTTP/1.1" 200 OK
INFO:     127.0.0.1:39314 - "POST /api/v1/login HTTP/1.1" 200 OK
INFO:     127.0.0.1:39316 - "GET /api/v1/info HTTP/1.1" 200 OK
INFO:     127.0.0.1:39316 - "GET /api/v1/workspaces/default?hydrate=True HTTP/1.1" 200 OK
INFO:     127.0.0.1:39316 - "GET /api/v1/stacks/7f33c402-c8fa-4290-bc2a-51ebe45f53cf?hydrate=True HTTP/1.1" 200 OK
INFO:     127.0.0.1:39316 - "GET /api/v1/info HTTP/1.1" 200 OK
INFO:     127.0.0.1:39316 - "GET /api/v1/current-user?hydrate=True HTTP/1.1" 200 OK
INFO:     127.0.0.1:39316 - "GET /api/v1/info HTTP/1.1" 200 OK
[1;35mGot token from cookie[0m
[31mAuthentication error: error decoding access token[0m
Traceback (most recent call last):
  File "/home/kama/anaconda3/envs/mlops/lib/python3.11/site-packages/zenml/zen_server/jwt.py", line 79, in decode_token
    claims_data = jwt.decode(
                  ^^^^^^^^^^^
  File "/home/kama/anaconda3/envs/mlops/lib/python3.11/site-packages/jwt/api_jwt.py", line 210, in decode
    decoded = self.decode_complete(
              ^^^^^^^^^^^^^^^^^^^^^
  File "/home/kama/anaconda3/envs/mlops/lib/python3.11/site-packages/jwt/api_jwt.py", line 151, in decode_complete
    decoded = api_jws.decode_complete(
              ^^^^^^^^^^^^^^^^^^^^^^^^
  File "/home/kama/anaconda3/envs/mlops/lib/python3.11/site-packages/jwt/api_jws.py", line 209, in decode_complete
    self._verify_signature(signing_input, header, signature, key, algorithms)
  File "/home/kama/anaconda3/envs/mlops/lib/python3.11/site-packages/jwt/api_jws.py", line 310, in _verify_signature
    raise InvalidSignatureError("Signature verification failed")
jwt.exceptions.InvalidSignatureError: Signature verification failed

The above exception was the direct cause of the following exception:

Traceback (most recent call last):
  File "/home/kama/anaconda3/envs/mlops/lib/python3.11/site-packages/zenml/zen_server/auth.py", line 238, in authenticate_credentials
    decoded_token = JWTToken.decode_token(
                    ^^^^^^^^^^^^^^^^^^^^^^
  File "/home/kama/anaconda3/envs/mlops/lib/python3.11/site-packages/zenml/zen_server/jwt.py", line 90, in decode_token
    raise AuthorizationException(f"Invalid JWT token: {e}") from e
zenml.exceptions.AuthorizationException: Invalid JWT token: Signature verification failed
INFO:     127.0.0.1:39318 - "GET /api/v1/workspaces/default/pipelines?sort_by=desc:created&logical_operator=and&page=1&size=10 HTTP/1.1" 401 Unauthorized
INFO:     127.0.0.1:39318 - "GET /api/v1/info HTTP/1.1" 200 OK
INFO:     127.0.0.1:39330 - "GET /api/v1/info HTTP/1.1" 200 OK
INFO:     127.0.0.1:39334 - "POST /api/v1/login HTTP/1.1" 200 OK
[1;35mGot token from cookie[0m
[1;35mGot token from cookie[0m
[1;35mGot token from cookie[0m
INFO:     127.0.0.1:39340 - "GET /api/v1/current-user HTTP/1.1" 200 OK
INFO:     127.0.0.1:39344 - "GET /api/v1/component-types HTTP/1.1" 200 OK
INFO:     127.0.0.1:39334 - "GET /api/v1/workspaces HTTP/1.1" 200 OK
[1;35mGot token from cookie[0m
INFO:     127.0.0.1:39344 - "GET /api/v1/workspaces//pipelines?sort_by=desc:created&logical_operator=and&page=1&size=10 HTTP/1.1" 404 Not Found
INFO:     127.0.0.1:39350 - "GET /api/v1/workspaces//pipelines?sort_by=desc:created&logical_operator=and&page=1&size=10 HTTP/1.1" 404 Not Found
INFO:     127.0.0.1:39340 - "GET /api/v1/info HTTP/1.1" 200 OK
INFO:     127.0.0.1:39334 - "GET /api/v1/workspaces HTTP/1.1" 200 OK
INFO:     127.0.0.1:39350 - "GET /api/v1/info HTTP/1.1" 200 OK
[1;35mGot token from cookie[0m
INFO:     127.0.0.1:39340 - "GET /api/v1/workspaces HTTP/1.1" 200 OK
[1;35mGot token from cookie[0m
INFO:     127.0.0.1:41282 - "GET /api/v1/workspaces/default/pipelines?sort_by=desc:created&logical_operator=and HTTP/1.1" 200 OK
INFO:     127.0.0.1:41282 - "GET /workspaces/default/pipelines/list?page=1 HTTP/1.1" 200 OK
[1;35mGot token from cookie[0m
[1;35mGot token from cookie[0m
INFO:     127.0.0.1:41306 - "GET /api/v1/info HTTP/1.1" 200 OK
INFO:     127.0.0.1:41282 - "GET /api/v1/workspaces HTTP/1.1" 200 OK
INFO:     127.0.0.1:41296 - "GET /api/v1/workspaces/default/pipelines?sort_by=desc:created&logical_operator=and&page=1&size=10 HTTP/1.1" 200 OK
[1;35mGot token from cookie[0m
INFO:     127.0.0.1:52498 - "GET /api/v1/workspaces/default/pipelines?sort_by=desc:created&logical_operator=and&page=1&size=10 HTTP/1.1" 200 OK
[1;35mGot token from cookie[0m
INFO:     127.0.0.1:52498 - "GET /api/v1/workspaces/default/pipelines?sort_by=desc:created&logical_operator=and&page=1&size=10 HTTP/1.1" 200 OK
[1;35mGot token from cookie[0m
INFO:     127.0.0.1:52498 - "GET /api/v1/workspaces/default/pipelines?sort_by=desc:created&logical_operator=and&page=1&size=10 HTTP/1.1" 200 OK
[1;35mGot token from cookie[0m
INFO:     127.0.0.1:52498 - "GET /api/v1/workspaces/default/pipelines?sort_by=desc:created&logical_operator=and&page=1&size=10 HTTP/1.1" 200 OK
[1;35mGot token from cookie[0m
[1;35mGot token from cookie[0m
INFO:     127.0.0.1:52522 - "GET /api/v1/info HTTP/1.1" 200 OK
INFO:     127.0.0.1:52498 - "GET /api/v1/workspaces HTTP/1.1" 200 OK
INFO:     127.0.0.1:52508 - "GET /api/v1/workspaces/default/runs?sort_by=desc:created&logical_operator=and&page=1&size=10 HTTP/1.1" 200 OK
[1;35mGot token from cookie[0m
[1;35mGot token from cookie[0m
INFO:     127.0.0.1:52498 - "GET /api/v1/info HTTP/1.1" 200 OK
INFO:     127.0.0.1:52508 - "GET /api/v1/workspaces HTTP/1.1" 200 OK
INFO:     127.0.0.1:52522 - "GET /api/v1/runs/bfd0b062-dc8e-471a-bca7-c2c9238c6f98 HTTP/1.1" 200 OK
[1;35mGot token from cookie[0m
INFO:     127.0.0.1:52522 - "GET /api/v1/runs/bfd0b062-dc8e-471a-bca7-c2c9238c6f98/graph HTTP/1.1" 200 OK
[1;35mGot token from cookie[0m
INFO:     127.0.0.1:52522 - "GET /api/v1/run-metadata?pipeline_run_id=bfd0b062-dc8e-471a-bca7-c2c9238c6f98&key=orchestrator_url HTTP/1.1" 200 OK
[1;35mGot token from cookie[0m
INFO:     127.0.0.1:53150 - "GET /api/v1/workspaces/default/pipelines?sort_by=desc:created&logical_operator=and&page=1&size=10 HTTP/1.1" 200 OK
